000 (4106318.008.000) 06/12 06:30:59 Job submitted from host: <188.185.16.120:9618?addrs=188.185.16.120-9618+[2001-1458-d00-65--100-39b]-9618&alias=bigbird27.cern.ch&noUDP&sock=schedd_24013_7fc8>
...
040 (4106318.008.000) 06/12 06:31:44 Started transferring input files
	Transferring to host: <188.184.195.173:9618?addrs=188.184.195.173-9618+[2001-1458-301-72--100-117]-9618&alias=b9g47n4276.cern.ch&noUDP&sock=slot1_1_284865_e999_25245>
...
040 (4106318.008.000) 06/12 06:31:44 Finished transferring input files
...
001 (4106318.008.000) 06/12 06:31:45 Job executing on host: <188.184.195.173:9618?addrs=188.184.195.173-9618+[2001-1458-301-72--100-117]-9618&alias=b9g47n4276.cern.ch&noUDP&sock=startd_15794_f2e3>
	SlotName: slot1_1@b9g47n4276.cern.ch
	AvailableGPUs = { GPUs_GPU_386a5d17 }
	CondorScratchDir = "/pool/condor/dir_1272548"
	Cpus = 1
	Disk = 174099
	GPUs = 1
	GPUs_GPU_386a5d17 = [ GlobalMemoryMb = 32494; MaxSupportedVersion = 12040; DriverVersion = 12.4; DeviceUuid = "386a5d17-1310-d820-3b33-a64103c42b52"; DeviceName = "Tesla V100S-PCIE-32GB"; CoresPerCU = 64; ECCEnabled = true; ComputeUnits = 80; ClockMhz = 1597.0; Id = "GPU-386a5d17"; DevicePciBusId = "0000:07:00.0"; Capability = 7.0 ]
	Memory = 2000
...
006 (4106318.008.000) 06/12 06:31:49 Image size of job updated: 13985696
	962  -  MemoryUsage of job (MB)
	984352  -  ResidentSetSize of job (KB)
...
040 (4106318.008.000) 06/12 06:31:49 Started transferring output files
...
040 (4106318.008.000) 06/12 06:31:49 Finished transferring output files
...
005 (4106318.008.000) 06/12 06:31:49 Job terminated.
	(1) Normal termination (return value 126)
		Usr 3 05:19:07, Sys 0 04:57:43  -  Run Remote Usage
		Usr 0 00:00:00, Sys 0 00:00:00  -  Run Local Usage
		Usr 3 05:19:07, Sys 0 04:57:43  -  Total Remote Usage
		Usr 0 00:00:00, Sys 0 00:00:00  -  Total Local Usage
	5709  -  Run Bytes Sent By Job
	231  -  Run Bytes Received By Job
	5709  -  Total Bytes Sent By Job
	231  -  Total Bytes Received By Job
	Partitionable Resources :    Usage  Request Allocated Assigned
	   Cpus                 :                 1         1 
	   Disk (KB)            :       20        1    174099 
	   Gpus (Average)       :                 1         1 "GPU-386a5d17"
	   Memory (MB)          :      962     2000      2000 

	Job terminated of its own accord at 2024-06-12T04:31:49Z with exit-code 126.
...
000 (4121424.008.000) 06/13 12:36:20 Job submitted from host: <188.185.16.120:9618?addrs=188.185.16.120-9618+[2001-1458-d00-65--100-39b]-9618&alias=bigbird27.cern.ch&noUDP&sock=schedd_24013_7fc8>
...
040 (4121424.008.000) 06/13 12:37:12 Started transferring input files
	Transferring to host: <188.184.195.29:9618?addrs=188.184.195.29-9618+[2001-1458-301-72--100-226]-9618&alias=b9g47n8432.cern.ch&noUDP&sock=slot1_1_3386339_eb01_2619>
...
040 (4121424.008.000) 06/13 12:37:12 Finished transferring input files
...
001 (4121424.008.000) 06/13 12:37:13 Job executing on host: <188.184.195.29:9618?addrs=188.184.195.29-9618+[2001-1458-301-72--100-226]-9618&alias=b9g47n8432.cern.ch&noUDP&sock=startd_15648_ce0f>
	SlotName: slot1_1@b9g47n8432.cern.ch
	AvailableGPUs = { GPUs_GPU_52d18a8c }
	CondorScratchDir = "/pool/condor/dir_3901375"
	Cpus = 1
	Disk = 174006
	GPUs = 1
	GPUs_GPU_52d18a8c = [ GlobalMemoryMb = 32494; MaxSupportedVersion = 12040; DriverVersion = 12.4; DeviceUuid = "52d18a8c-e9fe-346e-4034-df2dff2358b1"; DeviceName = "Tesla V100S-PCIE-32GB"; CoresPerCU = 64; ECCEnabled = true; ComputeUnits = 80; ClockMhz = 1597.0; Id = "GPU-52d18a8c"; DevicePciBusId = "0000:07:00.0"; Capability = 7.0 ]
	Memory = 2000
...
006 (4121424.008.000) 06/13 12:37:15 Image size of job updated: 14407296
	3767  -  MemoryUsage of job (MB)
	3857204  -  ResidentSetSize of job (KB)
...
007 (4121424.008.000) 06/13 12:37:15 Shadow exception!
	Error from slot1_1@b9g47n8432.cern.ch: Job has gone over memory limit of 2000 megabytes. Peak usage: 14069 megabytes.
	0  -  Run Bytes Sent By Job
	231  -  Run Bytes Received By Job
...
012 (4121424.008.000) 06/13 12:37:15 Job was held.
	Error from slot1_1@b9g47n8432.cern.ch: Job has gone over memory limit of 2000 megabytes. Peak usage: 14069 megabytes.
	Code 34 Subcode 0
...
000 (4121464.008.000) 06/13 12:45:46 Job submitted from host: <188.185.16.120:9618?addrs=188.185.16.120-9618+[2001-1458-d00-65--100-39b]-9618&alias=bigbird27.cern.ch&noUDP&sock=schedd_24013_7fc8>
...
040 (4121464.008.000) 06/13 12:46:42 Started transferring input files
	Transferring to host: <188.184.195.29:9618?addrs=188.184.195.29-9618+[2001-1458-301-72--100-226]-9618&alias=b9g47n8432.cern.ch&noUDP&sock=slot1_1_3386339_eb01_2646>
...
040 (4121464.008.000) 06/13 12:46:42 Finished transferring input files
...
001 (4121464.008.000) 06/13 12:46:43 Job executing on host: <188.184.195.29:9618?addrs=188.184.195.29-9618+[2001-1458-301-72--100-226]-9618&alias=b9g47n8432.cern.ch&noUDP&sock=startd_15648_ce0f>
	SlotName: slot1_1@b9g47n8432.cern.ch
	AvailableGPUs = { GPUs_GPU_52d18a8c }
	CondorScratchDir = "/pool/condor/dir_3910280"
	Cpus = 1
	Disk = 173462
	GPUs = 1
	GPUs_GPU_52d18a8c = [ GlobalMemoryMb = 32494; MaxSupportedVersion = 12040; DriverVersion = 12.4; DeviceUuid = "52d18a8c-e9fe-346e-4034-df2dff2358b1"; DeviceName = "Tesla V100S-PCIE-32GB"; CoresPerCU = 64; ECCEnabled = true; ComputeUnits = 80; ClockMhz = 1597.0; Id = "GPU-52d18a8c"; DevicePciBusId = "0000:07:00.0"; Capability = 7.0 ]
	Memory = 2000
...
006 (4121464.008.000) 06/13 12:46:51 Image size of job updated: 14407296
	4318  -  MemoryUsage of job (MB)
	4420848  -  ResidentSetSize of job (KB)
...
007 (4121464.008.000) 06/13 12:47:03 Shadow exception!
	Error from slot1_1@b9g47n8432.cern.ch: Job has gone over memory limit of 2000 megabytes. Peak usage: 14069 megabytes.
	0  -  Run Bytes Sent By Job
	231  -  Run Bytes Received By Job
...
012 (4121464.008.000) 06/13 12:47:03 Job was held.
	Error from slot1_1@b9g47n8432.cern.ch: Job has gone over memory limit of 2000 megabytes. Peak usage: 14069 megabytes.
	Code 34 Subcode 0
...
009 (4121424.008.000) 06/14 12:37:37 Job was aborted.
	Job removed by SYSTEM_PERIODIC_REMOVE due to wall time exceeded allowed max.
...
009 (4121464.008.000) 06/14 12:47:51 Job was aborted.
	Job removed by SYSTEM_PERIODIC_REMOVE due to wall time exceeded allowed max.
...
000 (4558790.008.000) 07/31 12:46:51 Job submitted from host: <188.185.16.120:9618?addrs=188.185.16.120-9618+[2001-1458-d00-65--100-39b]-9618&alias=bigbird27.cern.ch&noUDP&sock=schedd_24013_7fc8>
...
040 (4558790.008.000) 07/31 12:58:48 Started transferring input files
	Transferring to host: <188.184.195.242:9618?addrs=188.184.195.242-9618+[2001-1458-301-72--100-1f9]-9618&alias=b9g47n8171.cern.ch&noUDP&sock=slot1_1_989424_7724_62735>
...
040 (4558790.008.000) 07/31 12:58:48 Finished transferring input files
...
001 (4558790.008.000) 07/31 12:58:49 Job executing on host: <188.184.195.242:9618?addrs=188.184.195.242-9618+[2001-1458-301-72--100-1f9]-9618&alias=b9g47n8171.cern.ch&noUDP&sock=startd_15841_2fd7>
	SlotName: slot1_1@b9g47n8171.cern.ch
	AvailableGPUs = { GPUs_GPU_b66aaef1 }
	CondorScratchDir = "/pool/condor/dir_1623675"
	Cpus = 1
	Disk = 176007
	GPUs = 1
	GPUs_GPU_b66aaef1 = [ GlobalMemoryMb = 32494; MaxSupportedVersion = 12040; DriverVersion = 12.4; DeviceUuid = "b66aaef1-7a45-dc3a-20b9-6fc19b6dfe68"; DeviceName = "Tesla V100S-PCIE-32GB"; CoresPerCU = 64; ECCEnabled = true; ComputeUnits = 80; ClockMhz = 1597.0; Id = "GPU-b66aaef1"; DevicePciBusId = "0000:07:00.0"; Capability = 7.0 ]
	Memory = 2000
...
006 (4558790.008.000) 07/31 12:58:58 Image size of job updated: 107772
	105  -  MemoryUsage of job (MB)
	107512  -  ResidentSetSize of job (KB)
...
006 (4558790.008.000) 07/31 12:59:10 Image size of job updated: 460756
	105  -  MemoryUsage of job (MB)
	107512  -  ResidentSetSize of job (KB)
...
040 (4558790.008.000) 07/31 12:59:10 Started transferring output files
...
040 (4558790.008.000) 07/31 12:59:10 Finished transferring output files
...
005 (4558790.008.000) 07/31 12:59:10 Job terminated.
	(1) Normal termination (return value 0)
		Usr 0 00:00:07, Sys 0 00:00:03  -  Run Remote Usage
		Usr 0 00:00:00, Sys 0 00:00:00  -  Run Local Usage
		Usr 0 00:00:07, Sys 0 00:00:03  -  Total Remote Usage
		Usr 0 00:00:00, Sys 0 00:00:00  -  Total Local Usage
	8526  -  Run Bytes Sent By Job
	250  -  Run Bytes Received By Job
	8526  -  Total Bytes Sent By Job
	250  -  Total Bytes Received By Job
	Partitionable Resources :    Usage  Request Allocated Assigned
	   Cpus                 :                 1         1 
	   Disk (KB)            :       24        1    176007 
	   Gpus (Average)       :                 1         1 "GPU-b66aaef1"
	   Memory (MB)          :      105     2000      2000 

	Job terminated of its own accord at 2024-07-31T10:59:10Z with exit-code 0.
...
000 (4558799.008.000) 07/31 13:36:26 Job submitted from host: <188.185.16.120:9618?addrs=188.185.16.120-9618+[2001-1458-d00-65--100-39b]-9618&alias=bigbird27.cern.ch&noUDP&sock=schedd_24013_7fc8>
...
040 (4558799.008.000) 07/31 13:40:28 Started transferring input files
	Transferring to host: <188.184.195.242:9618?addrs=188.184.195.242-9618+[2001-1458-301-72--100-1f9]-9618&alias=b9g47n8171.cern.ch&noUDP&sock=slot1_1_989424_7724_62810>
...
040 (4558799.008.000) 07/31 13:40:28 Finished transferring input files
...
001 (4558799.008.000) 07/31 13:40:29 Job executing on host: <188.184.195.242:9618?addrs=188.184.195.242-9618+[2001-1458-301-72--100-1f9]-9618&alias=b9g47n8171.cern.ch&noUDP&sock=startd_15841_2fd7>
	SlotName: slot1_1@b9g47n8171.cern.ch
	AvailableGPUs = { GPUs_GPU_b66aaef1 }
	CondorScratchDir = "/pool/condor/dir_1633590"
	Cpus = 1
	Disk = 176005
	GPUs = 1
	GPUs_GPU_b66aaef1 = [ GlobalMemoryMb = 32494; MaxSupportedVersion = 12040; DriverVersion = 12.4; DeviceUuid = "b66aaef1-7a45-dc3a-20b9-6fc19b6dfe68"; DeviceName = "Tesla V100S-PCIE-32GB"; CoresPerCU = 64; ECCEnabled = true; ComputeUnits = 80; ClockMhz = 1597.0; Id = "GPU-b66aaef1"; DevicePciBusId = "0000:07:00.0"; Capability = 7.0 ]
	Memory = 2000
...
006 (4558799.008.000) 07/31 13:40:37 Image size of job updated: 107924
	105  -  MemoryUsage of job (MB)
	107420  -  ResidentSetSize of job (KB)
...
006 (4558799.008.000) 07/31 13:40:49 Image size of job updated: 460316
	105  -  MemoryUsage of job (MB)
	107420  -  ResidentSetSize of job (KB)
...
040 (4558799.008.000) 07/31 13:40:49 Started transferring output files
...
040 (4558799.008.000) 07/31 13:40:49 Finished transferring output files
...
005 (4558799.008.000) 07/31 13:40:49 Job terminated.
	(1) Normal termination (return value 0)
		Usr 0 00:00:07, Sys 0 00:00:02  -  Run Remote Usage
		Usr 0 00:00:00, Sys 0 00:00:00  -  Run Local Usage
		Usr 0 00:00:07, Sys 0 00:00:02  -  Total Remote Usage
		Usr 0 00:00:00, Sys 0 00:00:00  -  Total Local Usage
	7115  -  Run Bytes Sent By Job
	253  -  Run Bytes Received By Job
	7115  -  Total Bytes Sent By Job
	253  -  Total Bytes Received By Job
	Partitionable Resources :    Usage  Request Allocated Assigned
	   Cpus                 :                 1         1 
	   Disk (KB)            :       23        1    176005 
	   Gpus (Average)       :                 1         1 "GPU-b66aaef1"
	   Memory (MB)          :      105     2000      2000 

	Job terminated of its own accord at 2024-07-31T11:40:49Z with exit-code 0.
...
