000 (4106318.034.000) 06/12 06:30:59 Job submitted from host: <188.185.16.120:9618?addrs=188.185.16.120-9618+[2001-1458-d00-65--100-39b]-9618&alias=bigbird27.cern.ch&noUDP&sock=schedd_24013_7fc8>
...
040 (4106318.034.000) 06/12 06:31:57 Started transferring input files
	Transferring to host: <188.184.195.129:9618?addrs=188.184.195.129-9618+[2001-1458-301-72--100-223]-9618&alias=b9g47n3856.cern.ch&noUDP&sock=slot1_1_170479_a0ae_26010>
...
040 (4106318.034.000) 06/12 06:31:57 Finished transferring input files
...
001 (4106318.034.000) 06/12 06:31:58 Job executing on host: <188.184.195.129:9618?addrs=188.184.195.129-9618+[2001-1458-301-72--100-223]-9618&alias=b9g47n3856.cern.ch&noUDP&sock=startd_15654_eba1>
	SlotName: slot1_1@b9g47n3856.cern.ch
	AvailableGPUs = { GPUs_GPU_49ed0b80 }
	CondorScratchDir = "/pool/condor/dir_1054536"
	Cpus = 1
	Disk = 174717
	GPUs = 1
	GPUs_GPU_49ed0b80 = [ GlobalMemoryMb = 32494; MaxSupportedVersion = 12040; DriverVersion = 12.4; DeviceUuid = "49ed0b80-4447-5229-b392-e02f88b937cc"; DeviceName = "Tesla V100S-PCIE-32GB"; CoresPerCU = 64; ECCEnabled = true; ComputeUnits = 80; ClockMhz = 1597.0; Id = "GPU-49ed0b80"; DevicePciBusId = "0000:07:00.0"; Capability = 7.0 ]
	Memory = 2000
...
006 (4106318.034.000) 06/12 06:32:00 Image size of job updated: 14156712
	1118  -  MemoryUsage of job (MB)
	1144760  -  ResidentSetSize of job (KB)
...
040 (4106318.034.000) 06/12 06:32:00 Started transferring output files
...
040 (4106318.034.000) 06/12 06:32:00 Finished transferring output files
...
005 (4106318.034.000) 06/12 06:32:00 Job terminated.
	(1) Normal termination (return value 126)
		Usr 1 07:34:35, Sys 0 03:46:12  -  Run Remote Usage
		Usr 0 00:00:00, Sys 0 00:00:00  -  Run Local Usage
		Usr 1 07:34:35, Sys 0 03:46:12  -  Total Remote Usage
		Usr 0 00:00:00, Sys 0 00:00:00  -  Total Local Usage
	5710  -  Run Bytes Sent By Job
	231  -  Run Bytes Received By Job
	5710  -  Total Bytes Sent By Job
	231  -  Total Bytes Received By Job
	Partitionable Resources :    Usage  Request Allocated Assigned
	   Cpus                 :                 1         1 
	   Disk (KB)            :       21        1    174717 
	   Gpus (Average)       :                 1         1 "GPU-49ed0b80"
	   Memory (MB)          :     1118     2000      2000 

	Job terminated of its own accord at 2024-06-12T04:32:00Z with exit-code 126.
...
000 (4121424.034.000) 06/13 12:36:20 Job submitted from host: <188.185.16.120:9618?addrs=188.185.16.120-9618+[2001-1458-d00-65--100-39b]-9618&alias=bigbird27.cern.ch&noUDP&sock=schedd_24013_7fc8>
...
040 (4121424.034.000) 06/13 12:37:38 Started transferring input files
	Transferring to host: <188.184.195.29:9618?addrs=188.184.195.29-9618+[2001-1458-301-72--100-226]-9618&alias=b9g47n8432.cern.ch&noUDP&sock=slot1_1_3386339_eb01_2627>
...
040 (4121424.034.000) 06/13 12:37:38 Finished transferring input files
...
001 (4121424.034.000) 06/13 12:37:39 Job executing on host: <188.184.195.29:9618?addrs=188.184.195.29-9618+[2001-1458-301-72--100-226]-9618&alias=b9g47n8432.cern.ch&noUDP&sock=startd_15648_ce0f>
	SlotName: slot1_1@b9g47n8432.cern.ch
	AvailableGPUs = { GPUs_GPU_52d18a8c }
	CondorScratchDir = "/pool/condor/dir_3903795"
	Cpus = 1
	Disk = 174006
	GPUs = 1
	GPUs_GPU_52d18a8c = [ GlobalMemoryMb = 32494; MaxSupportedVersion = 12040; DriverVersion = 12.4; DeviceUuid = "52d18a8c-e9fe-346e-4034-df2dff2358b1"; DeviceName = "Tesla V100S-PCIE-32GB"; CoresPerCU = 64; ECCEnabled = true; ComputeUnits = 80; ClockMhz = 1597.0; Id = "GPU-52d18a8c"; DevicePciBusId = "0000:07:00.0"; Capability = 7.0 ]
	Memory = 2000
...
006 (4121424.034.000) 06/13 12:37:40 Image size of job updated: 14407296
	3767  -  MemoryUsage of job (MB)
	3857248  -  ResidentSetSize of job (KB)
...
007 (4121424.034.000) 06/13 12:37:40 Shadow exception!
	Error from slot1_1@b9g47n8432.cern.ch: Job has gone over memory limit of 2000 megabytes. Peak usage: 14069 megabytes.
	0  -  Run Bytes Sent By Job
	231  -  Run Bytes Received By Job
...
012 (4121424.034.000) 06/13 12:37:40 Job was held.
	Error from slot1_1@b9g47n8432.cern.ch: Job has gone over memory limit of 2000 megabytes. Peak usage: 14069 megabytes.
	Code 34 Subcode 0
...
000 (4121464.034.000) 06/13 12:45:46 Job submitted from host: <188.185.16.120:9618?addrs=188.185.16.120-9618+[2001-1458-d00-65--100-39b]-9618&alias=bigbird27.cern.ch&noUDP&sock=schedd_24013_7fc8>
...
040 (4121464.034.000) 06/13 12:49:04 Started transferring input files
	Transferring to host: <188.184.195.173:9618?addrs=188.184.195.173-9618+[2001-1458-301-72--100-117]-9618&alias=b9g47n4276.cern.ch&noUDP&sock=slot1_1_284865_e999_26111>
...
040 (4121464.034.000) 06/13 12:49:04 Finished transferring input files
...
001 (4121464.034.000) 06/13 12:49:05 Job executing on host: <188.184.195.173:9618?addrs=188.184.195.173-9618+[2001-1458-301-72--100-117]-9618&alias=b9g47n4276.cern.ch&noUDP&sock=startd_15794_f2e3>
	SlotName: slot1_1@b9g47n4276.cern.ch
	AvailableGPUs = { GPUs_GPU_386a5d17 }
	CondorScratchDir = "/pool/condor/dir_1480648"
	Cpus = 1
	Disk = 172485
	GPUs = 1
	GPUs_GPU_386a5d17 = [ GlobalMemoryMb = 32494; MaxSupportedVersion = 12040; DriverVersion = 12.4; DeviceUuid = "386a5d17-1310-d820-3b33-a64103c42b52"; DeviceName = "Tesla V100S-PCIE-32GB"; CoresPerCU = 64; ECCEnabled = true; ComputeUnits = 80; ClockMhz = 1597.0; Id = "GPU-386a5d17"; DevicePciBusId = "0000:07:00.0"; Capability = 7.0 ]
	Memory = 2000
...
006 (4121464.034.000) 06/13 12:49:13 Image size of job updated: 13985696
	3748  -  MemoryUsage of job (MB)
	3837104  -  ResidentSetSize of job (KB)
...
040 (4121464.034.000) 06/13 12:49:25 Started transferring output files
...
040 (4121464.034.000) 06/13 12:49:25 Finished transferring output files
...
005 (4121464.034.000) 06/13 12:49:25 Job terminated.
	(1) Normal termination (return value 0)
		Usr 3 15:39:18, Sys 0 05:16:20  -  Run Remote Usage
		Usr 0 00:00:00, Sys 0 00:00:00  -  Run Local Usage
		Usr 3 15:39:18, Sys 0 05:16:20  -  Total Remote Usage
		Usr 0 00:00:00, Sys 0 00:00:00  -  Total Local Usage
	8870  -  Run Bytes Sent By Job
	231  -  Run Bytes Received By Job
	8870  -  Total Bytes Sent By Job
	231  -  Total Bytes Received By Job
	Partitionable Resources :    Usage  Request Allocated Assigned
	   Cpus                 :                 1         1 
	   Disk (KB)            :       23        1    172485 
	   Gpus (Average)       :                 1         1 "GPU-386a5d17"
	   Memory (MB)          :     3748     2000      2000 

	Job terminated of its own accord at 2024-06-13T10:49:25Z with exit-code 0.
...
009 (4121424.034.000) 06/14 12:39:12 Job was aborted.
	Job removed by SYSTEM_PERIODIC_REMOVE due to wall time exceeded allowed max.
...
000 (4558790.034.000) 07/31 12:46:52 Job submitted from host: <188.185.16.120:9618?addrs=188.185.16.120-9618+[2001-1458-d00-65--100-39b]-9618&alias=bigbird27.cern.ch&noUDP&sock=schedd_24013_7fc8>
...
040 (4558790.034.000) 07/31 13:03:29 Started transferring input files
	Transferring to host: <188.184.195.242:9618?addrs=188.184.195.242-9618+[2001-1458-301-72--100-1f9]-9618&alias=b9g47n8171.cern.ch&noUDP&sock=slot1_1_989424_7724_62747>
...
040 (4558790.034.000) 07/31 13:03:29 Finished transferring input files
...
001 (4558790.034.000) 07/31 13:03:30 Job executing on host: <188.184.195.242:9618?addrs=188.184.195.242-9618+[2001-1458-301-72--100-1f9]-9618&alias=b9g47n8171.cern.ch&noUDP&sock=startd_15841_2fd7>
	SlotName: slot1_1@b9g47n8171.cern.ch
	AvailableGPUs = { GPUs_GPU_b66aaef1 }
	CondorScratchDir = "/pool/condor/dir_1627153"
	Cpus = 1
	Disk = 176007
	GPUs = 1
	GPUs_GPU_b66aaef1 = [ GlobalMemoryMb = 32494; MaxSupportedVersion = 12040; DriverVersion = 12.4; DeviceUuid = "b66aaef1-7a45-dc3a-20b9-6fc19b6dfe68"; DeviceName = "Tesla V100S-PCIE-32GB"; CoresPerCU = 64; ECCEnabled = true; ComputeUnits = 80; ClockMhz = 1597.0; Id = "GPU-b66aaef1"; DevicePciBusId = "0000:07:00.0"; Capability = 7.0 ]
	Memory = 2000
...
006 (4558790.034.000) 07/31 13:03:38 Image size of job updated: 107752
	105  -  MemoryUsage of job (MB)
	107400  -  ResidentSetSize of job (KB)
...
006 (4558790.034.000) 07/31 13:03:50 Image size of job updated: 460320
	105  -  MemoryUsage of job (MB)
	107400  -  ResidentSetSize of job (KB)
...
040 (4558790.034.000) 07/31 13:03:50 Started transferring output files
...
040 (4558790.034.000) 07/31 13:03:50 Finished transferring output files
...
005 (4558790.034.000) 07/31 13:03:50 Job terminated.
	(1) Normal termination (return value 0)
		Usr 0 00:00:07, Sys 0 00:00:02  -  Run Remote Usage
		Usr 0 00:00:00, Sys 0 00:00:00  -  Run Local Usage
		Usr 0 00:00:07, Sys 0 00:00:02  -  Total Remote Usage
		Usr 0 00:00:00, Sys 0 00:00:00  -  Total Local Usage
	7029  -  Run Bytes Sent By Job
	250  -  Run Bytes Received By Job
	7029  -  Total Bytes Sent By Job
	250  -  Total Bytes Received By Job
	Partitionable Resources :    Usage  Request Allocated Assigned
	   Cpus                 :                 1         1 
	   Disk (KB)            :       23        1    176007 
	   Gpus (Average)       :                 1         1 "GPU-b66aaef1"
	   Memory (MB)          :      105     2000      2000 

	Job terminated of its own accord at 2024-07-31T11:03:50Z with exit-code 0.
...
000 (4558799.034.000) 07/31 13:36:26 Job submitted from host: <188.185.16.120:9618?addrs=188.185.16.120-9618+[2001-1458-d00-65--100-39b]-9618&alias=bigbird27.cern.ch&noUDP&sock=schedd_24013_7fc8>
...
040 (4558799.034.000) 07/31 13:50:51 Started transferring input files
	Transferring to host: <188.184.195.242:9618?addrs=188.184.195.242-9618+[2001-1458-301-72--100-1f9]-9618&alias=b9g47n8171.cern.ch&noUDP&sock=slot1_1_989424_7724_62841>
...
040 (4558799.034.000) 07/31 13:50:51 Finished transferring input files
...
001 (4558799.034.000) 07/31 13:50:52 Job executing on host: <188.184.195.242:9618?addrs=188.184.195.242-9618+[2001-1458-301-72--100-1f9]-9618&alias=b9g47n8171.cern.ch&noUDP&sock=startd_15841_2fd7>
	SlotName: slot1_1@b9g47n8171.cern.ch
	AvailableGPUs = { GPUs_GPU_b66aaef1 }
	CondorScratchDir = "/pool/condor/dir_1646411"
	Cpus = 1
	Disk = 175992
	GPUs = 1
	GPUs_GPU_b66aaef1 = [ GlobalMemoryMb = 32494; MaxSupportedVersion = 12040; DriverVersion = 12.4; DeviceUuid = "b66aaef1-7a45-dc3a-20b9-6fc19b6dfe68"; DeviceName = "Tesla V100S-PCIE-32GB"; CoresPerCU = 64; ECCEnabled = true; ComputeUnits = 80; ClockMhz = 1597.0; Id = "GPU-b66aaef1"; DevicePciBusId = "0000:07:00.0"; Capability = 7.0 ]
	Memory = 2000
...
006 (4558799.034.000) 07/31 13:51:01 Image size of job updated: 107860
	105  -  MemoryUsage of job (MB)
	107428  -  ResidentSetSize of job (KB)
...
006 (4558799.034.000) 07/31 13:51:13 Image size of job updated: 460316
	105  -  MemoryUsage of job (MB)
	107428  -  ResidentSetSize of job (KB)
...
040 (4558799.034.000) 07/31 13:51:13 Started transferring output files
...
040 (4558799.034.000) 07/31 13:51:13 Finished transferring output files
...
005 (4558799.034.000) 07/31 13:51:13 Job terminated.
	(1) Normal termination (return value 0)
		Usr 0 00:00:07, Sys 0 00:00:02  -  Run Remote Usage
		Usr 0 00:00:00, Sys 0 00:00:00  -  Run Local Usage
		Usr 0 00:00:07, Sys 0 00:00:02  -  Total Remote Usage
		Usr 0 00:00:00, Sys 0 00:00:00  -  Total Local Usage
	7115  -  Run Bytes Sent By Job
	253  -  Run Bytes Received By Job
	7115  -  Total Bytes Sent By Job
	253  -  Total Bytes Received By Job
	Partitionable Resources :    Usage  Request Allocated Assigned
	   Cpus                 :                 1         1 
	   Disk (KB)            :       23        1    175992 
	   Gpus (Average)       :                 1         1 "GPU-b66aaef1"
	   Memory (MB)          :      105     2000      2000 

	Job terminated of its own accord at 2024-07-31T11:51:13Z with exit-code 0.
...
