000 (4004733.003.000) 06/06 15:51:17 Job submitted from host: <188.185.16.120:9618?addrs=188.185.16.120-9618+[2001-1458-d00-65--100-39b]-9618&alias=bigbird27.cern.ch&noUDP&sock=schedd_24013_7fc8>
...
040 (4004733.003.000) 06/06 15:51:40 Started transferring input files
	Transferring to host: <128.142.241.41:9618?addrs=128.142.241.41-9618+[2001-1458-301-ce--100-a0]-9618&alias=b9g47n3159.cern.ch&noUDP&sock=slot1_1_3131908_42f7_6958>
...
040 (4004733.003.000) 06/06 15:51:40 Finished transferring input files
...
001 (4004733.003.000) 06/06 15:51:41 Job executing on host: <128.142.241.41:9618?addrs=128.142.241.41-9618+[2001-1458-301-ce--100-a0]-9618&alias=b9g47n3159.cern.ch&noUDP&sock=startd_15743_f78f>
	SlotName: slot1_1@b9g47n3159.cern.ch
	AvailableGPUs = { GPUs_GPU_31ab8d1c }
	CondorScratchDir = "/pool/condor/dir_553487"
	Cpus = 1
	Disk = 87713
	GPUs = 1
	GPUs_GPU_31ab8d1c = [ GlobalMemoryMb = 32494; MaxSupportedVersion = 12040; DriverVersion = 12.4; DeviceUuid = "31ab8d1c-60f9-dfc1-9486-3aa0f3ad8dd6"; DeviceName = "Tesla V100-PCIE-32GB"; CoresPerCU = 64; ECCEnabled = true; ComputeUnits = 80; ClockMhz = 1380.0; Id = "GPU-31ab8d1c"; DevicePciBusId = "0000:07:00.0"; Capability = 7.0 ]
	Memory = 2000
...
006 (4004733.003.000) 06/06 15:51:46 Image size of job updated: 58096
	31  -  MemoryUsage of job (MB)
	31724  -  ResidentSetSize of job (KB)
...
040 (4004733.003.000) 06/06 15:51:46 Started transferring output files
...
040 (4004733.003.000) 06/06 15:51:46 Finished transferring output files
...
005 (4004733.003.000) 06/06 15:51:46 Job terminated.
	(1) Normal termination (return value 126)
		Usr 0 00:00:01, Sys 0 00:00:01  -  Run Remote Usage
		Usr 0 00:00:00, Sys 0 00:00:00  -  Run Local Usage
		Usr 0 00:00:01, Sys 0 00:00:01  -  Total Remote Usage
		Usr 0 00:00:00, Sys 0 00:00:00  -  Total Local Usage
	4890  -  Run Bytes Sent By Job
	231  -  Run Bytes Received By Job
	4890  -  Total Bytes Sent By Job
	231  -  Total Bytes Received By Job
	Partitionable Resources :    Usage  Request Allocated Assigned
	   Cpus                 :                 1         1 
	   Disk (KB)            :       19        1     87713 
	   Gpus (Average)       :                 1         1 "GPU-31ab8d1c"
	   Memory (MB)          :       31     2000      2000 

	Job terminated of its own accord at 2024-06-06T13:51:46Z with exit-code 126.
...
000 (4106318.003.000) 06/12 06:30:59 Job submitted from host: <188.185.16.120:9618?addrs=188.185.16.120-9618+[2001-1458-d00-65--100-39b]-9618&alias=bigbird27.cern.ch&noUDP&sock=schedd_24013_7fc8>
...
040 (4106318.003.000) 06/12 06:31:43 Started transferring input files
	Transferring to host: <188.184.195.143:9618?addrs=188.184.195.143-9618+[2001-1458-301-72--100-43]-9618&alias=b9g47n6314.cern.ch&noUDP&sock=slot1_1_2714750_b673_11773>
...
040 (4106318.003.000) 06/12 06:31:43 Finished transferring input files
...
001 (4106318.003.000) 06/12 06:31:44 Job executing on host: <188.184.195.143:9618?addrs=188.184.195.143-9618+[2001-1458-301-72--100-43]-9618&alias=b9g47n6314.cern.ch&noUDP&sock=startd_4897_835e>
	SlotName: slot1_1@b9g47n6314.cern.ch
	AvailableGPUs = { GPUs_GPU_5dec0905 }
	CondorScratchDir = "/pool/condor/dir_1093425"
	Cpus = 1
	Disk = 174854
	GPUs = 1
	GPUs_GPU_5dec0905 = [ GlobalMemoryMb = 32494; MaxSupportedVersion = 12040; DriverVersion = 12.4; DeviceUuid = "5dec0905-9263-7ed1-d04c-caa2279b8d21"; DeviceName = "Tesla V100S-PCIE-32GB"; CoresPerCU = 64; ECCEnabled = true; ComputeUnits = 80; ClockMhz = 1597.0; Id = "GPU-5dec0905"; DevicePciBusId = "0000:07:00.0"; Capability = 7.0 ]
	Memory = 2000
...
006 (4106318.003.000) 06/12 06:31:49 Image size of job updated: 14101060
	246  -  MemoryUsage of job (MB)
	251616  -  ResidentSetSize of job (KB)
...
040 (4106318.003.000) 06/12 06:31:49 Started transferring output files
...
040 (4106318.003.000) 06/12 06:31:49 Finished transferring output files
...
005 (4106318.003.000) 06/12 06:31:49 Job terminated.
	(1) Normal termination (return value 126)
		Usr 1 13:41:48, Sys 0 17:50:16  -  Run Remote Usage
		Usr 0 00:00:00, Sys 0 00:00:00  -  Run Local Usage
		Usr 1 13:41:48, Sys 0 17:50:16  -  Total Remote Usage
		Usr 0 00:00:00, Sys 0 00:00:00  -  Total Local Usage
	5709  -  Run Bytes Sent By Job
	231  -  Run Bytes Received By Job
	5709  -  Total Bytes Sent By Job
	231  -  Total Bytes Received By Job
	Partitionable Resources :    Usage  Request Allocated Assigned
	   Cpus                 :                 1         1 
	   Disk (KB)            :       20        1    174854 
	   Gpus (Average)       :                 1         1 "GPU-5dec0905"
	   Memory (MB)          :      246     2000      2000 

	Job terminated of its own accord at 2024-06-12T04:31:49Z with exit-code 126.
...
000 (4121424.003.000) 06/13 12:36:20 Job submitted from host: <188.185.16.120:9618?addrs=188.185.16.120-9618+[2001-1458-d00-65--100-39b]-9618&alias=bigbird27.cern.ch&noUDP&sock=schedd_24013_7fc8>
...
040 (4121424.003.000) 06/13 12:37:05 Started transferring input files
	Transferring to host: <188.184.195.66:9618?addrs=188.184.195.66-9618+[2001-1458-301-72--100-179]-9618&alias=b9g47n0340.cern.ch&noUDP&sock=slot1_1_3657465_b653_14584>
...
040 (4121424.003.000) 06/13 12:37:05 Finished transferring input files
...
001 (4121424.003.000) 06/13 12:37:06 Job executing on host: <188.184.195.66:9618?addrs=188.184.195.66-9618+[2001-1458-301-72--100-179]-9618&alias=b9g47n0340.cern.ch&noUDP&sock=startd_15724_ef42>
	SlotName: slot1_1@b9g47n0340.cern.ch
	AvailableGPUs = { GPUs_GPU_62e6a7b2 }
	CondorScratchDir = "/pool/condor/dir_2472956"
	Cpus = 1
	Disk = 170774
	GPUs = 1
	GPUs_GPU_62e6a7b2 = [ GlobalMemoryMb = 32494; MaxSupportedVersion = 12040; DriverVersion = 12.4; DeviceUuid = "62e6a7b2-07d5-b7f6-24de-e679df367f40"; DeviceName = "Tesla V100S-PCIE-32GB"; CoresPerCU = 64; ECCEnabled = true; ComputeUnits = 80; ClockMhz = 1597.0; Id = "GPU-62e6a7b2"; DevicePciBusId = "0000:07:00.0"; Capability = 7.0 ]
	Memory = 2000
...
006 (4121424.003.000) 06/13 12:37:13 Image size of job updated: 13857932
	730  -  MemoryUsage of job (MB)
	746740  -  ResidentSetSize of job (KB)
...
040 (4121424.003.000) 06/13 12:37:13 Started transferring output files
...
040 (4121424.003.000) 06/13 12:37:13 Finished transferring output files
...
005 (4121424.003.000) 06/13 12:37:13 Job terminated.
	(1) Normal termination (return value 126)
		Usr 4 17:54:55, Sys 3 23:11:34  -  Run Remote Usage
		Usr 0 00:00:00, Sys 0 00:00:00  -  Run Local Usage
		Usr 4 17:54:55, Sys 3 23:11:34  -  Total Remote Usage
		Usr 0 00:00:00, Sys 0 00:00:00  -  Total Local Usage
	5255  -  Run Bytes Sent By Job
	231  -  Run Bytes Received By Job
	5255  -  Total Bytes Sent By Job
	231  -  Total Bytes Received By Job
	Partitionable Resources :    Usage  Request Allocated Assigned
	   Cpus                 :                 1         1 
	   Disk (KB)            :       20        1    170774 
	   Gpus (Average)       :                 1         1 "GPU-62e6a7b2"
	   Memory (MB)          :      730     2000      2000 

	Job terminated of its own accord at 2024-06-13T10:37:13Z with exit-code 126.
...
000 (4121464.003.000) 06/13 12:45:46 Job submitted from host: <188.185.16.120:9618?addrs=188.185.16.120-9618+[2001-1458-d00-65--100-39b]-9618&alias=bigbird27.cern.ch&noUDP&sock=schedd_24013_7fc8>
...
040 (4121464.003.000) 06/13 12:46:07 Started transferring input files
	Transferring to host: <188.184.195.66:9618?addrs=188.184.195.66-9618+[2001-1458-301-72--100-179]-9618&alias=b9g47n0340.cern.ch&noUDP&sock=slot1_1_3657465_b653_14594>
...
040 (4121464.003.000) 06/13 12:46:07 Finished transferring input files
...
001 (4121464.003.000) 06/13 12:46:08 Job executing on host: <188.184.195.66:9618?addrs=188.184.195.66-9618+[2001-1458-301-72--100-179]-9618&alias=b9g47n0340.cern.ch&noUDP&sock=startd_15724_ef42>
	SlotName: slot1_1@b9g47n0340.cern.ch
	AvailableGPUs = { GPUs_GPU_62e6a7b2 }
	CondorScratchDir = "/pool/condor/dir_2475286"
	Cpus = 1
	Disk = 170381
	GPUs = 1
	GPUs_GPU_62e6a7b2 = [ GlobalMemoryMb = 32494; MaxSupportedVersion = 12040; DriverVersion = 12.4; DeviceUuid = "62e6a7b2-07d5-b7f6-24de-e679df367f40"; DeviceName = "Tesla V100S-PCIE-32GB"; CoresPerCU = 64; ECCEnabled = true; ComputeUnits = 80; ClockMhz = 1597.0; Id = "GPU-62e6a7b2"; DevicePciBusId = "0000:07:00.0"; Capability = 7.0 ]
	Memory = 2000
...
006 (4121464.003.000) 06/13 12:46:16 Image size of job updated: 13857932
	871  -  MemoryUsage of job (MB)
	891132  -  ResidentSetSize of job (KB)
...
006 (4121464.003.000) 06/13 12:46:48 Image size of job updated: 13857932
	1176  -  MemoryUsage of job (MB)
	1203296  -  ResidentSetSize of job (KB)
...
040 (4121464.003.000) 06/13 12:46:48 Started transferring output files
...
040 (4121464.003.000) 06/13 12:46:48 Finished transferring output files
...
005 (4121464.003.000) 06/13 12:46:48 Job terminated.
	(1) Normal termination (return value 0)
		Usr 4 17:55:08, Sys 3 23:11:42  -  Run Remote Usage
		Usr 0 00:00:00, Sys 0 00:00:00  -  Run Local Usage
		Usr 4 17:55:08, Sys 3 23:11:42  -  Total Remote Usage
		Usr 0 00:00:00, Sys 0 00:00:00  -  Total Local Usage
	8870  -  Run Bytes Sent By Job
	231  -  Run Bytes Received By Job
	8870  -  Total Bytes Sent By Job
	231  -  Total Bytes Received By Job
	Partitionable Resources :    Usage  Request Allocated Assigned
	   Cpus                 :                 1         1 
	   Disk (KB)            :       23        1    170381 
	   Gpus (Average)       :                 1         1 "GPU-62e6a7b2"
	   Memory (MB)          :     1176     2000      2000 

	Job terminated of its own accord at 2024-06-13T10:46:48Z with exit-code 0.
...
000 (4558790.003.000) 07/31 12:46:51 Job submitted from host: <188.185.16.120:9618?addrs=188.185.16.120-9618+[2001-1458-d00-65--100-39b]-9618&alias=bigbird27.cern.ch&noUDP&sock=schedd_24013_7fc8>
...
040 (4558790.003.000) 07/31 12:56:25 Started transferring input files
	Transferring to host: <188.184.195.52:9618?addrs=188.184.195.52-9618+[2001-1458-301-72--100-373]-9618&alias=b9g47n5793.cern.ch&noUDP&sock=slot1_1_3200431_e9fa_23498>
...
040 (4558790.003.000) 07/31 12:56:25 Finished transferring input files
...
001 (4558790.003.000) 07/31 12:56:26 Job executing on host: <188.184.195.52:9618?addrs=188.184.195.52-9618+[2001-1458-301-72--100-373]-9618&alias=b9g47n5793.cern.ch&noUDP&sock=startd_15829_f4b4>
	SlotName: slot1_1@b9g47n5793.cern.ch
	AvailableGPUs = { GPUs_GPU_39c03a24 }
	CondorScratchDir = "/pool/condor/dir_3374235"
	Cpus = 1
	Disk = 169578
	GPUs = 1
	GPUs_GPU_39c03a24 = [ GlobalMemoryMb = 32494; MaxSupportedVersion = 12040; DriverVersion = 12.4; DeviceUuid = "39c03a24-7224-d560-030e-7a742064eb2c"; DeviceName = "Tesla V100S-PCIE-32GB"; CoresPerCU = 64; ECCEnabled = true; ComputeUnits = 80; ClockMhz = 1597.0; Id = "GPU-39c03a24"; DevicePciBusId = "0000:07:00.0"; Capability = 7.0 ]
	Memory = 2000
...
006 (4558790.003.000) 07/31 12:56:35 Image size of job updated: 107772
	106  -  MemoryUsage of job (MB)
	107664  -  ResidentSetSize of job (KB)
...
006 (4558790.003.000) 07/31 12:56:52 Image size of job updated: 460456
	106  -  MemoryUsage of job (MB)
	107664  -  ResidentSetSize of job (KB)
...
040 (4558790.003.000) 07/31 12:56:52 Started transferring output files
...
040 (4558790.003.000) 07/31 12:56:52 Finished transferring output files
...
005 (4558790.003.000) 07/31 12:56:52 Job terminated.
	(1) Normal termination (return value 0)
		Usr 0 00:00:08, Sys 0 00:00:03  -  Run Remote Usage
		Usr 0 00:00:00, Sys 0 00:00:00  -  Run Local Usage
		Usr 0 00:00:08, Sys 0 00:00:03  -  Total Remote Usage
		Usr 0 00:00:00, Sys 0 00:00:00  -  Total Local Usage
	8528  -  Run Bytes Sent By Job
	250  -  Run Bytes Received By Job
	8528  -  Total Bytes Sent By Job
	250  -  Total Bytes Received By Job
	Partitionable Resources :    Usage  Request Allocated Assigned
	   Cpus                 :                 1         1 
	   Disk (KB)            :       24        1    169578 
	   Gpus (Average)       :                 1         1 "GPU-39c03a24"
	   Memory (MB)          :      106     2000      2000 

	Job terminated of its own accord at 2024-07-31T10:56:52Z with exit-code 0.
...
000 (4558799.003.000) 07/31 13:36:25 Job submitted from host: <188.185.16.120:9618?addrs=188.185.16.120-9618+[2001-1458-d00-65--100-39b]-9618&alias=bigbird27.cern.ch&noUDP&sock=schedd_24013_7fc8>
...
040 (4558799.003.000) 07/31 13:38:29 Started transferring input files
	Transferring to host: <188.184.195.242:9618?addrs=188.184.195.242-9618+[2001-1458-301-72--100-1f9]-9618&alias=b9g47n8171.cern.ch&noUDP&sock=slot1_1_989424_7724_62805>
...
040 (4558799.003.000) 07/31 13:38:29 Finished transferring input files
...
001 (4558799.003.000) 07/31 13:38:30 Job executing on host: <188.184.195.242:9618?addrs=188.184.195.242-9618+[2001-1458-301-72--100-1f9]-9618&alias=b9g47n8171.cern.ch&noUDP&sock=startd_15841_2fd7>
	SlotName: slot1_1@b9g47n8171.cern.ch
	AvailableGPUs = { GPUs_GPU_b66aaef1 }
	CondorScratchDir = "/pool/condor/dir_1631865"
	Cpus = 1
	Disk = 176005
	GPUs = 1
	GPUs_GPU_b66aaef1 = [ GlobalMemoryMb = 32494; MaxSupportedVersion = 12040; DriverVersion = 12.4; DeviceUuid = "b66aaef1-7a45-dc3a-20b9-6fc19b6dfe68"; DeviceName = "Tesla V100S-PCIE-32GB"; CoresPerCU = 64; ECCEnabled = true; ComputeUnits = 80; ClockMhz = 1597.0; Id = "GPU-b66aaef1"; DevicePciBusId = "0000:07:00.0"; Capability = 7.0 ]
	Memory = 2000
...
006 (4558799.003.000) 07/31 13:38:38 Image size of job updated: 108180
	106  -  MemoryUsage of job (MB)
	107712  -  ResidentSetSize of job (KB)
...
006 (4558799.003.000) 07/31 13:38:50 Image size of job updated: 461092
	106  -  MemoryUsage of job (MB)
	107712  -  ResidentSetSize of job (KB)
...
040 (4558799.003.000) 07/31 13:38:50 Started transferring output files
...
040 (4558799.003.000) 07/31 13:38:50 Finished transferring output files
...
005 (4558799.003.000) 07/31 13:38:50 Job terminated.
	(1) Normal termination (return value 0)
		Usr 0 00:00:07, Sys 0 00:00:03  -  Run Remote Usage
		Usr 0 00:00:00, Sys 0 00:00:00  -  Run Local Usage
		Usr 0 00:00:07, Sys 0 00:00:03  -  Total Remote Usage
		Usr 0 00:00:00, Sys 0 00:00:00  -  Total Local Usage
	7112  -  Run Bytes Sent By Job
	253  -  Run Bytes Received By Job
	7112  -  Total Bytes Sent By Job
	253  -  Total Bytes Received By Job
	Partitionable Resources :    Usage  Request Allocated Assigned
	   Cpus                 :                 1         1 
	   Disk (KB)            :       23        1    176005 
	   Gpus (Average)       :                 1         1 "GPU-b66aaef1"
	   Memory (MB)          :      106     2000      2000 

	Job terminated of its own accord at 2024-07-31T11:38:50Z with exit-code 0.
...
