000 (4106318.033.000) 06/12 06:30:59 Job submitted from host: <188.185.16.120:9618?addrs=188.185.16.120-9618+[2001-1458-d00-65--100-39b]-9618&alias=bigbird27.cern.ch&noUDP&sock=schedd_24013_7fc8>
...
040 (4106318.033.000) 06/12 06:32:00 Started transferring input files
	Transferring to host: <188.184.195.62:9618?addrs=188.184.195.62-9618+[2001-1458-301-72--100-36d]-9618&alias=b9g47n7532.cern.ch&noUDP&sock=slot1_1_1088167_d773_26021>
...
040 (4106318.033.000) 06/12 06:32:00 Finished transferring input files
...
001 (4106318.033.000) 06/12 06:32:01 Job executing on host: <188.184.195.62:9618?addrs=188.184.195.62-9618+[2001-1458-301-72--100-36d]-9618&alias=b9g47n7532.cern.ch&noUDP&sock=startd_15488_0ee8>
	SlotName: slot1_1@b9g47n7532.cern.ch
	AvailableGPUs = { GPUs_GPU_79da0196 }
	CondorScratchDir = "/pool/condor/dir_2173095"
	Cpus = 1
	Disk = 175797
	GPUs = 1
	GPUs_GPU_79da0196 = [ GlobalMemoryMb = 32494; MaxSupportedVersion = 12040; DriverVersion = 12.4; DeviceUuid = "79da0196-c82c-8eb2-f434-a348c03e4cd8"; DeviceName = "Tesla V100S-PCIE-32GB"; CoresPerCU = 64; ECCEnabled = true; ComputeUnits = 80; ClockMhz = 1597.0; Id = "GPU-79da0196"; DevicePciBusId = "0000:07:00.0"; Capability = 7.0 ]
	Memory = 2000
...
006 (4106318.033.000) 06/12 06:32:03 Image size of job updated: 13929304
	409  -  MemoryUsage of job (MB)
	418416  -  ResidentSetSize of job (KB)
...
040 (4106318.033.000) 06/12 06:32:03 Started transferring output files
...
040 (4106318.033.000) 06/12 06:32:03 Finished transferring output files
...
005 (4106318.033.000) 06/12 06:32:03 Job terminated.
	(1) Normal termination (return value 126)
		Usr 1 18:02:26, Sys 0 01:17:16  -  Run Remote Usage
		Usr 0 00:00:00, Sys 0 00:00:00  -  Run Local Usage
		Usr 1 18:02:26, Sys 0 01:17:16  -  Total Remote Usage
		Usr 0 00:00:00, Sys 0 00:00:00  -  Total Local Usage
	5710  -  Run Bytes Sent By Job
	231  -  Run Bytes Received By Job
	5710  -  Total Bytes Sent By Job
	231  -  Total Bytes Received By Job
	Partitionable Resources :    Usage  Request Allocated Assigned
	   Cpus                 :                 1         1 
	   Disk (KB)            :       21        1    175797 
	   Gpus (Average)       :                 1         1 "GPU-79da0196"
	   Memory (MB)          :      409     2000      2000 

	Job terminated of its own accord at 2024-06-12T04:32:03Z with exit-code 126.
...
000 (4121424.033.000) 06/13 12:36:20 Job submitted from host: <188.185.16.120:9618?addrs=188.185.16.120-9618+[2001-1458-d00-65--100-39b]-9618&alias=bigbird27.cern.ch&noUDP&sock=schedd_24013_7fc8>
...
040 (4121424.033.000) 06/13 12:37:34 Started transferring input files
	Transferring to host: <188.184.195.29:9618?addrs=188.184.195.29-9618+[2001-1458-301-72--100-226]-9618&alias=b9g47n8432.cern.ch&noUDP&sock=slot1_1_3386339_eb01_2626>
...
040 (4121424.033.000) 06/13 12:37:34 Finished transferring input files
...
001 (4121424.033.000) 06/13 12:37:35 Job executing on host: <188.184.195.29:9618?addrs=188.184.195.29-9618+[2001-1458-301-72--100-226]-9618&alias=b9g47n8432.cern.ch&noUDP&sock=startd_15648_ce0f>
	SlotName: slot1_1@b9g47n8432.cern.ch
	AvailableGPUs = { GPUs_GPU_52d18a8c }
	CondorScratchDir = "/pool/condor/dir_3903493"
	Cpus = 1
	Disk = 174006
	GPUs = 1
	GPUs_GPU_52d18a8c = [ GlobalMemoryMb = 32494; MaxSupportedVersion = 12040; DriverVersion = 12.4; DeviceUuid = "52d18a8c-e9fe-346e-4034-df2dff2358b1"; DeviceName = "Tesla V100S-PCIE-32GB"; CoresPerCU = 64; ECCEnabled = true; ComputeUnits = 80; ClockMhz = 1597.0; Id = "GPU-52d18a8c"; DevicePciBusId = "0000:07:00.0"; Capability = 7.0 ]
	Memory = 2000
...
006 (4121424.033.000) 06/13 12:37:37 Image size of job updated: 14407296
	3767  -  MemoryUsage of job (MB)
	3857236  -  ResidentSetSize of job (KB)
...
007 (4121424.033.000) 06/13 12:37:37 Shadow exception!
	Error from slot1_1@b9g47n8432.cern.ch: Job has gone over memory limit of 2000 megabytes. Peak usage: 14069 megabytes.
	0  -  Run Bytes Sent By Job
	231  -  Run Bytes Received By Job
...
012 (4121424.033.000) 06/13 12:37:37 Job was held.
	Error from slot1_1@b9g47n8432.cern.ch: Job has gone over memory limit of 2000 megabytes. Peak usage: 14069 megabytes.
	Code 34 Subcode 0
...
000 (4121464.033.000) 06/13 12:45:46 Job submitted from host: <188.185.16.120:9618?addrs=188.185.16.120-9618+[2001-1458-d00-65--100-39b]-9618&alias=bigbird27.cern.ch&noUDP&sock=schedd_24013_7fc8>
...
040 (4121464.033.000) 06/13 12:49:04 Started transferring input files
	Transferring to host: <188.184.195.156:9618?addrs=188.184.195.156-9618+[2001-1458-301-72--100-74]-9618&alias=b9g47n2206.cern.ch&noUDP&sock=slot1_1_561778_2bf6_30903>
...
040 (4121464.033.000) 06/13 12:49:04 Finished transferring input files
...
001 (4121464.033.000) 06/13 12:49:05 Job executing on host: <188.184.195.156:9618?addrs=188.184.195.156-9618+[2001-1458-301-72--100-74]-9618&alias=b9g47n2206.cern.ch&noUDP&sock=startd_1318856_18c3>
	SlotName: slot1_1@b9g47n2206.cern.ch
	AvailableGPUs = { GPUs_GPU_8692f1ae }
	CondorScratchDir = "/pool/condor/dir_2806012"
	Cpus = 1
	Disk = 172811
	GPUs = 1
	GPUs_GPU_8692f1ae = [ GlobalMemoryMb = 32494; MaxSupportedVersion = 12040; DriverVersion = 12.4; DeviceUuid = "8692f1ae-2f64-25cc-077a-fccf8f069c06"; DeviceName = "Tesla V100S-PCIE-32GB"; CoresPerCU = 64; ECCEnabled = true; ComputeUnits = 80; ClockMhz = 1597.0; Id = "GPU-8692f1ae"; DevicePciBusId = "0000:07:00.0"; Capability = 7.0 ]
	Memory = 2000
...
006 (4121464.033.000) 06/13 12:49:13 Image size of job updated: 108128
	106  -  MemoryUsage of job (MB)
	107840  -  ResidentSetSize of job (KB)
...
006 (4121464.033.000) 06/13 12:49:25 Image size of job updated: 461284
	106  -  MemoryUsage of job (MB)
	107840  -  ResidentSetSize of job (KB)
...
040 (4121464.033.000) 06/13 12:49:25 Started transferring output files
...
040 (4121464.033.000) 06/13 12:49:25 Finished transferring output files
...
005 (4121464.033.000) 06/13 12:49:25 Job terminated.
	(1) Normal termination (return value 0)
		Usr 0 00:00:07, Sys 0 00:00:03  -  Run Remote Usage
		Usr 0 00:00:00, Sys 0 00:00:00  -  Run Local Usage
		Usr 0 00:00:07, Sys 0 00:00:03  -  Total Remote Usage
		Usr 0 00:00:00, Sys 0 00:00:00  -  Total Local Usage
	8866  -  Run Bytes Sent By Job
	231  -  Run Bytes Received By Job
	8866  -  Total Bytes Sent By Job
	231  -  Total Bytes Received By Job
	Partitionable Resources :    Usage  Request Allocated Assigned
	   Cpus                 :                 1         1 
	   Disk (KB)            :       23        1    172811 
	   Gpus (Average)       :                 1         1 "GPU-8692f1ae"
	   Memory (MB)          :      106     2000      2000 

	Job terminated of its own accord at 2024-06-13T10:49:25Z with exit-code 0.
...
009 (4121424.033.000) 06/14 12:39:12 Job was aborted.
	Job removed by SYSTEM_PERIODIC_REMOVE due to wall time exceeded allowed max.
...
000 (4558790.033.000) 07/31 12:46:52 Job submitted from host: <188.185.16.120:9618?addrs=188.185.16.120-9618+[2001-1458-d00-65--100-39b]-9618&alias=bigbird27.cern.ch&noUDP&sock=schedd_24013_7fc8>
...
040 (4558790.033.000) 07/31 13:03:27 Started transferring input files
	Transferring to host: <188.184.195.46:9618?addrs=188.184.195.46-9618+[2001-1458-301-72--100-249]-9618&alias=b9g47n7913.cern.ch&noUDP&sock=slot1_1_1819379_d81a_42380>
...
040 (4558790.033.000) 07/31 13:03:27 Finished transferring input files
...
001 (4558790.033.000) 07/31 13:03:28 Job executing on host: <188.184.195.46:9618?addrs=188.184.195.46-9618+[2001-1458-301-72--100-249]-9618&alias=b9g47n7913.cern.ch&noUDP&sock=startd_20749_aaa9>
	SlotName: slot1_1@b9g47n7913.cern.ch
	AvailableGPUs = { GPUs_GPU_edfd19f4 }
	CondorScratchDir = "/pool/condor/dir_455936"
	Cpus = 1
	Disk = 170537
	GPUs = 1
	GPUs_GPU_edfd19f4 = [ GlobalMemoryMb = 32494; MaxSupportedVersion = 12040; DriverVersion = 12.4; DeviceUuid = "edfd19f4-c79b-974d-4eb1-2d5a790dbc06"; DeviceName = "Tesla V100S-PCIE-32GB"; CoresPerCU = 64; ECCEnabled = true; ComputeUnits = 80; ClockMhz = 1597.0; Id = "GPU-edfd19f4"; DevicePciBusId = "0000:07:00.0"; Capability = 7.0 ]
	Memory = 2000
...
006 (4558790.033.000) 07/31 13:03:37 Image size of job updated: 107896
	106  -  MemoryUsage of job (MB)
	107664  -  ResidentSetSize of job (KB)
...
006 (4558790.033.000) 07/31 13:03:49 Image size of job updated: 636340
	179  -  MemoryUsage of job (MB)
	182824  -  ResidentSetSize of job (KB)
...
040 (4558790.033.000) 07/31 13:03:49 Started transferring output files
...
040 (4558790.033.000) 07/31 13:03:50 Finished transferring output files
...
005 (4558790.033.000) 07/31 13:03:50 Job terminated.
	(1) Normal termination (return value 0)
		Usr 0 00:00:07, Sys 0 00:00:03  -  Run Remote Usage
		Usr 0 00:00:00, Sys 0 00:00:00  -  Run Local Usage
		Usr 0 00:00:07, Sys 0 00:00:03  -  Total Remote Usage
		Usr 0 00:00:00, Sys 0 00:00:00  -  Total Local Usage
	7035  -  Run Bytes Sent By Job
	250  -  Run Bytes Received By Job
	7035  -  Total Bytes Sent By Job
	250  -  Total Bytes Received By Job
	Partitionable Resources :    Usage  Request Allocated Assigned
	   Cpus                 :                 1         1 
	   Disk (KB)            :       23        1    170537 
	   Gpus (Average)       :                 1         1 "GPU-edfd19f4"
	   Memory (MB)          :      179     2000      2000 

	Job terminated of its own accord at 2024-07-31T11:03:49Z with exit-code 0.
...
000 (4558799.033.000) 07/31 13:36:26 Job submitted from host: <188.185.16.120:9618?addrs=188.185.16.120-9618+[2001-1458-d00-65--100-39b]-9618&alias=bigbird27.cern.ch&noUDP&sock=schedd_24013_7fc8>
...
040 (4558799.033.000) 07/31 13:50:29 Started transferring input files
	Transferring to host: <188.184.195.242:9618?addrs=188.184.195.242-9618+[2001-1458-301-72--100-1f9]-9618&alias=b9g47n8171.cern.ch&noUDP&sock=slot1_1_989424_7724_62839>
...
040 (4558799.033.000) 07/31 13:50:29 Finished transferring input files
...
001 (4558799.033.000) 07/31 13:50:30 Job executing on host: <188.184.195.242:9618?addrs=188.184.195.242-9618+[2001-1458-301-72--100-1f9]-9618&alias=b9g47n8171.cern.ch&noUDP&sock=startd_15841_2fd7>
	SlotName: slot1_1@b9g47n8171.cern.ch
	AvailableGPUs = { GPUs_GPU_b66aaef1 }
	CondorScratchDir = "/pool/condor/dir_1646065"
	Cpus = 1
	Disk = 175992
	GPUs = 1
	GPUs_GPU_b66aaef1 = [ GlobalMemoryMb = 32494; MaxSupportedVersion = 12040; DriverVersion = 12.4; DeviceUuid = "b66aaef1-7a45-dc3a-20b9-6fc19b6dfe68"; DeviceName = "Tesla V100S-PCIE-32GB"; CoresPerCU = 64; ECCEnabled = true; ComputeUnits = 80; ClockMhz = 1597.0; Id = "GPU-b66aaef1"; DevicePciBusId = "0000:07:00.0"; Capability = 7.0 ]
	Memory = 2000
...
006 (4558799.033.000) 07/31 13:50:39 Image size of job updated: 109912
	108  -  MemoryUsage of job (MB)
	109656  -  ResidentSetSize of job (KB)
...
006 (4558799.033.000) 07/31 13:50:51 Image size of job updated: 462896
	108  -  MemoryUsage of job (MB)
	109656  -  ResidentSetSize of job (KB)
...
040 (4558799.033.000) 07/31 13:50:51 Started transferring output files
...
040 (4558799.033.000) 07/31 13:50:51 Finished transferring output files
...
005 (4558799.033.000) 07/31 13:50:51 Job terminated.
	(1) Normal termination (return value 0)
		Usr 0 00:00:07, Sys 0 00:00:03  -  Run Remote Usage
		Usr 0 00:00:00, Sys 0 00:00:00  -  Run Local Usage
		Usr 0 00:00:07, Sys 0 00:00:03  -  Total Remote Usage
		Usr 0 00:00:00, Sys 0 00:00:00  -  Total Local Usage
	7112  -  Run Bytes Sent By Job
	253  -  Run Bytes Received By Job
	7112  -  Total Bytes Sent By Job
	253  -  Total Bytes Received By Job
	Partitionable Resources :    Usage  Request Allocated Assigned
	   Cpus                 :                 1         1 
	   Disk (KB)            :       23        1    175992 
	   Gpus (Average)       :                 1         1 "GPU-b66aaef1"
	   Memory (MB)          :      108     2000      2000 

	Job terminated of its own accord at 2024-07-31T11:50:51Z with exit-code 0.
...
