000 (4106318.006.000) 06/12 06:30:59 Job submitted from host: <188.185.16.120:9618?addrs=188.185.16.120-9618+[2001-1458-d00-65--100-39b]-9618&alias=bigbird27.cern.ch&noUDP&sock=schedd_24013_7fc8>
...
040 (4106318.006.000) 06/12 06:31:44 Started transferring input files
	Transferring to host: <188.184.195.129:9618?addrs=188.184.195.129-9618+[2001-1458-301-72--100-223]-9618&alias=b9g47n3856.cern.ch&noUDP&sock=slot1_1_170479_a0ae_26007>
...
040 (4106318.006.000) 06/12 06:31:44 Finished transferring input files
...
001 (4106318.006.000) 06/12 06:31:45 Job executing on host: <188.184.195.129:9618?addrs=188.184.195.129-9618+[2001-1458-301-72--100-223]-9618&alias=b9g47n3856.cern.ch&noUDP&sock=startd_15654_eba1>
	SlotName: slot1_1@b9g47n3856.cern.ch
	AvailableGPUs = { GPUs_GPU_49ed0b80 }
	CondorScratchDir = "/pool/condor/dir_1053280"
	Cpus = 1
	Disk = 174717
	GPUs = 1
	GPUs_GPU_49ed0b80 = [ GlobalMemoryMb = 32494; MaxSupportedVersion = 12040; DriverVersion = 12.4; DeviceUuid = "49ed0b80-4447-5229-b392-e02f88b937cc"; DeviceName = "Tesla V100S-PCIE-32GB"; CoresPerCU = 64; ECCEnabled = true; ComputeUnits = 80; ClockMhz = 1597.0; Id = "GPU-49ed0b80"; DevicePciBusId = "0000:07:00.0"; Capability = 7.0 ]
	Memory = 2000
...
006 (4106318.006.000) 06/12 06:31:48 Image size of job updated: 14156712
	1118  -  MemoryUsage of job (MB)
	1144752  -  ResidentSetSize of job (KB)
...
040 (4106318.006.000) 06/12 06:31:48 Started transferring output files
...
040 (4106318.006.000) 06/12 06:31:48 Finished transferring output files
...
005 (4106318.006.000) 06/12 06:31:48 Job terminated.
	(1) Normal termination (return value 126)
		Usr 1 07:34:32, Sys 0 03:46:10  -  Run Remote Usage
		Usr 0 00:00:00, Sys 0 00:00:00  -  Run Local Usage
		Usr 1 07:34:32, Sys 0 03:46:10  -  Total Remote Usage
		Usr 0 00:00:00, Sys 0 00:00:00  -  Total Local Usage
	5709  -  Run Bytes Sent By Job
	231  -  Run Bytes Received By Job
	5709  -  Total Bytes Sent By Job
	231  -  Total Bytes Received By Job
	Partitionable Resources :    Usage  Request Allocated Assigned
	   Cpus                 :                 1         1 
	   Disk (KB)            :       20        1    174717 
	   Gpus (Average)       :                 1         1 "GPU-49ed0b80"
	   Memory (MB)          :     1118     2000      2000 

	Job terminated of its own accord at 2024-06-12T04:31:48Z with exit-code 126.
...
000 (4121424.006.000) 06/13 12:36:20 Job submitted from host: <188.185.16.120:9618?addrs=188.185.16.120-9618+[2001-1458-d00-65--100-39b]-9618&alias=bigbird27.cern.ch&noUDP&sock=schedd_24013_7fc8>
...
040 (4121424.006.000) 06/13 12:37:08 Started transferring input files
	Transferring to host: <188.184.195.156:9618?addrs=188.184.195.156-9618+[2001-1458-301-72--100-74]-9618&alias=b9g47n2206.cern.ch&noUDP&sock=slot1_1_561778_2bf6_30885>
...
040 (4121424.006.000) 06/13 12:37:08 Finished transferring input files
...
001 (4121424.006.000) 06/13 12:37:09 Job executing on host: <188.184.195.156:9618?addrs=188.184.195.156-9618+[2001-1458-301-72--100-74]-9618&alias=b9g47n2206.cern.ch&noUDP&sock=startd_1318856_18c3>
	SlotName: slot1_1@b9g47n2206.cern.ch
	AvailableGPUs = { GPUs_GPU_8692f1ae }
	CondorScratchDir = "/pool/condor/dir_2799292"
	Cpus = 1
	Disk = 172882
	GPUs = 1
	GPUs_GPU_8692f1ae = [ GlobalMemoryMb = 32494; MaxSupportedVersion = 12040; DriverVersion = 12.4; DeviceUuid = "8692f1ae-2f64-25cc-077a-fccf8f069c06"; DeviceName = "Tesla V100S-PCIE-32GB"; CoresPerCU = 64; ECCEnabled = true; ComputeUnits = 80; ClockMhz = 1597.0; Id = "GPU-8692f1ae"; DevicePciBusId = "0000:07:00.0"; Capability = 7.0 ]
	Memory = 2000
...
006 (4121424.006.000) 06/13 12:37:11 Image size of job updated: 42240
	1  -  MemoryUsage of job (MB)
	488  -  ResidentSetSize of job (KB)
...
040 (4121424.006.000) 06/13 12:37:11 Started transferring output files
...
040 (4121424.006.000) 06/13 12:37:11 Finished transferring output files
...
005 (4121424.006.000) 06/13 12:37:11 Job terminated.
	(1) Normal termination (return value 126)
		Usr 0 00:00:00, Sys 0 00:00:00  -  Run Remote Usage
		Usr 0 00:00:00, Sys 0 00:00:00  -  Run Local Usage
		Usr 0 00:00:00, Sys 0 00:00:00  -  Total Remote Usage
		Usr 0 00:00:00, Sys 0 00:00:00  -  Total Local Usage
	5255  -  Run Bytes Sent By Job
	231  -  Run Bytes Received By Job
	5255  -  Total Bytes Sent By Job
	231  -  Total Bytes Received By Job
	Partitionable Resources :    Usage  Request Allocated Assigned
	   Cpus                 :                 1         1 
	   Disk (KB)            :       21        1    172882 
	   Gpus (Average)       :                 1         1 "GPU-8692f1ae"
	   Memory (MB)          :        1     2000      2000 

	Job terminated of its own accord at 2024-06-13T10:37:11Z with exit-code 126.
...
000 (4121464.006.000) 06/13 12:45:46 Job submitted from host: <188.185.16.120:9618?addrs=188.185.16.120-9618+[2001-1458-d00-65--100-39b]-9618&alias=bigbird27.cern.ch&noUDP&sock=schedd_24013_7fc8>
...
040 (4121464.006.000) 06/13 12:46:37 Started transferring input files
	Transferring to host: <188.184.195.156:9618?addrs=188.184.195.156-9618+[2001-1458-301-72--100-74]-9618&alias=b9g47n2206.cern.ch&noUDP&sock=slot1_1_561778_2bf6_30896>
...
040 (4121464.006.000) 06/13 12:46:37 Finished transferring input files
...
001 (4121464.006.000) 06/13 12:46:38 Job executing on host: <188.184.195.156:9618?addrs=188.184.195.156-9618+[2001-1458-301-72--100-74]-9618&alias=b9g47n2206.cern.ch&noUDP&sock=startd_1318856_18c3>
	SlotName: slot1_1@b9g47n2206.cern.ch
	AvailableGPUs = { GPUs_GPU_8692f1ae }
	CondorScratchDir = "/pool/condor/dir_2801988"
	Cpus = 1
	Disk = 172840
	GPUs = 1
	GPUs_GPU_8692f1ae = [ GlobalMemoryMb = 32494; MaxSupportedVersion = 12040; DriverVersion = 12.4; DeviceUuid = "8692f1ae-2f64-25cc-077a-fccf8f069c06"; DeviceName = "Tesla V100S-PCIE-32GB"; CoresPerCU = 64; ECCEnabled = true; ComputeUnits = 80; ClockMhz = 1597.0; Id = "GPU-8692f1ae"; DevicePciBusId = "0000:07:00.0"; Capability = 7.0 ]
	Memory = 2000
...
006 (4121464.006.000) 06/13 12:46:46 Image size of job updated: 107828
	105  -  MemoryUsage of job (MB)
	107432  -  ResidentSetSize of job (KB)
...
006 (4121464.006.000) 06/13 12:46:59 Image size of job updated: 460604
	105  -  MemoryUsage of job (MB)
	107432  -  ResidentSetSize of job (KB)
...
040 (4121464.006.000) 06/13 12:46:59 Started transferring output files
...
040 (4121464.006.000) 06/13 12:46:59 Finished transferring output files
...
005 (4121464.006.000) 06/13 12:46:59 Job terminated.
	(1) Normal termination (return value 0)
		Usr 0 00:00:07, Sys 0 00:00:02  -  Run Remote Usage
		Usr 0 00:00:00, Sys 0 00:00:00  -  Run Local Usage
		Usr 0 00:00:07, Sys 0 00:00:02  -  Total Remote Usage
		Usr 0 00:00:00, Sys 0 00:00:00  -  Total Local Usage
	8866  -  Run Bytes Sent By Job
	231  -  Run Bytes Received By Job
	8866  -  Total Bytes Sent By Job
	231  -  Total Bytes Received By Job
	Partitionable Resources :    Usage  Request Allocated Assigned
	   Cpus                 :                 1         1 
	   Disk (KB)            :       25        1    172840 
	   Gpus (Average)       :                 1         1 "GPU-8692f1ae"
	   Memory (MB)          :      105     2000      2000 

	Job terminated of its own accord at 2024-06-13T10:46:59Z with exit-code 0.
...
000 (4558790.006.000) 07/31 12:46:51 Job submitted from host: <188.185.16.120:9618?addrs=188.185.16.120-9618+[2001-1458-d00-65--100-39b]-9618&alias=bigbird27.cern.ch&noUDP&sock=schedd_24013_7fc8>
...
040 (4558790.006.000) 07/31 12:58:26 Started transferring input files
	Transferring to host: <188.184.195.242:9618?addrs=188.184.195.242-9618+[2001-1458-301-72--100-1f9]-9618&alias=b9g47n8171.cern.ch&noUDP&sock=slot1_1_989424_7724_62734>
...
040 (4558790.006.000) 07/31 12:58:26 Finished transferring input files
...
001 (4558790.006.000) 07/31 12:58:27 Job executing on host: <188.184.195.242:9618?addrs=188.184.195.242-9618+[2001-1458-301-72--100-1f9]-9618&alias=b9g47n8171.cern.ch&noUDP&sock=startd_15841_2fd7>
	SlotName: slot1_1@b9g47n8171.cern.ch
	AvailableGPUs = { GPUs_GPU_b66aaef1 }
	CondorScratchDir = "/pool/condor/dir_1623334"
	Cpus = 1
	Disk = 176007
	GPUs = 1
	GPUs_GPU_b66aaef1 = [ GlobalMemoryMb = 32494; MaxSupportedVersion = 12040; DriverVersion = 12.4; DeviceUuid = "b66aaef1-7a45-dc3a-20b9-6fc19b6dfe68"; DeviceName = "Tesla V100S-PCIE-32GB"; CoresPerCU = 64; ECCEnabled = true; ComputeUnits = 80; ClockMhz = 1597.0; Id = "GPU-b66aaef1"; DevicePciBusId = "0000:07:00.0"; Capability = 7.0 ]
	Memory = 2000
...
006 (4558790.006.000) 07/31 12:58:35 Image size of job updated: 107660
	105  -  MemoryUsage of job (MB)
	107404  -  ResidentSetSize of job (KB)
...
006 (4558790.006.000) 07/31 12:58:48 Image size of job updated: 460600
	105  -  MemoryUsage of job (MB)
	107404  -  ResidentSetSize of job (KB)
...
040 (4558790.006.000) 07/31 12:58:48 Started transferring output files
...
040 (4558790.006.000) 07/31 12:58:48 Finished transferring output files
...
005 (4558790.006.000) 07/31 12:58:48 Job terminated.
	(1) Normal termination (return value 0)
		Usr 0 00:00:07, Sys 0 00:00:03  -  Run Remote Usage
		Usr 0 00:00:00, Sys 0 00:00:00  -  Run Local Usage
		Usr 0 00:00:07, Sys 0 00:00:03  -  Total Remote Usage
		Usr 0 00:00:00, Sys 0 00:00:00  -  Total Local Usage
	8522  -  Run Bytes Sent By Job
	250  -  Run Bytes Received By Job
	8522  -  Total Bytes Sent By Job
	250  -  Total Bytes Received By Job
	Partitionable Resources :    Usage  Request Allocated Assigned
	   Cpus                 :                 1         1 
	   Disk (KB)            :       24        1    176007 
	   Gpus (Average)       :                 1         1 "GPU-b66aaef1"
	   Memory (MB)          :      105     2000      2000 

	Job terminated of its own accord at 2024-07-31T10:58:48Z with exit-code 0.
...
000 (4558799.006.000) 07/31 13:36:26 Job submitted from host: <188.185.16.120:9618?addrs=188.185.16.120-9618+[2001-1458-d00-65--100-39b]-9618&alias=bigbird27.cern.ch&noUDP&sock=schedd_24013_7fc8>
...
040 (4558799.006.000) 07/31 13:39:44 Started transferring input files
	Transferring to host: <188.184.195.242:9618?addrs=188.184.195.242-9618+[2001-1458-301-72--100-1f9]-9618&alias=b9g47n8171.cern.ch&noUDP&sock=slot1_1_989424_7724_62808>
...
040 (4558799.006.000) 07/31 13:39:44 Finished transferring input files
...
001 (4558799.006.000) 07/31 13:39:45 Job executing on host: <188.184.195.242:9618?addrs=188.184.195.242-9618+[2001-1458-301-72--100-1f9]-9618&alias=b9g47n8171.cern.ch&noUDP&sock=startd_15841_2fd7>
	SlotName: slot1_1@b9g47n8171.cern.ch
	AvailableGPUs = { GPUs_GPU_b66aaef1 }
	CondorScratchDir = "/pool/condor/dir_1632884"
	Cpus = 1
	Disk = 176005
	GPUs = 1
	GPUs_GPU_b66aaef1 = [ GlobalMemoryMb = 32494; MaxSupportedVersion = 12040; DriverVersion = 12.4; DeviceUuid = "b66aaef1-7a45-dc3a-20b9-6fc19b6dfe68"; DeviceName = "Tesla V100S-PCIE-32GB"; CoresPerCU = 64; ECCEnabled = true; ComputeUnits = 80; ClockMhz = 1597.0; Id = "GPU-b66aaef1"; DevicePciBusId = "0000:07:00.0"; Capability = 7.0 ]
	Memory = 2000
...
006 (4558799.006.000) 07/31 13:39:53 Image size of job updated: 108072
	106  -  MemoryUsage of job (MB)
	107580  -  ResidentSetSize of job (KB)
...
006 (4558799.006.000) 07/31 13:40:05 Image size of job updated: 460816
	106  -  MemoryUsage of job (MB)
	107580  -  ResidentSetSize of job (KB)
...
040 (4558799.006.000) 07/31 13:40:05 Started transferring output files
...
040 (4558799.006.000) 07/31 13:40:05 Finished transferring output files
...
005 (4558799.006.000) 07/31 13:40:05 Job terminated.
	(1) Normal termination (return value 0)
		Usr 0 00:00:07, Sys 0 00:00:03  -  Run Remote Usage
		Usr 0 00:00:00, Sys 0 00:00:00  -  Run Local Usage
		Usr 0 00:00:07, Sys 0 00:00:03  -  Total Remote Usage
		Usr 0 00:00:00, Sys 0 00:00:00  -  Total Local Usage
	7121  -  Run Bytes Sent By Job
	253  -  Run Bytes Received By Job
	7121  -  Total Bytes Sent By Job
	253  -  Total Bytes Received By Job
	Partitionable Resources :    Usage  Request Allocated Assigned
	   Cpus                 :                 1         1 
	   Disk (KB)            :       23        1    176005 
	   Gpus (Average)       :                 1         1 "GPU-b66aaef1"
	   Memory (MB)          :      106     2000      2000 

	Job terminated of its own accord at 2024-07-31T11:40:05Z with exit-code 0.
...
