000 (4106318.029.000) 06/12 06:30:59 Job submitted from host: <188.185.16.120:9618?addrs=188.185.16.120-9618+[2001-1458-d00-65--100-39b]-9618&alias=bigbird27.cern.ch&noUDP&sock=schedd_24013_7fc8>
...
040 (4106318.029.000) 06/12 06:31:54 Started transferring input files
	Transferring to host: <188.184.195.129:9618?addrs=188.184.195.129-9618+[2001-1458-301-72--100-223]-9618&alias=b9g47n3856.cern.ch&noUDP&sock=slot1_1_170479_a0ae_26009>
...
040 (4106318.029.000) 06/12 06:31:54 Finished transferring input files
...
001 (4106318.029.000) 06/12 06:31:55 Job executing on host: <188.184.195.129:9618?addrs=188.184.195.129-9618+[2001-1458-301-72--100-223]-9618&alias=b9g47n3856.cern.ch&noUDP&sock=startd_15654_eba1>
	SlotName: slot1_1@b9g47n3856.cern.ch
	AvailableGPUs = { GPUs_GPU_49ed0b80 }
	CondorScratchDir = "/pool/condor/dir_1054234"
	Cpus = 1
	Disk = 174717
	GPUs = 1
	GPUs_GPU_49ed0b80 = [ GlobalMemoryMb = 32494; MaxSupportedVersion = 12040; DriverVersion = 12.4; DeviceUuid = "49ed0b80-4447-5229-b392-e02f88b937cc"; DeviceName = "Tesla V100S-PCIE-32GB"; CoresPerCU = 64; ECCEnabled = true; ComputeUnits = 80; ClockMhz = 1597.0; Id = "GPU-49ed0b80"; DevicePciBusId = "0000:07:00.0"; Capability = 7.0 ]
	Memory = 2000
...
006 (4106318.029.000) 06/12 06:31:57 Image size of job updated: 14156712
	1118  -  MemoryUsage of job (MB)
	1144756  -  ResidentSetSize of job (KB)
...
040 (4106318.029.000) 06/12 06:31:57 Started transferring output files
...
040 (4106318.029.000) 06/12 06:31:57 Finished transferring output files
...
005 (4106318.029.000) 06/12 06:31:57 Job terminated.
	(1) Normal termination (return value 126)
		Usr 1 07:34:34, Sys 0 03:46:12  -  Run Remote Usage
		Usr 0 00:00:00, Sys 0 00:00:00  -  Run Local Usage
		Usr 1 07:34:34, Sys 0 03:46:12  -  Total Remote Usage
		Usr 0 00:00:00, Sys 0 00:00:00  -  Total Local Usage
	5710  -  Run Bytes Sent By Job
	231  -  Run Bytes Received By Job
	5710  -  Total Bytes Sent By Job
	231  -  Total Bytes Received By Job
	Partitionable Resources :    Usage  Request Allocated Assigned
	   Cpus                 :                 1         1 
	   Disk (KB)            :       21        1    174717 
	   Gpus (Average)       :                 1         1 "GPU-49ed0b80"
	   Memory (MB)          :     1118     2000      2000 

	Job terminated of its own accord at 2024-06-12T04:31:57Z with exit-code 126.
...
000 (4121424.029.000) 06/13 12:36:20 Job submitted from host: <188.185.16.120:9618?addrs=188.185.16.120-9618+[2001-1458-d00-65--100-39b]-9618&alias=bigbird27.cern.ch&noUDP&sock=schedd_24013_7fc8>
...
040 (4121424.029.000) 06/13 12:37:25 Started transferring input files
	Transferring to host: <188.184.195.29:9618?addrs=188.184.195.29-9618+[2001-1458-301-72--100-226]-9618&alias=b9g47n8432.cern.ch&noUDP&sock=slot1_1_3386339_eb01_2623>
...
040 (4121424.029.000) 06/13 12:37:25 Finished transferring input files
...
001 (4121424.029.000) 06/13 12:37:26 Job executing on host: <188.184.195.29:9618?addrs=188.184.195.29-9618+[2001-1458-301-72--100-226]-9618&alias=b9g47n8432.cern.ch&noUDP&sock=startd_15648_ce0f>
	SlotName: slot1_1@b9g47n8432.cern.ch
	AvailableGPUs = { GPUs_GPU_52d18a8c }
	CondorScratchDir = "/pool/condor/dir_3902584"
	Cpus = 1
	Disk = 174006
	GPUs = 1
	GPUs_GPU_52d18a8c = [ GlobalMemoryMb = 32494; MaxSupportedVersion = 12040; DriverVersion = 12.4; DeviceUuid = "52d18a8c-e9fe-346e-4034-df2dff2358b1"; DeviceName = "Tesla V100S-PCIE-32GB"; CoresPerCU = 64; ECCEnabled = true; ComputeUnits = 80; ClockMhz = 1597.0; Id = "GPU-52d18a8c"; DevicePciBusId = "0000:07:00.0"; Capability = 7.0 ]
	Memory = 2000
...
006 (4121424.029.000) 06/13 12:37:28 Image size of job updated: 14407296
	3767  -  MemoryUsage of job (MB)
	3857156  -  ResidentSetSize of job (KB)
...
007 (4121424.029.000) 06/13 12:37:28 Shadow exception!
	Error from slot1_1@b9g47n8432.cern.ch: Job has gone over memory limit of 2000 megabytes. Peak usage: 14069 megabytes.
	0  -  Run Bytes Sent By Job
	231  -  Run Bytes Received By Job
...
012 (4121424.029.000) 06/13 12:37:28 Job was held.
	Error from slot1_1@b9g47n8432.cern.ch: Job has gone over memory limit of 2000 megabytes. Peak usage: 14069 megabytes.
	Code 34 Subcode 0
...
000 (4121464.029.000) 06/13 12:45:46 Job submitted from host: <188.185.16.120:9618?addrs=188.185.16.120-9618+[2001-1458-d00-65--100-39b]-9618&alias=bigbird27.cern.ch&noUDP&sock=schedd_24013_7fc8>
...
040 (4121464.029.000) 06/13 12:48:09 Started transferring input files
	Transferring to host: <188.184.195.29:9618?addrs=188.184.195.29-9618+[2001-1458-301-72--100-226]-9618&alias=b9g47n8432.cern.ch&noUDP&sock=slot1_1_3386339_eb01_2650>
...
040 (4121464.029.000) 06/13 12:48:09 Finished transferring input files
...
001 (4121464.029.000) 06/13 12:48:11 Job executing on host: <188.184.195.29:9618?addrs=188.184.195.29-9618+[2001-1458-301-72--100-226]-9618&alias=b9g47n8432.cern.ch&noUDP&sock=startd_15648_ce0f>
	SlotName: slot1_1@b9g47n8432.cern.ch
	AvailableGPUs = { GPUs_GPU_52d18a8c }
	CondorScratchDir = "/pool/condor/dir_3911608"
	Cpus = 1
	Disk = 173462
	GPUs = 1
	GPUs_GPU_52d18a8c = [ GlobalMemoryMb = 32494; MaxSupportedVersion = 12040; DriverVersion = 12.4; DeviceUuid = "52d18a8c-e9fe-346e-4034-df2dff2358b1"; DeviceName = "Tesla V100S-PCIE-32GB"; CoresPerCU = 64; ECCEnabled = true; ComputeUnits = 80; ClockMhz = 1597.0; Id = "GPU-52d18a8c"; DevicePciBusId = "0000:07:00.0"; Capability = 7.0 ]
	Memory = 2000
...
006 (4121464.029.000) 06/13 12:48:19 Image size of job updated: 14407296
	4318  -  MemoryUsage of job (MB)
	4421000  -  ResidentSetSize of job (KB)
...
007 (4121464.029.000) 06/13 12:48:31 Shadow exception!
	Error from slot1_1@b9g47n8432.cern.ch: Job has gone over memory limit of 2000 megabytes. Peak usage: 14069 megabytes.
	0  -  Run Bytes Sent By Job
	231  -  Run Bytes Received By Job
...
012 (4121464.029.000) 06/13 12:48:31 Job was held.
	Error from slot1_1@b9g47n8432.cern.ch: Job has gone over memory limit of 2000 megabytes. Peak usage: 14069 megabytes.
	Code 34 Subcode 0
...
009 (4121424.029.000) 06/14 12:37:37 Job was aborted.
	Job removed by SYSTEM_PERIODIC_REMOVE due to wall time exceeded allowed max.
...
009 (4121464.029.000) 06/14 12:48:52 Job was aborted.
	Job removed by SYSTEM_PERIODIC_REMOVE due to wall time exceeded allowed max.
...
000 (4558790.029.000) 07/31 12:46:51 Job submitted from host: <188.185.16.120:9618?addrs=188.185.16.120-9618+[2001-1458-d00-65--100-39b]-9618&alias=bigbird27.cern.ch&noUDP&sock=schedd_24013_7fc8>
...
040 (4558790.029.000) 07/31 13:02:44 Started transferring input files
	Transferring to host: <188.184.195.242:9618?addrs=188.184.195.242-9618+[2001-1458-301-72--100-1f9]-9618&alias=b9g47n8171.cern.ch&noUDP&sock=slot1_1_989424_7724_62744>
...
040 (4558790.029.000) 07/31 13:02:44 Finished transferring input files
...
001 (4558790.029.000) 07/31 13:02:45 Job executing on host: <188.184.195.242:9618?addrs=188.184.195.242-9618+[2001-1458-301-72--100-1f9]-9618&alias=b9g47n8171.cern.ch&noUDP&sock=startd_15841_2fd7>
	SlotName: slot1_1@b9g47n8171.cern.ch
	AvailableGPUs = { GPUs_GPU_b66aaef1 }
	CondorScratchDir = "/pool/condor/dir_1626460"
	Cpus = 1
	Disk = 176007
	GPUs = 1
	GPUs_GPU_b66aaef1 = [ GlobalMemoryMb = 32494; MaxSupportedVersion = 12040; DriverVersion = 12.4; DeviceUuid = "b66aaef1-7a45-dc3a-20b9-6fc19b6dfe68"; DeviceName = "Tesla V100S-PCIE-32GB"; CoresPerCU = 64; ECCEnabled = true; ComputeUnits = 80; ClockMhz = 1597.0; Id = "GPU-b66aaef1"; DevicePciBusId = "0000:07:00.0"; Capability = 7.0 ]
	Memory = 2000
...
006 (4558790.029.000) 07/31 13:02:53 Image size of job updated: 107776
	105  -  MemoryUsage of job (MB)
	107416  -  ResidentSetSize of job (KB)
...
006 (4558790.029.000) 07/31 13:03:06 Image size of job updated: 460164
	105  -  MemoryUsage of job (MB)
	107416  -  ResidentSetSize of job (KB)
...
040 (4558790.029.000) 07/31 13:03:06 Started transferring output files
...
040 (4558790.029.000) 07/31 13:03:06 Finished transferring output files
...
005 (4558790.029.000) 07/31 13:03:06 Job terminated.
	(1) Normal termination (return value 0)
		Usr 0 00:00:07, Sys 0 00:00:03  -  Run Remote Usage
		Usr 0 00:00:00, Sys 0 00:00:00  -  Run Local Usage
		Usr 0 00:00:07, Sys 0 00:00:03  -  Total Remote Usage
		Usr 0 00:00:00, Sys 0 00:00:00  -  Total Local Usage
	7041  -  Run Bytes Sent By Job
	250  -  Run Bytes Received By Job
	7041  -  Total Bytes Sent By Job
	250  -  Total Bytes Received By Job
	Partitionable Resources :    Usage  Request Allocated Assigned
	   Cpus                 :                 1         1 
	   Disk (KB)            :       22        1    176007 
	   Gpus (Average)       :                 1         1 "GPU-b66aaef1"
	   Memory (MB)          :      105     2000      2000 

	Job terminated of its own accord at 2024-07-31T11:03:06Z with exit-code 0.
...
000 (4558799.029.000) 07/31 13:36:26 Job submitted from host: <188.185.16.120:9618?addrs=188.185.16.120-9618+[2001-1458-d00-65--100-39b]-9618&alias=bigbird27.cern.ch&noUDP&sock=schedd_24013_7fc8>
...
040 (4558799.029.000) 07/31 13:48:50 Started transferring input files
	Transferring to host: <188.184.195.242:9618?addrs=188.184.195.242-9618+[2001-1458-301-72--100-1f9]-9618&alias=b9g47n8171.cern.ch&noUDP&sock=slot1_1_989424_7724_62835>
...
040 (4558799.029.000) 07/31 13:48:50 Finished transferring input files
...
001 (4558799.029.000) 07/31 13:48:51 Job executing on host: <188.184.195.242:9618?addrs=188.184.195.242-9618+[2001-1458-301-72--100-1f9]-9618&alias=b9g47n8171.cern.ch&noUDP&sock=startd_15841_2fd7>
	SlotName: slot1_1@b9g47n8171.cern.ch
	AvailableGPUs = { GPUs_GPU_b66aaef1 }
	CondorScratchDir = "/pool/condor/dir_1641982"
	Cpus = 1
	Disk = 176005
	GPUs = 1
	GPUs_GPU_b66aaef1 = [ GlobalMemoryMb = 32494; MaxSupportedVersion = 12040; DriverVersion = 12.4; DeviceUuid = "b66aaef1-7a45-dc3a-20b9-6fc19b6dfe68"; DeviceName = "Tesla V100S-PCIE-32GB"; CoresPerCU = 64; ECCEnabled = true; ComputeUnits = 80; ClockMhz = 1597.0; Id = "GPU-b66aaef1"; DevicePciBusId = "0000:07:00.0"; Capability = 7.0 ]
	Memory = 2000
...
006 (4558799.029.000) 07/31 13:48:59 Image size of job updated: 107892
	105  -  MemoryUsage of job (MB)
	107396  -  ResidentSetSize of job (KB)
...
006 (4558799.029.000) 07/31 13:49:12 Image size of job updated: 460700
	105  -  MemoryUsage of job (MB)
	107396  -  ResidentSetSize of job (KB)
...
040 (4558799.029.000) 07/31 13:49:12 Started transferring output files
...
040 (4558799.029.000) 07/31 13:49:12 Finished transferring output files
...
005 (4558799.029.000) 07/31 13:49:12 Job terminated.
	(1) Normal termination (return value 0)
		Usr 0 00:00:07, Sys 0 00:00:02  -  Run Remote Usage
		Usr 0 00:00:00, Sys 0 00:00:00  -  Run Local Usage
		Usr 0 00:00:07, Sys 0 00:00:02  -  Total Remote Usage
		Usr 0 00:00:00, Sys 0 00:00:00  -  Total Local Usage
	7121  -  Run Bytes Sent By Job
	253  -  Run Bytes Received By Job
	7121  -  Total Bytes Sent By Job
	253  -  Total Bytes Received By Job
	Partitionable Resources :    Usage  Request Allocated Assigned
	   Cpus                 :                 1         1 
	   Disk (KB)            :       23        1    176005 
	   Gpus (Average)       :                 1         1 "GPU-b66aaef1"
	   Memory (MB)          :      105     2000      2000 

	Job terminated of its own accord at 2024-07-31T11:49:12Z with exit-code 0.
...
