000 (4106318.010.000) 06/12 06:30:59 Job submitted from host: <188.185.16.120:9618?addrs=188.185.16.120-9618+[2001-1458-d00-65--100-39b]-9618&alias=bigbird27.cern.ch&noUDP&sock=schedd_24013_7fc8>
...
040 (4106318.010.000) 06/12 06:31:45 Started transferring input files
	Transferring to host: <188.184.195.219:9618?addrs=188.184.195.219-9618+[2001-1458-301-72--100-414]-9618&alias=b9g47n1151.cern.ch&noUDP&sock=slot1_1_2878239_80cc_11985>
...
040 (4106318.010.000) 06/12 06:31:45 Finished transferring input files
...
001 (4106318.010.000) 06/12 06:31:46 Job executing on host: <188.184.195.219:9618?addrs=188.184.195.219-9618+[2001-1458-301-72--100-414]-9618&alias=b9g47n1151.cern.ch&noUDP&sock=startd_15116_e5ad>
	SlotName: slot1_1@b9g47n1151.cern.ch
	AvailableGPUs = { GPUs_GPU_d925906f }
	CondorScratchDir = "/pool/condor/dir_1127944"
	Cpus = 1
	Disk = 168007
	GPUs = 1
	GPUs_GPU_d925906f = [ GlobalMemoryMb = 32494; MaxSupportedVersion = 12040; DriverVersion = 12.4; DeviceUuid = "d925906f-2649-02e9-1ed9-87f34507ad8c"; DeviceName = "Tesla V100S-PCIE-32GB"; CoresPerCU = 64; ECCEnabled = true; ComputeUnits = 80; ClockMhz = 1597.0; Id = "GPU-d925906f"; DevicePciBusId = "0000:07:00.0"; Capability = 7.0 ]
	Memory = 2000
...
006 (4106318.010.000) 06/12 06:31:49 Image size of job updated: 14071172
	765  -  MemoryUsage of job (MB)
	783012  -  ResidentSetSize of job (KB)
...
040 (4106318.010.000) 06/12 06:31:49 Started transferring output files
...
040 (4106318.010.000) 06/12 06:31:49 Finished transferring output files
...
005 (4106318.010.000) 06/12 06:31:49 Job terminated.
	(1) Normal termination (return value 126)
		Usr 1 12:43:56, Sys 0 02:47:06  -  Run Remote Usage
		Usr 0 00:00:00, Sys 0 00:00:00  -  Run Local Usage
		Usr 1 12:43:56, Sys 0 02:47:06  -  Total Remote Usage
		Usr 0 00:00:00, Sys 0 00:00:00  -  Total Local Usage
	5710  -  Run Bytes Sent By Job
	231  -  Run Bytes Received By Job
	5710  -  Total Bytes Sent By Job
	231  -  Total Bytes Received By Job
	Partitionable Resources :    Usage  Request Allocated Assigned
	   Cpus                 :                 1         1 
	   Disk (KB)            :       20        1    168007 
	   Gpus (Average)       :                 1         1 "GPU-d925906f"
	   Memory (MB)          :      765     2000      2000 

	Job terminated of its own accord at 2024-06-12T04:31:49Z with exit-code 126.
...
000 (4121424.010.000) 06/13 12:36:20 Job submitted from host: <188.185.16.120:9618?addrs=188.185.16.120-9618+[2001-1458-d00-65--100-39b]-9618&alias=bigbird27.cern.ch&noUDP&sock=schedd_24013_7fc8>
...
040 (4121424.010.000) 06/13 12:37:13 Started transferring input files
	Transferring to host: <188.184.195.156:9618?addrs=188.184.195.156-9618+[2001-1458-301-72--100-74]-9618&alias=b9g47n2206.cern.ch&noUDP&sock=slot1_1_561778_2bf6_30886>
...
040 (4121424.010.000) 06/13 12:37:13 Finished transferring input files
...
001 (4121424.010.000) 06/13 12:37:14 Job executing on host: <188.184.195.156:9618?addrs=188.184.195.156-9618+[2001-1458-301-72--100-74]-9618&alias=b9g47n2206.cern.ch&noUDP&sock=startd_1318856_18c3>
	SlotName: slot1_1@b9g47n2206.cern.ch
	AvailableGPUs = { GPUs_GPU_8692f1ae }
	CondorScratchDir = "/pool/condor/dir_2799595"
	Cpus = 1
	Disk = 172882
	GPUs = 1
	GPUs_GPU_8692f1ae = [ GlobalMemoryMb = 32494; MaxSupportedVersion = 12040; DriverVersion = 12.4; DeviceUuid = "8692f1ae-2f64-25cc-077a-fccf8f069c06"; DeviceName = "Tesla V100S-PCIE-32GB"; CoresPerCU = 64; ECCEnabled = true; ComputeUnits = 80; ClockMhz = 1597.0; Id = "GPU-8692f1ae"; DevicePciBusId = "0000:07:00.0"; Capability = 7.0 ]
	Memory = 2000
...
006 (4121424.010.000) 06/13 12:37:16 Image size of job updated: 42264
	1  -  MemoryUsage of job (MB)
	292  -  ResidentSetSize of job (KB)
...
040 (4121424.010.000) 06/13 12:37:16 Started transferring output files
...
040 (4121424.010.000) 06/13 12:37:16 Finished transferring output files
...
005 (4121424.010.000) 06/13 12:37:16 Job terminated.
	(1) Normal termination (return value 126)
		Usr 0 00:00:00, Sys 0 00:00:00  -  Run Remote Usage
		Usr 0 00:00:00, Sys 0 00:00:00  -  Run Local Usage
		Usr 0 00:00:00, Sys 0 00:00:00  -  Total Remote Usage
		Usr 0 00:00:00, Sys 0 00:00:00  -  Total Local Usage
	5256  -  Run Bytes Sent By Job
	231  -  Run Bytes Received By Job
	5256  -  Total Bytes Sent By Job
	231  -  Total Bytes Received By Job
	Partitionable Resources :    Usage  Request Allocated Assigned
	   Cpus                 :                 1         1 
	   Disk (KB)            :       21        1    172882 
	   Gpus (Average)       :                 1         1 "GPU-8692f1ae"
	   Memory (MB)          :        1     2000      2000 

	Job terminated of its own accord at 2024-06-13T10:37:16Z with exit-code 126.
...
000 (4121464.010.000) 06/13 12:45:46 Job submitted from host: <188.185.16.120:9618?addrs=188.185.16.120-9618+[2001-1458-d00-65--100-39b]-9618&alias=bigbird27.cern.ch&noUDP&sock=schedd_24013_7fc8>
...
040 (4121464.010.000) 06/13 12:46:49 Started transferring input files
	Transferring to host: <188.184.195.66:9618?addrs=188.184.195.66-9618+[2001-1458-301-72--100-179]-9618&alias=b9g47n0340.cern.ch&noUDP&sock=slot1_1_3657465_b653_14595>
...
040 (4121464.010.000) 06/13 12:46:49 Finished transferring input files
...
001 (4121464.010.000) 06/13 12:46:50 Job executing on host: <188.184.195.66:9618?addrs=188.184.195.66-9618+[2001-1458-301-72--100-179]-9618&alias=b9g47n0340.cern.ch&noUDP&sock=startd_15724_ef42>
	SlotName: slot1_1@b9g47n0340.cern.ch
	AvailableGPUs = { GPUs_GPU_62e6a7b2 }
	CondorScratchDir = "/pool/condor/dir_2475887"
	Cpus = 1
	Disk = 169841
	GPUs = 1
	GPUs_GPU_62e6a7b2 = [ GlobalMemoryMb = 32494; MaxSupportedVersion = 12040; DriverVersion = 12.4; DeviceUuid = "62e6a7b2-07d5-b7f6-24de-e679df367f40"; DeviceName = "Tesla V100S-PCIE-32GB"; CoresPerCU = 64; ECCEnabled = true; ComputeUnits = 80; ClockMhz = 1597.0; Id = "GPU-62e6a7b2"; DevicePciBusId = "0000:07:00.0"; Capability = 7.0 ]
	Memory = 2000
...
006 (4121464.010.000) 06/13 12:46:58 Image size of job updated: 13857932
	1280  -  MemoryUsage of job (MB)
	1309828  -  ResidentSetSize of job (KB)
...
040 (4121464.010.000) 06/13 12:47:12 Started transferring output files
...
040 (4121464.010.000) 06/13 12:47:12 Finished transferring output files
...
005 (4121464.010.000) 06/13 12:47:12 Job terminated.
	(1) Normal termination (return value 0)
		Usr 4 17:55:15, Sys 3 23:11:46  -  Run Remote Usage
		Usr 0 00:00:00, Sys 0 00:00:00  -  Run Local Usage
		Usr 4 17:55:15, Sys 3 23:11:46  -  Total Remote Usage
		Usr 0 00:00:00, Sys 0 00:00:00  -  Total Local Usage
	8870  -  Run Bytes Sent By Job
	231  -  Run Bytes Received By Job
	8870  -  Total Bytes Sent By Job
	231  -  Total Bytes Received By Job
	Partitionable Resources :    Usage  Request Allocated Assigned
	   Cpus                 :                 1         1 
	   Disk (KB)            :       24        1    169841 
	   Gpus (Average)       :                 1         1 "GPU-62e6a7b2"
	   Memory (MB)          :     1280     2000      2000 

	Job terminated of its own accord at 2024-06-13T10:47:12Z with exit-code 0.
...
000 (4558790.010.000) 07/31 12:46:51 Job submitted from host: <188.185.16.120:9618?addrs=188.185.16.120-9618+[2001-1458-d00-65--100-39b]-9618&alias=bigbird27.cern.ch&noUDP&sock=schedd_24013_7fc8>
...
040 (4558790.010.000) 07/31 12:59:10 Started transferring input files
	Transferring to host: <188.184.195.242:9618?addrs=188.184.195.242-9618+[2001-1458-301-72--100-1f9]-9618&alias=b9g47n8171.cern.ch&noUDP&sock=slot1_1_989424_7724_62736>
...
040 (4558790.010.000) 07/31 12:59:10 Finished transferring input files
...
001 (4558790.010.000) 07/31 12:59:11 Job executing on host: <188.184.195.242:9618?addrs=188.184.195.242-9618+[2001-1458-301-72--100-1f9]-9618&alias=b9g47n8171.cern.ch&noUDP&sock=startd_15841_2fd7>
	SlotName: slot1_1@b9g47n8171.cern.ch
	AvailableGPUs = { GPUs_GPU_b66aaef1 }
	CondorScratchDir = "/pool/condor/dir_1624013"
	Cpus = 1
	Disk = 176007
	GPUs = 1
	GPUs_GPU_b66aaef1 = [ GlobalMemoryMb = 32494; MaxSupportedVersion = 12040; DriverVersion = 12.4; DeviceUuid = "b66aaef1-7a45-dc3a-20b9-6fc19b6dfe68"; DeviceName = "Tesla V100S-PCIE-32GB"; CoresPerCU = 64; ECCEnabled = true; ComputeUnits = 80; ClockMhz = 1597.0; Id = "GPU-b66aaef1"; DevicePciBusId = "0000:07:00.0"; Capability = 7.0 ]
	Memory = 2000
...
006 (4558790.010.000) 07/31 12:59:20 Image size of job updated: 108260
	105  -  MemoryUsage of job (MB)
	107504  -  ResidentSetSize of job (KB)
...
006 (4558790.010.000) 07/31 12:59:32 Image size of job updated: 461064
	105  -  MemoryUsage of job (MB)
	107504  -  ResidentSetSize of job (KB)
...
040 (4558790.010.000) 07/31 12:59:32 Started transferring output files
...
040 (4558790.010.000) 07/31 12:59:32 Finished transferring output files
...
005 (4558790.010.000) 07/31 12:59:32 Job terminated.
	(1) Normal termination (return value 0)
		Usr 0 00:00:07, Sys 0 00:00:03  -  Run Remote Usage
		Usr 0 00:00:00, Sys 0 00:00:00  -  Run Local Usage
		Usr 0 00:00:07, Sys 0 00:00:03  -  Total Remote Usage
		Usr 0 00:00:00, Sys 0 00:00:00  -  Total Local Usage
	8522  -  Run Bytes Sent By Job
	250  -  Run Bytes Received By Job
	8522  -  Total Bytes Sent By Job
	250  -  Total Bytes Received By Job
	Partitionable Resources :    Usage  Request Allocated Assigned
	   Cpus                 :                 1         1 
	   Disk (KB)            :       24        1    176007 
	   Gpus (Average)       :                 1         1 "GPU-b66aaef1"
	   Memory (MB)          :      105     2000      2000 

	Job terminated of its own accord at 2024-07-31T10:59:32Z with exit-code 0.
...
000 (4558799.010.000) 07/31 13:36:26 Job submitted from host: <188.185.16.120:9618?addrs=188.185.16.120-9618+[2001-1458-d00-65--100-39b]-9618&alias=bigbird27.cern.ch&noUDP&sock=schedd_24013_7fc8>
...
040 (4558799.010.000) 07/31 13:41:22 Started transferring input files
	Transferring to host: <188.184.195.242:9618?addrs=188.184.195.242-9618+[2001-1458-301-72--100-1f9]-9618&alias=b9g47n8171.cern.ch&noUDP&sock=slot1_1_989424_7724_62813>
...
040 (4558799.010.000) 07/31 13:41:22 Finished transferring input files
...
001 (4558799.010.000) 07/31 13:41:23 Job executing on host: <188.184.195.242:9618?addrs=188.184.195.242-9618+[2001-1458-301-72--100-1f9]-9618&alias=b9g47n8171.cern.ch&noUDP&sock=startd_15841_2fd7>
	SlotName: slot1_1@b9g47n8171.cern.ch
	AvailableGPUs = { GPUs_GPU_b66aaef1 }
	CondorScratchDir = "/pool/condor/dir_1634280"
	Cpus = 1
	Disk = 176005
	GPUs = 1
	GPUs_GPU_b66aaef1 = [ GlobalMemoryMb = 32494; MaxSupportedVersion = 12040; DriverVersion = 12.4; DeviceUuid = "b66aaef1-7a45-dc3a-20b9-6fc19b6dfe68"; DeviceName = "Tesla V100S-PCIE-32GB"; CoresPerCU = 64; ECCEnabled = true; ComputeUnits = 80; ClockMhz = 1597.0; Id = "GPU-b66aaef1"; DevicePciBusId = "0000:07:00.0"; Capability = 7.0 ]
	Memory = 2000
...
006 (4558799.010.000) 07/31 13:41:31 Image size of job updated: 107908
	105  -  MemoryUsage of job (MB)
	107416  -  ResidentSetSize of job (KB)
...
006 (4558799.010.000) 07/31 13:41:43 Image size of job updated: 460472
	105  -  MemoryUsage of job (MB)
	107416  -  ResidentSetSize of job (KB)
...
040 (4558799.010.000) 07/31 13:41:43 Started transferring output files
...
040 (4558799.010.000) 07/31 13:41:43 Finished transferring output files
...
005 (4558799.010.000) 07/31 13:41:43 Job terminated.
	(1) Normal termination (return value 0)
		Usr 0 00:00:07, Sys 0 00:00:02  -  Run Remote Usage
		Usr 0 00:00:00, Sys 0 00:00:00  -  Run Local Usage
		Usr 0 00:00:07, Sys 0 00:00:02  -  Total Remote Usage
		Usr 0 00:00:00, Sys 0 00:00:00  -  Total Local Usage
	7112  -  Run Bytes Sent By Job
	253  -  Run Bytes Received By Job
	7112  -  Total Bytes Sent By Job
	253  -  Total Bytes Received By Job
	Partitionable Resources :    Usage  Request Allocated Assigned
	   Cpus                 :                 1         1 
	   Disk (KB)            :       22        1    176005 
	   Gpus (Average)       :                 1         1 "GPU-b66aaef1"
	   Memory (MB)          :      105     2000      2000 

	Job terminated of its own accord at 2024-07-31T11:41:43Z with exit-code 0.
...
