000 (4106318.040.000) 06/12 06:30:59 Job submitted from host: <188.185.16.120:9618?addrs=188.185.16.120-9618+[2001-1458-d00-65--100-39b]-9618&alias=bigbird27.cern.ch&noUDP&sock=schedd_24013_7fc8>
...
040 (4106318.040.000) 06/12 06:31:58 Started transferring input files
	Transferring to host: <188.184.195.52:9618?addrs=188.184.195.52-9618+[2001-1458-301-72--100-373]-9618&alias=b9g47n5793.cern.ch&noUDP&sock=slot1_1_37797_27da_26709>
...
040 (4106318.040.000) 06/12 06:31:58 Finished transferring input files
...
001 (4106318.040.000) 06/12 06:31:59 Job executing on host: <188.184.195.52:9618?addrs=188.184.195.52-9618+[2001-1458-301-72--100-373]-9618&alias=b9g47n5793.cern.ch&noUDP&sock=startd_15829_f4b4>
	SlotName: slot1_1@b9g47n5793.cern.ch
	AvailableGPUs = { GPUs_GPU_39c03a24 }
	CondorScratchDir = "/pool/condor/dir_1247889"
	Cpus = 1
	Disk = 173614
	GPUs = 1
	GPUs_GPU_39c03a24 = [ GlobalMemoryMb = 32494; MaxSupportedVersion = 12040; DriverVersion = 12.4; DeviceUuid = "39c03a24-7224-d560-030e-7a742064eb2c"; DeviceName = "Tesla V100S-PCIE-32GB"; CoresPerCU = 64; ECCEnabled = true; ComputeUnits = 80; ClockMhz = 1597.0; Id = "GPU-39c03a24"; DevicePciBusId = "0000:07:00.0"; Capability = 7.0 ]
	Memory = 2000
...
006 (4106318.040.000) 06/12 06:32:01 Image size of job updated: 13924800
	751  -  MemoryUsage of job (MB)
	768672  -  ResidentSetSize of job (KB)
...
040 (4106318.040.000) 06/12 06:32:01 Started transferring output files
...
040 (4106318.040.000) 06/12 06:32:01 Finished transferring output files
...
005 (4106318.040.000) 06/12 06:32:01 Job terminated.
	(1) Normal termination (return value 126)
		Usr 1 07:36:59, Sys 0 04:03:14  -  Run Remote Usage
		Usr 0 00:00:00, Sys 0 00:00:00  -  Run Local Usage
		Usr 1 07:36:59, Sys 0 04:03:14  -  Total Remote Usage
		Usr 0 00:00:00, Sys 0 00:00:00  -  Total Local Usage
	5710  -  Run Bytes Sent By Job
	231  -  Run Bytes Received By Job
	5710  -  Total Bytes Sent By Job
	231  -  Total Bytes Received By Job
	Partitionable Resources :    Usage  Request Allocated Assigned
	   Cpus                 :                 1         1 
	   Disk (KB)            :       21        1    173614 
	   Gpus (Average)       :                 1         1 "GPU-39c03a24"
	   Memory (MB)          :      751     2000      2000 

	Job terminated of its own accord at 2024-06-12T04:32:01Z with exit-code 126.
...
000 (4121424.040.000) 06/13 12:36:20 Job submitted from host: <188.185.16.120:9618?addrs=188.185.16.120-9618+[2001-1458-d00-65--100-39b]-9618&alias=bigbird27.cern.ch&noUDP&sock=schedd_24013_7fc8>
...
040 (4121424.040.000) 06/13 12:37:56 Started transferring input files
	Transferring to host: <188.184.195.29:9618?addrs=188.184.195.29-9618+[2001-1458-301-72--100-226]-9618&alias=b9g47n8432.cern.ch&noUDP&sock=slot1_1_3386339_eb01_2633>
...
040 (4121424.040.000) 06/13 12:37:56 Finished transferring input files
...
001 (4121424.040.000) 06/13 12:37:57 Job executing on host: <188.184.195.29:9618?addrs=188.184.195.29-9618+[2001-1458-301-72--100-226]-9618&alias=b9g47n8432.cern.ch&noUDP&sock=startd_15648_ce0f>
	SlotName: slot1_1@b9g47n8432.cern.ch
	AvailableGPUs = { GPUs_GPU_52d18a8c }
	CondorScratchDir = "/pool/condor/dir_3905612"
	Cpus = 1
	Disk = 174006
	GPUs = 1
	GPUs_GPU_52d18a8c = [ GlobalMemoryMb = 32494; MaxSupportedVersion = 12040; DriverVersion = 12.4; DeviceUuid = "52d18a8c-e9fe-346e-4034-df2dff2358b1"; DeviceName = "Tesla V100S-PCIE-32GB"; CoresPerCU = 64; ECCEnabled = true; ComputeUnits = 80; ClockMhz = 1597.0; Id = "GPU-52d18a8c"; DevicePciBusId = "0000:07:00.0"; Capability = 7.0 ]
	Memory = 2000
...
006 (4121424.040.000) 06/13 12:37:59 Image size of job updated: 14407296
	3767  -  MemoryUsage of job (MB)
	3857104  -  ResidentSetSize of job (KB)
...
007 (4121424.040.000) 06/13 12:37:59 Shadow exception!
	Error from slot1_1@b9g47n8432.cern.ch: Job has gone over memory limit of 2000 megabytes. Peak usage: 14069 megabytes.
	0  -  Run Bytes Sent By Job
	231  -  Run Bytes Received By Job
...
012 (4121424.040.000) 06/13 12:37:59 Job was held.
	Error from slot1_1@b9g47n8432.cern.ch: Job has gone over memory limit of 2000 megabytes. Peak usage: 14069 megabytes.
	Code 34 Subcode 0
...
000 (4121464.040.000) 06/13 12:45:46 Job submitted from host: <188.185.16.120:9618?addrs=188.185.16.120-9618+[2001-1458-d00-65--100-39b]-9618&alias=bigbird27.cern.ch&noUDP&sock=schedd_24013_7fc8>
...
040 (4121464.040.000) 06/13 12:49:27 Started transferring input files
	Transferring to host: <188.184.195.71:9618?addrs=188.184.195.71-9618+[2001-1458-301-72--100-384]-9618&alias=b9g47n2106.cern.ch&noUDP&sock=slot1_1_1367326_9c6b_25647>
...
040 (4121464.040.000) 06/13 12:49:27 Finished transferring input files
...
001 (4121464.040.000) 06/13 12:49:28 Job executing on host: <188.184.195.71:9618?addrs=188.184.195.71-9618+[2001-1458-301-72--100-384]-9618&alias=b9g47n2106.cern.ch&noUDP&sock=startd_625686_21d4>
	SlotName: slot1_1@b9g47n2106.cern.ch
	AvailableGPUs = { GPUs_GPU_111bb3d1 }
	CondorScratchDir = "/pool/condor/dir_2240407"
	Cpus = 1
	Disk = 170653
	GPUs = 1
	GPUs_GPU_111bb3d1 = [ GlobalMemoryMb = 32494; MaxSupportedVersion = 12040; DriverVersion = 12.4; DeviceUuid = "111bb3d1-80ae-ee28-1f54-4658e0d63886"; DeviceName = "Tesla V100S-PCIE-32GB"; CoresPerCU = 64; ECCEnabled = true; ComputeUnits = 80; ClockMhz = 1597.0; Id = "GPU-111bb3d1"; DevicePciBusId = "0000:07:00.0"; Capability = 7.0 ]
	Memory = 2000
...
006 (4121464.040.000) 06/13 12:49:36 Image size of job updated: 13930920
	1026  -  MemoryUsage of job (MB)
	1049856  -  ResidentSetSize of job (KB)
...
040 (4121464.040.000) 06/13 12:49:49 Started transferring output files
...
040 (4121464.040.000) 06/13 12:49:49 Finished transferring output files
...
005 (4121464.040.000) 06/13 12:49:49 Job terminated.
	(1) Normal termination (return value 0)
		Usr 3 20:26:28, Sys 0 03:54:45  -  Run Remote Usage
		Usr 0 00:00:00, Sys 0 00:00:00  -  Run Local Usage
		Usr 3 20:26:28, Sys 0 03:54:45  -  Total Remote Usage
		Usr 0 00:00:00, Sys 0 00:00:00  -  Total Local Usage
	8876  -  Run Bytes Sent By Job
	231  -  Run Bytes Received By Job
	8876  -  Total Bytes Sent By Job
	231  -  Total Bytes Received By Job
	Partitionable Resources :    Usage  Request Allocated Assigned
	   Cpus                 :                 1         1 
	   Disk (KB)            :       24        1    170653 
	   Gpus (Average)       :                 1         1 "GPU-111bb3d1"
	   Memory (MB)          :     1026     2000      2000 

	Job terminated of its own accord at 2024-06-13T10:49:49Z with exit-code 0.
...
009 (4121424.040.000) 06/14 12:39:12 Job was aborted.
	Job removed by SYSTEM_PERIODIC_REMOVE due to wall time exceeded allowed max.
...
000 (4558790.040.000) 07/31 12:46:52 Job submitted from host: <188.185.16.120:9618?addrs=188.185.16.120-9618+[2001-1458-d00-65--100-39b]-9618&alias=bigbird27.cern.ch&noUDP&sock=schedd_24013_7fc8>
...
040 (4558790.040.000) 07/31 13:04:18 Started transferring input files
	Transferring to host: <188.184.195.46:9618?addrs=188.184.195.46-9618+[2001-1458-301-72--100-249]-9618&alias=b9g47n7913.cern.ch&noUDP&sock=slot1_1_1819379_d81a_42383>
...
040 (4558790.040.000) 07/31 13:04:18 Finished transferring input files
...
001 (4558790.040.000) 07/31 13:04:19 Job executing on host: <188.184.195.46:9618?addrs=188.184.195.46-9618+[2001-1458-301-72--100-249]-9618&alias=b9g47n7913.cern.ch&noUDP&sock=startd_20749_aaa9>
	SlotName: slot1_1@b9g47n7913.cern.ch
	AvailableGPUs = { GPUs_GPU_edfd19f4 }
	CondorScratchDir = "/pool/condor/dir_456631"
	Cpus = 1
	Disk = 170537
	GPUs = 1
	GPUs_GPU_edfd19f4 = [ GlobalMemoryMb = 32494; MaxSupportedVersion = 12040; DriverVersion = 12.4; DeviceUuid = "edfd19f4-c79b-974d-4eb1-2d5a790dbc06"; DeviceName = "Tesla V100S-PCIE-32GB"; CoresPerCU = 64; ECCEnabled = true; ComputeUnits = 80; ClockMhz = 1597.0; Id = "GPU-edfd19f4"; DevicePciBusId = "0000:07:00.0"; Capability = 7.0 ]
	Memory = 2000
...
006 (4558790.040.000) 07/31 13:04:28 Image size of job updated: 109992
	108  -  MemoryUsage of job (MB)
	109732  -  ResidentSetSize of job (KB)
...
006 (4558790.040.000) 07/31 13:04:40 Image size of job updated: 462188
	108  -  MemoryUsage of job (MB)
	109732  -  ResidentSetSize of job (KB)
...
040 (4558790.040.000) 07/31 13:04:40 Started transferring output files
...
040 (4558790.040.000) 07/31 13:04:40 Finished transferring output files
...
005 (4558790.040.000) 07/31 13:04:40 Job terminated.
	(1) Normal termination (return value 0)
		Usr 0 00:00:07, Sys 0 00:00:03  -  Run Remote Usage
		Usr 0 00:00:00, Sys 0 00:00:00  -  Run Local Usage
		Usr 0 00:00:07, Sys 0 00:00:03  -  Total Remote Usage
		Usr 0 00:00:00, Sys 0 00:00:00  -  Total Local Usage
	7041  -  Run Bytes Sent By Job
	250  -  Run Bytes Received By Job
	7041  -  Total Bytes Sent By Job
	250  -  Total Bytes Received By Job
	Partitionable Resources :    Usage  Request Allocated Assigned
	   Cpus                 :                 1         1 
	   Disk (KB)            :       23        1    170537 
	   Gpus (Average)       :                 1         1 "GPU-edfd19f4"
	   Memory (MB)          :      108     2000      2000 

	Job terminated of its own accord at 2024-07-31T11:04:40Z with exit-code 0.
...
000 (4558799.040.000) 07/31 13:36:26 Job submitted from host: <188.185.16.120:9618?addrs=188.185.16.120-9618+[2001-1458-d00-65--100-39b]-9618&alias=bigbird27.cern.ch&noUDP&sock=schedd_24013_7fc8>
...
040 (4558799.040.000) 07/31 13:53:23 Started transferring input files
	Transferring to host: <128.142.241.120:9618?addrs=128.142.241.120-9618+[2001-1458-301-ce--100-ec]-9618&alias=b9g47n4050.cern.ch&noUDP&sock=slot1_1_1370079_593b_41765>
...
040 (4558799.040.000) 07/31 13:53:23 Finished transferring input files
...
001 (4558799.040.000) 07/31 13:53:24 Job executing on host: <128.142.241.120:9618?addrs=128.142.241.120-9618+[2001-1458-301-ce--100-ec]-9618&alias=b9g47n4050.cern.ch&noUDP&sock=startd_15799_60dc>
	SlotName: slot1_1@b9g47n4050.cern.ch
	AvailableGPUs = { GPUs_GPU_bf3fdde8 }
	CondorScratchDir = "/pool/condor/dir_283520"
	Cpus = 1
	Disk = 85536
	GPUs = 1
	GPUs_GPU_bf3fdde8 = [ GlobalMemoryMb = 32494; MaxSupportedVersion = 12040; DriverVersion = 12.4; DeviceUuid = "bf3fdde8-927e-09f9-6ee7-d9a1ad55128e"; DeviceName = "Tesla V100-PCIE-32GB"; CoresPerCU = 64; ECCEnabled = true; ComputeUnits = 80; ClockMhz = 1380.0; Id = "GPU-bf3fdde8"; DevicePciBusId = "0000:07:00.0"; Capability = 7.0 ]
	Memory = 2000
...
006 (4558799.040.000) 07/31 13:53:32 Image size of job updated: 9366300
	1159  -  MemoryUsage of job (MB)
	1186256  -  ResidentSetSize of job (KB)
...
006 (4558799.040.000) 07/31 13:53:55 Image size of job updated: 9366300
	1516  -  MemoryUsage of job (MB)
	1551872  -  ResidentSetSize of job (KB)
...
040 (4558799.040.000) 07/31 13:53:55 Started transferring output files
...
040 (4558799.040.000) 07/31 13:53:55 Finished transferring output files
...
005 (4558799.040.000) 07/31 13:53:55 Job terminated.
	(1) Normal termination (return value 0)
		Usr 0 00:16:14, Sys 0 00:07:26  -  Run Remote Usage
		Usr 0 00:00:00, Sys 0 00:00:00  -  Run Local Usage
		Usr 0 00:16:14, Sys 0 00:07:26  -  Total Remote Usage
		Usr 0 00:00:00, Sys 0 00:00:00  -  Total Local Usage
	7112  -  Run Bytes Sent By Job
	253  -  Run Bytes Received By Job
	7112  -  Total Bytes Sent By Job
	253  -  Total Bytes Received By Job
	Partitionable Resources :    Usage  Request Allocated Assigned
	   Cpus                 :                 1         1 
	   Disk (KB)            :       22        1     85536 
	   Gpus (Average)       :                 1         1 "GPU-bf3fdde8"
	   Memory (MB)          :     1516     2000      2000 

	Job terminated of its own accord at 2024-07-31T11:53:55Z with exit-code 0.
...
