wandb: Starting wandb agent 🕵️
2024-07-31 13:48:39,031 - wandb.wandb_agent - INFO - Running runs: []
2024-07-31 13:48:39,283 - wandb.wandb_agent - INFO - Agent received command: run
2024-07-31 13:48:39,284 - wandb.wandb_agent - INFO - Agent starting run with config:
	SDE: VE
	batch_size: 1024
	condor: 1
	correction_steps: 25
	dropout_gen: 0.2
	embed_dim: 96
	epochs: 200
	hidden_dim: 96
	inputs: /eos/home-c/chenhua/copy_tdsm_encoder_sweep16/datasets_new
	lr: 0.003
	n_feat_dim: 4
	n_showers_2_gen: 2000
	num_attn_heads: 8
	num_encoder_blocks: 16
	preprocessor: /eos/home-c/chenhua/copy_tdsm_encoder_sweep16/datasets_new/dataset_2_padded_rtheta_new_transformation_nentry1033To1161_preprocessor.pkl
	sampler_steps: 100
	sigma_max: 1
	sigma_min: 0.0001
	switches: 1111
	train_ratio: 0.9
	work_dir: /eos/home-c/chenhua/copy_tdsm_encoder_sweep16
2024-07-31 13:48:39,309 - wandb.wandb_agent - INFO - About to run command: /usr/bin/env python /eos/home-c/chenhua/copy_tdsm_encoder_sweep16/trans_tdsm_rtheta.py --SDE=VE --batch_size=1024 --condor=1 --correction_steps=25 --dropout_gen=0.2 --embed_dim=96 --epochs=200 --hidden_dim=96 --inputs=/eos/home-c/chenhua/copy_tdsm_encoder_sweep16/datasets_new --lr=0.003 --n_feat_dim=4 --n_showers_2_gen=2000 --num_attn_heads=8 --num_encoder_blocks=16 --preprocessor=/eos/home-c/chenhua/copy_tdsm_encoder_sweep16/datasets_new/dataset_2_padded_rtheta_new_transformation_nentry1033To1161_preprocessor.pkl --sampler_steps=100 --sigma_max=1 --sigma_min=0.0001 --switches=1111 --train_ratio=0.9 --work_dir=/eos/home-c/chenhua/copy_tdsm_encoder_sweep16
wandb: Currently logged in as: ken91021615 (calo_tNCSM). Use `wandb login --relogin` to force relogin
2024-07-31 13:48:44,340 - wandb.wandb_agent - INFO - Running runs: ['q52uve7b']
usage: [-h] [-s SWITCHES] [-i INPUTS] [-c CONFIG] [-p PREPROCESSOR]
: error: unrecognized arguments: --SDE=VE --batch_size=1024 --condor=1 --correction_steps=25 --dropout_gen=0.2 --embed_dim=96 --epochs=200 --hidden_dim=96 --lr=0.003 --n_feat_dim=4 --n_showers_2_gen=2000 --num_attn_heads=8 --num_encoder_blocks=16 --sampler_steps=100 --sigma_max=1 --sigma_min=0.0001 --train_ratio=0.9 --work_dir=/eos/home-c/chenhua/copy_tdsm_encoder_sweep16
2024-07-31 13:48:49,500 - wandb.wandb_agent - INFO - Cleaning up finished run: q52uve7b
wandb: Terminating and syncing runs. Press ctrl-c to kill.
