000 (4106318.020.000) 06/12 06:30:59 Job submitted from host: <188.185.16.120:9618?addrs=188.185.16.120-9618+[2001-1458-d00-65--100-39b]-9618&alias=bigbird27.cern.ch&noUDP&sock=schedd_24013_7fc8>
...
040 (4106318.020.000) 06/12 06:31:51 Started transferring input files
	Transferring to host: <188.184.195.62:9618?addrs=188.184.195.62-9618+[2001-1458-301-72--100-36d]-9618&alias=b9g47n7532.cern.ch&noUDP&sock=slot1_1_1088167_d773_26019>
...
040 (4106318.020.000) 06/12 06:31:51 Finished transferring input files
...
001 (4106318.020.000) 06/12 06:31:52 Job executing on host: <188.184.195.62:9618?addrs=188.184.195.62-9618+[2001-1458-301-72--100-36d]-9618&alias=b9g47n7532.cern.ch&noUDP&sock=startd_15488_0ee8>
	SlotName: slot1_1@b9g47n7532.cern.ch
	AvailableGPUs = { GPUs_GPU_79da0196 }
	CondorScratchDir = "/pool/condor/dir_2172490"
	Cpus = 1
	Disk = 175797
	GPUs = 1
	GPUs_GPU_79da0196 = [ GlobalMemoryMb = 32494; MaxSupportedVersion = 12040; DriverVersion = 12.4; DeviceUuid = "79da0196-c82c-8eb2-f434-a348c03e4cd8"; DeviceName = "Tesla V100S-PCIE-32GB"; CoresPerCU = 64; ECCEnabled = true; ComputeUnits = 80; ClockMhz = 1597.0; Id = "GPU-79da0196"; DevicePciBusId = "0000:07:00.0"; Capability = 7.0 ]
	Memory = 2000
...
006 (4106318.020.000) 06/12 06:31:54 Image size of job updated: 13929304
	409  -  MemoryUsage of job (MB)
	418420  -  ResidentSetSize of job (KB)
...
040 (4106318.020.000) 06/12 06:31:54 Started transferring output files
...
040 (4106318.020.000) 06/12 06:31:54 Finished transferring output files
...
005 (4106318.020.000) 06/12 06:31:54 Job terminated.
	(1) Normal termination (return value 126)
		Usr 1 18:02:25, Sys 0 01:17:15  -  Run Remote Usage
		Usr 0 00:00:00, Sys 0 00:00:00  -  Run Local Usage
		Usr 1 18:02:25, Sys 0 01:17:15  -  Total Remote Usage
		Usr 0 00:00:00, Sys 0 00:00:00  -  Total Local Usage
	5710  -  Run Bytes Sent By Job
	231  -  Run Bytes Received By Job
	5710  -  Total Bytes Sent By Job
	231  -  Total Bytes Received By Job
	Partitionable Resources :    Usage  Request Allocated Assigned
	   Cpus                 :                 1         1 
	   Disk (KB)            :       21        1    175797 
	   Gpus (Average)       :                 1         1 "GPU-79da0196"
	   Memory (MB)          :      409     2000      2000 

	Job terminated of its own accord at 2024-06-12T04:31:54Z with exit-code 126.
...
000 (4121424.020.000) 06/13 12:36:20 Job submitted from host: <188.185.16.120:9618?addrs=188.185.16.120-9618+[2001-1458-d00-65--100-39b]-9618&alias=bigbird27.cern.ch&noUDP&sock=schedd_24013_7fc8>
...
040 (4121424.020.000) 06/13 12:37:20 Started transferring input files
	Transferring to host: <188.184.195.71:9618?addrs=188.184.195.71-9618+[2001-1458-301-72--100-384]-9618&alias=b9g47n2106.cern.ch&noUDP&sock=slot1_1_1367326_9c6b_25634>
...
040 (4121424.020.000) 06/13 12:37:20 Finished transferring input files
...
001 (4121424.020.000) 06/13 12:37:21 Job executing on host: <188.184.195.71:9618?addrs=188.184.195.71-9618+[2001-1458-301-72--100-384]-9618&alias=b9g47n2106.cern.ch&noUDP&sock=startd_625686_21d4>
	SlotName: slot1_1@b9g47n2106.cern.ch
	AvailableGPUs = { GPUs_GPU_111bb3d1 }
	CondorScratchDir = "/pool/condor/dir_2236985"
	Cpus = 1
	Disk = 171172
	GPUs = 1
	GPUs_GPU_111bb3d1 = [ GlobalMemoryMb = 32494; MaxSupportedVersion = 12040; DriverVersion = 12.4; DeviceUuid = "111bb3d1-80ae-ee28-1f54-4658e0d63886"; DeviceName = "Tesla V100S-PCIE-32GB"; CoresPerCU = 64; ECCEnabled = true; ComputeUnits = 80; ClockMhz = 1597.0; Id = "GPU-111bb3d1"; DevicePciBusId = "0000:07:00.0"; Capability = 7.0 ]
	Memory = 2000
...
006 (4121424.020.000) 06/13 12:37:22 Image size of job updated: 13930920
	535  -  MemoryUsage of job (MB)
	547772  -  ResidentSetSize of job (KB)
...
040 (4121424.020.000) 06/13 12:37:22 Started transferring output files
...
040 (4121424.020.000) 06/13 12:37:23 Finished transferring output files
...
005 (4121424.020.000) 06/13 12:37:23 Job terminated.
	(1) Normal termination (return value 126)
		Usr 3 20:25:34, Sys 0 03:54:21  -  Run Remote Usage
		Usr 0 00:00:00, Sys 0 00:00:00  -  Run Local Usage
		Usr 3 20:25:34, Sys 0 03:54:21  -  Total Remote Usage
		Usr 0 00:00:00, Sys 0 00:00:00  -  Total Local Usage
	5256  -  Run Bytes Sent By Job
	231  -  Run Bytes Received By Job
	5256  -  Total Bytes Sent By Job
	231  -  Total Bytes Received By Job
	Partitionable Resources :    Usage  Request Allocated Assigned
	   Cpus                 :                 1         1 
	   Disk (KB)            :       21        1    171172 
	   Gpus (Average)       :                 1         1 "GPU-111bb3d1"
	   Memory (MB)          :      535     2000      2000 

	Job terminated of its own accord at 2024-06-13T10:37:22Z with exit-code 126.
...
000 (4121464.020.000) 06/13 12:45:46 Job submitted from host: <188.185.16.120:9618?addrs=188.185.16.120-9618+[2001-1458-d00-65--100-39b]-9618&alias=bigbird27.cern.ch&noUDP&sock=schedd_24013_7fc8>
...
040 (4121464.020.000) 06/13 12:47:26 Started transferring input files
	Transferring to host: <188.184.195.71:9618?addrs=188.184.195.71-9618+[2001-1458-301-72--100-384]-9618&alias=b9g47n2106.cern.ch&noUDP&sock=slot1_1_1367326_9c6b_25644>
...
040 (4121464.020.000) 06/13 12:47:26 Finished transferring input files
...
001 (4121464.020.000) 06/13 12:47:27 Job executing on host: <188.184.195.71:9618?addrs=188.184.195.71-9618+[2001-1458-301-72--100-384]-9618&alias=b9g47n2106.cern.ch&noUDP&sock=startd_625686_21d4>
	SlotName: slot1_1@b9g47n2106.cern.ch
	AvailableGPUs = { GPUs_GPU_111bb3d1 }
	CondorScratchDir = "/pool/condor/dir_2239393"
	Cpus = 1
	Disk = 170653
	GPUs = 1
	GPUs_GPU_111bb3d1 = [ GlobalMemoryMb = 32494; MaxSupportedVersion = 12040; DriverVersion = 12.4; DeviceUuid = "111bb3d1-80ae-ee28-1f54-4658e0d63886"; DeviceName = "Tesla V100S-PCIE-32GB"; CoresPerCU = 64; ECCEnabled = true; ComputeUnits = 80; ClockMhz = 1597.0; Id = "GPU-111bb3d1"; DevicePciBusId = "0000:07:00.0"; Capability = 7.0 ]
	Memory = 2000
...
006 (4121464.020.000) 06/13 12:47:35 Image size of job updated: 13930920
	1026  -  MemoryUsage of job (MB)
	1050036  -  ResidentSetSize of job (KB)
...
040 (4121464.020.000) 06/13 12:47:47 Started transferring output files
...
040 (4121464.020.000) 06/13 12:47:47 Finished transferring output files
...
005 (4121464.020.000) 06/13 12:47:47 Job terminated.
	(1) Normal termination (return value 0)
		Usr 3 20:26:06, Sys 0 03:54:36  -  Run Remote Usage
		Usr 0 00:00:00, Sys 0 00:00:00  -  Run Local Usage
		Usr 3 20:26:06, Sys 0 03:54:36  -  Total Remote Usage
		Usr 0 00:00:00, Sys 0 00:00:00  -  Total Local Usage
	8874  -  Run Bytes Sent By Job
	231  -  Run Bytes Received By Job
	8874  -  Total Bytes Sent By Job
	231  -  Total Bytes Received By Job
	Partitionable Resources :    Usage  Request Allocated Assigned
	   Cpus                 :                 1         1 
	   Disk (KB)            :       24        1    170653 
	   Gpus (Average)       :                 1         1 "GPU-111bb3d1"
	   Memory (MB)          :     1026     2000      2000 

	Job terminated of its own accord at 2024-06-13T10:47:47Z with exit-code 0.
...
000 (4558790.020.000) 07/31 12:46:51 Job submitted from host: <188.185.16.120:9618?addrs=188.185.16.120-9618+[2001-1458-d00-65--100-39b]-9618&alias=bigbird27.cern.ch&noUDP&sock=schedd_24013_7fc8>
...
040 (4558790.020.000) 07/31 13:01:16 Started transferring input files
	Transferring to host: <188.184.195.46:9618?addrs=188.184.195.46-9618+[2001-1458-301-72--100-249]-9618&alias=b9g47n7913.cern.ch&noUDP&sock=slot1_1_1819379_d81a_42372>
...
040 (4558790.020.000) 07/31 13:01:16 Finished transferring input files
...
001 (4558790.020.000) 07/31 13:01:17 Job executing on host: <188.184.195.46:9618?addrs=188.184.195.46-9618+[2001-1458-301-72--100-249]-9618&alias=b9g47n7913.cern.ch&noUDP&sock=startd_20749_aaa9>
	SlotName: slot1_1@b9g47n7913.cern.ch
	AvailableGPUs = { GPUs_GPU_edfd19f4 }
	CondorScratchDir = "/pool/condor/dir_454543"
	Cpus = 1
	Disk = 170537
	GPUs = 1
	GPUs_GPU_edfd19f4 = [ GlobalMemoryMb = 32494; MaxSupportedVersion = 12040; DriverVersion = 12.4; DeviceUuid = "edfd19f4-c79b-974d-4eb1-2d5a790dbc06"; DeviceName = "Tesla V100S-PCIE-32GB"; CoresPerCU = 64; ECCEnabled = true; ComputeUnits = 80; ClockMhz = 1597.0; Id = "GPU-edfd19f4"; DevicePciBusId = "0000:07:00.0"; Capability = 7.0 ]
	Memory = 2000
...
006 (4558790.020.000) 07/31 13:01:25 Image size of job updated: 107920
	105  -  MemoryUsage of job (MB)
	107416  -  ResidentSetSize of job (KB)
...
006 (4558790.020.000) 07/31 13:01:38 Image size of job updated: 460504
	105  -  MemoryUsage of job (MB)
	107416  -  ResidentSetSize of job (KB)
...
040 (4558790.020.000) 07/31 13:01:38 Started transferring output files
...
040 (4558790.020.000) 07/31 13:01:38 Finished transferring output files
...
005 (4558790.020.000) 07/31 13:01:38 Job terminated.
	(1) Normal termination (return value 0)
		Usr 0 00:00:07, Sys 0 00:00:03  -  Run Remote Usage
		Usr 0 00:00:00, Sys 0 00:00:00  -  Run Local Usage
		Usr 0 00:00:07, Sys 0 00:00:03  -  Total Remote Usage
		Usr 0 00:00:00, Sys 0 00:00:00  -  Total Local Usage
	7035  -  Run Bytes Sent By Job
	250  -  Run Bytes Received By Job
	7035  -  Total Bytes Sent By Job
	250  -  Total Bytes Received By Job
	Partitionable Resources :    Usage  Request Allocated Assigned
	   Cpus                 :                 1         1 
	   Disk (KB)            :       23        1    170537 
	   Gpus (Average)       :                 1         1 "GPU-edfd19f4"
	   Memory (MB)          :      105     2000      2000 

	Job terminated of its own accord at 2024-07-31T11:01:38Z with exit-code 0.
...
000 (4558799.020.000) 07/31 13:36:26 Job submitted from host: <188.185.16.120:9618?addrs=188.185.16.120-9618+[2001-1458-d00-65--100-39b]-9618&alias=bigbird27.cern.ch&noUDP&sock=schedd_24013_7fc8>
...
040 (4558799.020.000) 07/31 13:45:22 Started transferring input files
	Transferring to host: <188.184.195.242:9618?addrs=188.184.195.242-9618+[2001-1458-301-72--100-1f9]-9618&alias=b9g47n8171.cern.ch&noUDP&sock=slot1_1_989424_7724_62825>
...
040 (4558799.020.000) 07/31 13:45:22 Finished transferring input files
...
001 (4558799.020.000) 07/31 13:45:23 Job executing on host: <188.184.195.242:9618?addrs=188.184.195.242-9618+[2001-1458-301-72--100-1f9]-9618&alias=b9g47n8171.cern.ch&noUDP&sock=startd_15841_2fd7>
	SlotName: slot1_1@b9g47n8171.cern.ch
	AvailableGPUs = { GPUs_GPU_b66aaef1 }
	CondorScratchDir = "/pool/condor/dir_1638882"
	Cpus = 1
	Disk = 176005
	GPUs = 1
	GPUs_GPU_b66aaef1 = [ GlobalMemoryMb = 32494; MaxSupportedVersion = 12040; DriverVersion = 12.4; DeviceUuid = "b66aaef1-7a45-dc3a-20b9-6fc19b6dfe68"; DeviceName = "Tesla V100S-PCIE-32GB"; CoresPerCU = 64; ECCEnabled = true; ComputeUnits = 80; ClockMhz = 1597.0; Id = "GPU-b66aaef1"; DevicePciBusId = "0000:07:00.0"; Capability = 7.0 ]
	Memory = 2000
...
006 (4558799.020.000) 07/31 13:45:31 Image size of job updated: 110164
	107  -  MemoryUsage of job (MB)
	109472  -  ResidentSetSize of job (KB)
...
006 (4558799.020.000) 07/31 13:45:44 Image size of job updated: 462372
	107  -  MemoryUsage of job (MB)
	109472  -  ResidentSetSize of job (KB)
...
040 (4558799.020.000) 07/31 13:45:44 Started transferring output files
...
040 (4558799.020.000) 07/31 13:45:44 Finished transferring output files
...
005 (4558799.020.000) 07/31 13:45:44 Job terminated.
	(1) Normal termination (return value 0)
		Usr 0 00:00:07, Sys 0 00:00:02  -  Run Remote Usage
		Usr 0 00:00:00, Sys 0 00:00:00  -  Run Local Usage
		Usr 0 00:00:07, Sys 0 00:00:02  -  Total Remote Usage
		Usr 0 00:00:00, Sys 0 00:00:00  -  Total Local Usage
	7124  -  Run Bytes Sent By Job
	253  -  Run Bytes Received By Job
	7124  -  Total Bytes Sent By Job
	253  -  Total Bytes Received By Job
	Partitionable Resources :    Usage  Request Allocated Assigned
	   Cpus                 :                 1         1 
	   Disk (KB)            :       23        1    176005 
	   Gpus (Average)       :                 1         1 "GPU-b66aaef1"
	   Memory (MB)          :      107     2000      2000 

	Job terminated of its own accord at 2024-07-31T11:45:44Z with exit-code 0.
...
