000 (4106318.017.000) 06/12 06:30:59 Job submitted from host: <188.185.16.120:9618?addrs=188.185.16.120-9618+[2001-1458-d00-65--100-39b]-9618&alias=bigbird27.cern.ch&noUDP&sock=schedd_24013_7fc8>
...
040 (4106318.017.000) 06/12 06:31:50 Started transferring input files
	Transferring to host: <188.184.195.52:9618?addrs=188.184.195.52-9618+[2001-1458-301-72--100-373]-9618&alias=b9g47n5793.cern.ch&noUDP&sock=slot1_1_37797_27da_26707>
...
040 (4106318.017.000) 06/12 06:31:50 Finished transferring input files
...
001 (4106318.017.000) 06/12 06:31:51 Job executing on host: <188.184.195.52:9618?addrs=188.184.195.52-9618+[2001-1458-301-72--100-373]-9618&alias=b9g47n5793.cern.ch&noUDP&sock=startd_15829_f4b4>
	SlotName: slot1_1@b9g47n5793.cern.ch
	AvailableGPUs = { GPUs_GPU_39c03a24 }
	CondorScratchDir = "/pool/condor/dir_1247283"
	Cpus = 1
	Disk = 173614
	GPUs = 1
	GPUs_GPU_39c03a24 = [ GlobalMemoryMb = 32494; MaxSupportedVersion = 12040; DriverVersion = 12.4; DeviceUuid = "39c03a24-7224-d560-030e-7a742064eb2c"; DeviceName = "Tesla V100S-PCIE-32GB"; CoresPerCU = 64; ECCEnabled = true; ComputeUnits = 80; ClockMhz = 1597.0; Id = "GPU-39c03a24"; DevicePciBusId = "0000:07:00.0"; Capability = 7.0 ]
	Memory = 2000
...
006 (4106318.017.000) 06/12 06:31:53 Image size of job updated: 13924800
	751  -  MemoryUsage of job (MB)
	768800  -  ResidentSetSize of job (KB)
...
040 (4106318.017.000) 06/12 06:31:53 Started transferring output files
...
040 (4106318.017.000) 06/12 06:31:53 Finished transferring output files
...
005 (4106318.017.000) 06/12 06:31:53 Job terminated.
	(1) Normal termination (return value 126)
		Usr 1 07:36:57, Sys 0 04:03:12  -  Run Remote Usage
		Usr 0 00:00:00, Sys 0 00:00:00  -  Run Local Usage
		Usr 1 07:36:57, Sys 0 04:03:12  -  Total Remote Usage
		Usr 0 00:00:00, Sys 0 00:00:00  -  Total Local Usage
	5710  -  Run Bytes Sent By Job
	231  -  Run Bytes Received By Job
	5710  -  Total Bytes Sent By Job
	231  -  Total Bytes Received By Job
	Partitionable Resources :    Usage  Request Allocated Assigned
	   Cpus                 :                 1         1 
	   Disk (KB)            :       21        1    173614 
	   Gpus (Average)       :                 1         1 "GPU-39c03a24"
	   Memory (MB)          :      751     2000      2000 

	Job terminated of its own accord at 2024-06-12T04:31:53Z with exit-code 126.
...
000 (4121424.017.000) 06/13 12:36:20 Job submitted from host: <188.185.16.120:9618?addrs=188.185.16.120-9618+[2001-1458-d00-65--100-39b]-9618&alias=bigbird27.cern.ch&noUDP&sock=schedd_24013_7fc8>
...
040 (4121424.017.000) 06/13 12:37:17 Started transferring input files
	Transferring to host: <188.184.195.66:9618?addrs=188.184.195.66-9618+[2001-1458-301-72--100-179]-9618&alias=b9g47n0340.cern.ch&noUDP&sock=slot1_1_3657465_b653_14586>
...
040 (4121424.017.000) 06/13 12:37:17 Finished transferring input files
...
001 (4121424.017.000) 06/13 12:37:18 Job executing on host: <188.184.195.66:9618?addrs=188.184.195.66-9618+[2001-1458-301-72--100-179]-9618&alias=b9g47n0340.cern.ch&noUDP&sock=startd_15724_ef42>
	SlotName: slot1_1@b9g47n0340.cern.ch
	AvailableGPUs = { GPUs_GPU_62e6a7b2 }
	CondorScratchDir = "/pool/condor/dir_2473913"
	Cpus = 1
	Disk = 170381
	GPUs = 1
	GPUs_GPU_62e6a7b2 = [ GlobalMemoryMb = 32494; MaxSupportedVersion = 12040; DriverVersion = 12.4; DeviceUuid = "62e6a7b2-07d5-b7f6-24de-e679df367f40"; DeviceName = "Tesla V100S-PCIE-32GB"; CoresPerCU = 64; ECCEnabled = true; ComputeUnits = 80; ClockMhz = 1597.0; Id = "GPU-62e6a7b2"; DevicePciBusId = "0000:07:00.0"; Capability = 7.0 ]
	Memory = 2000
...
006 (4121424.017.000) 06/13 12:37:20 Image size of job updated: 13857932
	730  -  MemoryUsage of job (MB)
	747028  -  ResidentSetSize of job (KB)
...
040 (4121424.017.000) 06/13 12:37:20 Started transferring output files
...
040 (4121424.017.000) 06/13 12:37:20 Finished transferring output files
...
005 (4121424.017.000) 06/13 12:37:20 Job terminated.
	(1) Normal termination (return value 126)
		Usr 4 17:54:57, Sys 3 23:11:36  -  Run Remote Usage
		Usr 0 00:00:00, Sys 0 00:00:00  -  Run Local Usage
		Usr 4 17:54:57, Sys 3 23:11:36  -  Total Remote Usage
		Usr 0 00:00:00, Sys 0 00:00:00  -  Total Local Usage
	5256  -  Run Bytes Sent By Job
	231  -  Run Bytes Received By Job
	5256  -  Total Bytes Sent By Job
	231  -  Total Bytes Received By Job
	Partitionable Resources :    Usage  Request Allocated Assigned
	   Cpus                 :                 1         1 
	   Disk (KB)            :       21        1    170381 
	   Gpus (Average)       :                 1         1 "GPU-62e6a7b2"
	   Memory (MB)          :      730     2000      2000 

	Job terminated of its own accord at 2024-06-13T10:37:20Z with exit-code 126.
...
000 (4121464.017.000) 06/13 12:45:46 Job submitted from host: <188.185.16.120:9618?addrs=188.185.16.120-9618+[2001-1458-d00-65--100-39b]-9618&alias=bigbird27.cern.ch&noUDP&sock=schedd_24013_7fc8>
...
040 (4121464.017.000) 06/13 12:47:20 Started transferring input files
	Transferring to host: <188.184.195.156:9618?addrs=188.184.195.156-9618+[2001-1458-301-72--100-74]-9618&alias=b9g47n2206.cern.ch&noUDP&sock=slot1_1_561778_2bf6_30898>
...
040 (4121464.017.000) 06/13 12:47:20 Finished transferring input files
...
001 (4121464.017.000) 06/13 12:47:21 Job executing on host: <188.184.195.156:9618?addrs=188.184.195.156-9618+[2001-1458-301-72--100-74]-9618&alias=b9g47n2206.cern.ch&noUDP&sock=startd_1318856_18c3>
	SlotName: slot1_1@b9g47n2206.cern.ch
	AvailableGPUs = { GPUs_GPU_8692f1ae }
	CondorScratchDir = "/pool/condor/dir_2802652"
	Cpus = 1
	Disk = 172840
	GPUs = 1
	GPUs_GPU_8692f1ae = [ GlobalMemoryMb = 32494; MaxSupportedVersion = 12040; DriverVersion = 12.4; DeviceUuid = "8692f1ae-2f64-25cc-077a-fccf8f069c06"; DeviceName = "Tesla V100S-PCIE-32GB"; CoresPerCU = 64; ECCEnabled = true; ComputeUnits = 80; ClockMhz = 1597.0; Id = "GPU-8692f1ae"; DevicePciBusId = "0000:07:00.0"; Capability = 7.0 ]
	Memory = 2000
...
006 (4121464.017.000) 06/13 12:47:30 Image size of job updated: 107952
	106  -  MemoryUsage of job (MB)
	107692  -  ResidentSetSize of job (KB)
...
006 (4121464.017.000) 06/13 12:47:42 Image size of job updated: 461264
	106  -  MemoryUsage of job (MB)
	107692  -  ResidentSetSize of job (KB)
...
040 (4121464.017.000) 06/13 12:47:42 Started transferring output files
...
040 (4121464.017.000) 06/13 12:47:42 Finished transferring output files
...
005 (4121464.017.000) 06/13 12:47:42 Job terminated.
	(1) Normal termination (return value 0)
		Usr 0 00:00:07, Sys 0 00:00:03  -  Run Remote Usage
		Usr 0 00:00:00, Sys 0 00:00:00  -  Run Local Usage
		Usr 0 00:00:07, Sys 0 00:00:03  -  Total Remote Usage
		Usr 0 00:00:00, Sys 0 00:00:00  -  Total Local Usage
	8874  -  Run Bytes Sent By Job
	231  -  Run Bytes Received By Job
	8874  -  Total Bytes Sent By Job
	231  -  Total Bytes Received By Job
	Partitionable Resources :    Usage  Request Allocated Assigned
	   Cpus                 :                 1         1 
	   Disk (KB)            :       24        1    172840 
	   Gpus (Average)       :                 1         1 "GPU-8692f1ae"
	   Memory (MB)          :      106     2000      2000 

	Job terminated of its own accord at 2024-06-13T10:47:42Z with exit-code 0.
...
000 (4558790.017.000) 07/31 12:46:51 Job submitted from host: <188.185.16.120:9618?addrs=188.185.16.120-9618+[2001-1458-d00-65--100-39b]-9618&alias=bigbird27.cern.ch&noUDP&sock=schedd_24013_7fc8>
...
040 (4558790.017.000) 07/31 13:00:44 Started transferring input files
	Transferring to host: <188.184.195.242:9618?addrs=188.184.195.242-9618+[2001-1458-301-72--100-1f9]-9618&alias=b9g47n8171.cern.ch&noUDP&sock=slot1_1_989424_7724_62739>
...
040 (4558790.017.000) 07/31 13:00:44 Finished transferring input files
...
001 (4558790.017.000) 07/31 13:00:45 Job executing on host: <188.184.195.242:9618?addrs=188.184.195.242-9618+[2001-1458-301-72--100-1f9]-9618&alias=b9g47n8171.cern.ch&noUDP&sock=startd_15841_2fd7>
	SlotName: slot1_1@b9g47n8171.cern.ch
	AvailableGPUs = { GPUs_GPU_b66aaef1 }
	CondorScratchDir = "/pool/condor/dir_1624728"
	Cpus = 1
	Disk = 176007
	GPUs = 1
	GPUs_GPU_b66aaef1 = [ GlobalMemoryMb = 32494; MaxSupportedVersion = 12040; DriverVersion = 12.4; DeviceUuid = "b66aaef1-7a45-dc3a-20b9-6fc19b6dfe68"; DeviceName = "Tesla V100S-PCIE-32GB"; CoresPerCU = 64; ECCEnabled = true; ComputeUnits = 80; ClockMhz = 1597.0; Id = "GPU-b66aaef1"; DevicePciBusId = "0000:07:00.0"; Capability = 7.0 ]
	Memory = 2000
...
006 (4558790.017.000) 07/31 13:00:53 Image size of job updated: 108268
	106  -  MemoryUsage of job (MB)
	107784  -  ResidentSetSize of job (KB)
...
006 (4558790.017.000) 07/31 13:01:06 Image size of job updated: 460892
	106  -  MemoryUsage of job (MB)
	107784  -  ResidentSetSize of job (KB)
...
040 (4558790.017.000) 07/31 13:01:06 Started transferring output files
...
040 (4558790.017.000) 07/31 13:01:06 Finished transferring output files
...
005 (4558790.017.000) 07/31 13:01:06 Job terminated.
	(1) Normal termination (return value 0)
		Usr 0 00:00:07, Sys 0 00:00:03  -  Run Remote Usage
		Usr 0 00:00:00, Sys 0 00:00:00  -  Run Local Usage
		Usr 0 00:00:07, Sys 0 00:00:03  -  Total Remote Usage
		Usr 0 00:00:00, Sys 0 00:00:00  -  Total Local Usage
	7035  -  Run Bytes Sent By Job
	250  -  Run Bytes Received By Job
	7035  -  Total Bytes Sent By Job
	250  -  Total Bytes Received By Job
	Partitionable Resources :    Usage  Request Allocated Assigned
	   Cpus                 :                 1         1 
	   Disk (KB)            :       22        1    176007 
	   Gpus (Average)       :                 1         1 "GPU-b66aaef1"
	   Memory (MB)          :      106     2000      2000 

	Job terminated of its own accord at 2024-07-31T11:01:06Z with exit-code 0.
...
000 (4558799.017.000) 07/31 13:36:26 Job submitted from host: <188.185.16.120:9618?addrs=188.185.16.120-9618+[2001-1458-d00-65--100-39b]-9618&alias=bigbird27.cern.ch&noUDP&sock=schedd_24013_7fc8>
...
040 (4558799.017.000) 07/31 13:44:06 Started transferring input files
	Transferring to host: <188.184.195.242:9618?addrs=188.184.195.242-9618+[2001-1458-301-72--100-1f9]-9618&alias=b9g47n8171.cern.ch&noUDP&sock=slot1_1_989424_7724_62822>
...
040 (4558799.017.000) 07/31 13:44:06 Finished transferring input files
...
001 (4558799.017.000) 07/31 13:44:07 Job executing on host: <188.184.195.242:9618?addrs=188.184.195.242-9618+[2001-1458-301-72--100-1f9]-9618&alias=b9g47n8171.cern.ch&noUDP&sock=startd_15841_2fd7>
	SlotName: slot1_1@b9g47n8171.cern.ch
	AvailableGPUs = { GPUs_GPU_b66aaef1 }
	CondorScratchDir = "/pool/condor/dir_1637841"
	Cpus = 1
	Disk = 176005
	GPUs = 1
	GPUs_GPU_b66aaef1 = [ GlobalMemoryMb = 32494; MaxSupportedVersion = 12040; DriverVersion = 12.4; DeviceUuid = "b66aaef1-7a45-dc3a-20b9-6fc19b6dfe68"; DeviceName = "Tesla V100S-PCIE-32GB"; CoresPerCU = 64; ECCEnabled = true; ComputeUnits = 80; ClockMhz = 1597.0; Id = "GPU-b66aaef1"; DevicePciBusId = "0000:07:00.0"; Capability = 7.0 ]
	Memory = 2000
...
006 (4558799.017.000) 07/31 13:44:15 Image size of job updated: 107696
	105  -  MemoryUsage of job (MB)
	107428  -  ResidentSetSize of job (KB)
...
006 (4558799.017.000) 07/31 13:44:27 Image size of job updated: 460204
	105  -  MemoryUsage of job (MB)
	107428  -  ResidentSetSize of job (KB)
...
040 (4558799.017.000) 07/31 13:44:27 Started transferring output files
...
040 (4558799.017.000) 07/31 13:44:27 Finished transferring output files
...
005 (4558799.017.000) 07/31 13:44:28 Job terminated.
	(1) Normal termination (return value 0)
		Usr 0 00:00:07, Sys 0 00:00:03  -  Run Remote Usage
		Usr 0 00:00:00, Sys 0 00:00:00  -  Run Local Usage
		Usr 0 00:00:07, Sys 0 00:00:03  -  Total Remote Usage
		Usr 0 00:00:00, Sys 0 00:00:00  -  Total Local Usage
	7124  -  Run Bytes Sent By Job
	253  -  Run Bytes Received By Job
	7124  -  Total Bytes Sent By Job
	253  -  Total Bytes Received By Job
	Partitionable Resources :    Usage  Request Allocated Assigned
	   Cpus                 :                 1         1 
	   Disk (KB)            :       23        1    176005 
	   Gpus (Average)       :                 1         1 "GPU-b66aaef1"
	   Memory (MB)          :      105     2000      2000 

	Job terminated of its own accord at 2024-07-31T11:44:27Z with exit-code 0.
...
