000 (4106318.049.000) 06/12 06:30:59 Job submitted from host: <188.185.16.120:9618?addrs=188.185.16.120-9618+[2001-1458-d00-65--100-39b]-9618&alias=bigbird27.cern.ch&noUDP&sock=schedd_24013_7fc8>
...
040 (4106318.049.000) 06/12 06:32:02 Started transferring input files
	Transferring to host: <188.184.195.52:9618?addrs=188.184.195.52-9618+[2001-1458-301-72--100-373]-9618&alias=b9g47n5793.cern.ch&noUDP&sock=slot1_1_37797_27da_26710>
...
040 (4106318.049.000) 06/12 06:32:02 Finished transferring input files
...
001 (4106318.049.000) 06/12 06:32:03 Job executing on host: <188.184.195.52:9618?addrs=188.184.195.52-9618+[2001-1458-301-72--100-373]-9618&alias=b9g47n5793.cern.ch&noUDP&sock=startd_15829_f4b4>
	SlotName: slot1_1@b9g47n5793.cern.ch
	AvailableGPUs = { GPUs_GPU_39c03a24 }
	CondorScratchDir = "/pool/condor/dir_1248191"
	Cpus = 1
	Disk = 173614
	GPUs = 1
	GPUs_GPU_39c03a24 = [ GlobalMemoryMb = 32494; MaxSupportedVersion = 12040; DriverVersion = 12.4; DeviceUuid = "39c03a24-7224-d560-030e-7a742064eb2c"; DeviceName = "Tesla V100S-PCIE-32GB"; CoresPerCU = 64; ECCEnabled = true; ComputeUnits = 80; ClockMhz = 1597.0; Id = "GPU-39c03a24"; DevicePciBusId = "0000:07:00.0"; Capability = 7.0 ]
	Memory = 2000
...
006 (4106318.049.000) 06/12 06:32:05 Image size of job updated: 13924800
	751  -  MemoryUsage of job (MB)
	768596  -  ResidentSetSize of job (KB)
...
040 (4106318.049.000) 06/12 06:32:05 Started transferring output files
...
040 (4106318.049.000) 06/12 06:32:05 Finished transferring output files
...
005 (4106318.049.000) 06/12 06:32:05 Job terminated.
	(1) Normal termination (return value 126)
		Usr 1 07:37:00, Sys 0 04:03:15  -  Run Remote Usage
		Usr 0 00:00:00, Sys 0 00:00:00  -  Run Local Usage
		Usr 1 07:37:00, Sys 0 04:03:15  -  Total Remote Usage
		Usr 0 00:00:00, Sys 0 00:00:00  -  Total Local Usage
	5710  -  Run Bytes Sent By Job
	231  -  Run Bytes Received By Job
	5710  -  Total Bytes Sent By Job
	231  -  Total Bytes Received By Job
	Partitionable Resources :    Usage  Request Allocated Assigned
	   Cpus                 :                 1         1 
	   Disk (KB)            :       21        1    173614 
	   Gpus (Average)       :                 1         1 "GPU-39c03a24"
	   Memory (MB)          :      751     2000      2000 

	Job terminated of its own accord at 2024-06-12T04:32:05Z with exit-code 126.
...
000 (4121424.049.000) 06/13 12:36:20 Job submitted from host: <188.185.16.120:9618?addrs=188.185.16.120-9618+[2001-1458-d00-65--100-39b]-9618&alias=bigbird27.cern.ch&noUDP&sock=schedd_24013_7fc8>
...
040 (4121424.049.000) 06/13 12:38:07 Started transferring input files
	Transferring to host: <188.184.195.156:9618?addrs=188.184.195.156-9618+[2001-1458-301-72--100-74]-9618&alias=b9g47n2206.cern.ch&noUDP&sock=slot1_1_561778_2bf6_30892>
...
040 (4121424.049.000) 06/13 12:38:07 Finished transferring input files
...
001 (4121424.049.000) 06/13 12:38:08 Job executing on host: <188.184.195.156:9618?addrs=188.184.195.156-9618+[2001-1458-301-72--100-74]-9618&alias=b9g47n2206.cern.ch&noUDP&sock=startd_1318856_18c3>
	SlotName: slot1_1@b9g47n2206.cern.ch
	AvailableGPUs = { GPUs_GPU_8692f1ae }
	CondorScratchDir = "/pool/condor/dir_2800825"
	Cpus = 1
	Disk = 172882
	GPUs = 1
	GPUs_GPU_8692f1ae = [ GlobalMemoryMb = 32494; MaxSupportedVersion = 12040; DriverVersion = 12.4; DeviceUuid = "8692f1ae-2f64-25cc-077a-fccf8f069c06"; DeviceName = "Tesla V100S-PCIE-32GB"; CoresPerCU = 64; ECCEnabled = true; ComputeUnits = 80; ClockMhz = 1597.0; Id = "GPU-8692f1ae"; DevicePciBusId = "0000:07:00.0"; Capability = 7.0 ]
	Memory = 2000
...
006 (4121424.049.000) 06/13 12:38:10 Image size of job updated: 42492
	1  -  MemoryUsage of job (MB)
	580  -  ResidentSetSize of job (KB)
...
040 (4121424.049.000) 06/13 12:38:10 Started transferring output files
...
040 (4121424.049.000) 06/13 12:38:10 Finished transferring output files
...
005 (4121424.049.000) 06/13 12:38:10 Job terminated.
	(1) Normal termination (return value 126)
		Usr 0 00:00:00, Sys 0 00:00:00  -  Run Remote Usage
		Usr 0 00:00:00, Sys 0 00:00:00  -  Run Local Usage
		Usr 0 00:00:00, Sys 0 00:00:00  -  Total Remote Usage
		Usr 0 00:00:00, Sys 0 00:00:00  -  Total Local Usage
	5256  -  Run Bytes Sent By Job
	231  -  Run Bytes Received By Job
	5256  -  Total Bytes Sent By Job
	231  -  Total Bytes Received By Job
	Partitionable Resources :    Usage  Request Allocated Assigned
	   Cpus                 :                 1         1 
	   Disk (KB)            :       21        1    172882 
	   Gpus (Average)       :                 1         1 "GPU-8692f1ae"
	   Memory (MB)          :        1     2000      2000 

	Job terminated of its own accord at 2024-06-13T10:38:10Z with exit-code 126.
...
000 (4121464.049.000) 06/13 12:45:46 Job submitted from host: <188.185.16.120:9618?addrs=188.185.16.120-9618+[2001-1458-d00-65--100-39b]-9618&alias=bigbird27.cern.ch&noUDP&sock=schedd_24013_7fc8>
...
040 (4121464.049.000) 06/13 12:50:06 Started transferring input files
	Transferring to host: <128.142.241.88:9618?addrs=128.142.241.88-9618+[2001-1458-301-ce--100-183]-9618&alias=b9g47n2314.cern.ch&noUDP&sock=slot1_1_49099_6fe6_28576>
...
040 (4121464.049.000) 06/13 12:50:06 Finished transferring input files
...
001 (4121464.049.000) 06/13 12:50:07 Job executing on host: <128.142.241.88:9618?addrs=128.142.241.88-9618+[2001-1458-301-ce--100-183]-9618&alias=b9g47n2314.cern.ch&noUDP&sock=startd_16350_518b>
	SlotName: slot1_1@b9g47n2314.cern.ch
	AvailableGPUs = { GPUs_GPU_3d41bc53 }
	CondorScratchDir = "/pool/condor/dir_89237"
	Cpus = 1
	Disk = 470224
	GPUs = 1
	GPUs_GPU_3d41bc53 = [ GlobalMemoryMb = 32494; MaxSupportedVersion = 12040; DriverVersion = 12.4; DeviceName = "Tesla V100-PCIE-32GB"; CoresPerCU = 64; ECCEnabled = true; ComputeUnits = 80; ClockMhz = 1380.0; Id = "GPU-3d41bc53"; Capability = 7.0; DevicePciBusId = "0000:07:00.0"; DeviceUuid = "3d41bc53-1e61-dbf2-2a1c-0eafae9e0a08" ]
	Memory = 2000
...
006 (4121464.049.000) 06/13 12:50:15 Image size of job updated: 45809420
	1063  -  MemoryUsage of job (MB)
	1087768  -  ResidentSetSize of job (KB)
...
040 (4121464.049.000) 06/13 12:50:41 Started transferring output files
...
040 (4121464.049.000) 06/13 12:50:41 Finished transferring output files
...
005 (4121464.049.000) 06/13 12:50:41 Job terminated.
	(1) Normal termination (return value 0)
		Usr 8 15:31:11, Sys 5 15:37:10  -  Run Remote Usage
		Usr 0 00:00:00, Sys 0 00:00:00  -  Run Local Usage
		Usr 8 15:31:11, Sys 5 15:37:10  -  Total Remote Usage
		Usr 0 00:00:00, Sys 0 00:00:00  -  Total Local Usage
	8870  -  Run Bytes Sent By Job
	231  -  Run Bytes Received By Job
	8870  -  Total Bytes Sent By Job
	231  -  Total Bytes Received By Job
	Partitionable Resources :    Usage  Request Allocated Assigned
	   Cpus                 :                 1         1 
	   Disk (KB)            :       23        1    470224 
	   Gpus (Average)       :                 1         1 "GPU-3d41bc53"
	   Memory (MB)          :     1063     2000      2000 

	Job terminated of its own accord at 2024-06-13T10:50:41Z with exit-code 0.
...
000 (4558790.049.000) 07/31 12:46:52 Job submitted from host: <188.185.16.120:9618?addrs=188.185.16.120-9618+[2001-1458-d00-65--100-39b]-9618&alias=bigbird27.cern.ch&noUDP&sock=schedd_24013_7fc8>
...
040 (4558790.049.000) 07/31 13:06:12 Started transferring input files
	Transferring to host: <188.184.195.46:9618?addrs=188.184.195.46-9618+[2001-1458-301-72--100-249]-9618&alias=b9g47n7913.cern.ch&noUDP&sock=slot1_1_1819379_d81a_42387>
...
040 (4558790.049.000) 07/31 13:06:12 Finished transferring input files
...
001 (4558790.049.000) 07/31 13:06:13 Job executing on host: <188.184.195.46:9618?addrs=188.184.195.46-9618+[2001-1458-301-72--100-249]-9618&alias=b9g47n7913.cern.ch&noUDP&sock=startd_20749_aaa9>
	SlotName: slot1_1@b9g47n7913.cern.ch
	AvailableGPUs = { GPUs_GPU_edfd19f4 }
	CondorScratchDir = "/pool/condor/dir_457364"
	Cpus = 1
	Disk = 170537
	GPUs = 1
	GPUs_GPU_edfd19f4 = [ GlobalMemoryMb = 32494; MaxSupportedVersion = 12040; DriverVersion = 12.4; DeviceUuid = "edfd19f4-c79b-974d-4eb1-2d5a790dbc06"; DeviceName = "Tesla V100S-PCIE-32GB"; CoresPerCU = 64; ECCEnabled = true; ComputeUnits = 80; ClockMhz = 1597.0; Id = "GPU-edfd19f4"; DevicePciBusId = "0000:07:00.0"; Capability = 7.0 ]
	Memory = 2000
...
006 (4558790.049.000) 07/31 13:06:22 Image size of job updated: 108144
	105  -  MemoryUsage of job (MB)
	107408  -  ResidentSetSize of job (KB)
...
006 (4558790.049.000) 07/31 13:06:34 Image size of job updated: 460356
	105  -  MemoryUsage of job (MB)
	107408  -  ResidentSetSize of job (KB)
...
040 (4558790.049.000) 07/31 13:06:34 Started transferring output files
...
040 (4558790.049.000) 07/31 13:06:34 Finished transferring output files
...
005 (4558790.049.000) 07/31 13:06:34 Job terminated.
	(1) Normal termination (return value 0)
		Usr 0 00:00:07, Sys 0 00:00:03  -  Run Remote Usage
		Usr 0 00:00:00, Sys 0 00:00:00  -  Run Local Usage
		Usr 0 00:00:07, Sys 0 00:00:03  -  Total Remote Usage
		Usr 0 00:00:00, Sys 0 00:00:00  -  Total Local Usage
	7035  -  Run Bytes Sent By Job
	250  -  Run Bytes Received By Job
	7035  -  Total Bytes Sent By Job
	250  -  Total Bytes Received By Job
	Partitionable Resources :    Usage  Request Allocated Assigned
	   Cpus                 :                 1         1 
	   Disk (KB)            :       23        1    170537 
	   Gpus (Average)       :                 1         1 "GPU-edfd19f4"
	   Memory (MB)          :      105     2000      2000 

	Job terminated of its own accord at 2024-07-31T11:06:34Z with exit-code 0.
...
000 (4558799.049.000) 07/31 13:36:26 Job submitted from host: <188.185.16.120:9618?addrs=188.185.16.120-9618+[2001-1458-d00-65--100-39b]-9618&alias=bigbird27.cern.ch&noUDP&sock=schedd_24013_7fc8>
...
040 (4558799.049.000) 07/31 13:55:55 Started transferring input files
	Transferring to host: <188.184.195.242:9618?addrs=188.184.195.242-9618+[2001-1458-301-72--100-1f9]-9618&alias=b9g47n8171.cern.ch&noUDP&sock=slot1_1_989424_7724_62854>
...
040 (4558799.049.000) 07/31 13:55:55 Finished transferring input files
...
001 (4558799.049.000) 07/31 13:55:56 Job executing on host: <188.184.195.242:9618?addrs=188.184.195.242-9618+[2001-1458-301-72--100-1f9]-9618&alias=b9g47n8171.cern.ch&noUDP&sock=startd_15841_2fd7>
	SlotName: slot1_1@b9g47n8171.cern.ch
	AvailableGPUs = { GPUs_GPU_b66aaef1 }
	CondorScratchDir = "/pool/condor/dir_1649877"
	Cpus = 1
	Disk = 175992
	GPUs = 1
	GPUs_GPU_b66aaef1 = [ GlobalMemoryMb = 32494; MaxSupportedVersion = 12040; DriverVersion = 12.4; DeviceUuid = "b66aaef1-7a45-dc3a-20b9-6fc19b6dfe68"; DeviceName = "Tesla V100S-PCIE-32GB"; CoresPerCU = 64; ECCEnabled = true; ComputeUnits = 80; ClockMhz = 1597.0; Id = "GPU-b66aaef1"; DevicePciBusId = "0000:07:00.0"; Capability = 7.0 ]
	Memory = 2000
...
006 (4558799.049.000) 07/31 13:56:04 Image size of job updated: 108024
	105  -  MemoryUsage of job (MB)
	107408  -  ResidentSetSize of job (KB)
...
006 (4558799.049.000) 07/31 13:56:16 Image size of job updated: 462468
	105  -  MemoryUsage of job (MB)
	107408  -  ResidentSetSize of job (KB)
...
040 (4558799.049.000) 07/31 13:56:16 Started transferring output files
...
040 (4558799.049.000) 07/31 13:56:16 Finished transferring output files
...
005 (4558799.049.000) 07/31 13:56:16 Job terminated.
	(1) Normal termination (return value 0)
		Usr 0 00:00:07, Sys 0 00:00:02  -  Run Remote Usage
		Usr 0 00:00:00, Sys 0 00:00:00  -  Run Local Usage
		Usr 0 00:00:07, Sys 0 00:00:02  -  Total Remote Usage
		Usr 0 00:00:00, Sys 0 00:00:00  -  Total Local Usage
	7121  -  Run Bytes Sent By Job
	253  -  Run Bytes Received By Job
	7121  -  Total Bytes Sent By Job
	253  -  Total Bytes Received By Job
	Partitionable Resources :    Usage  Request Allocated Assigned
	   Cpus                 :                 1         1 
	   Disk (KB)            :       23        1    175992 
	   Gpus (Average)       :                 1         1 "GPU-b66aaef1"
	   Memory (MB)          :      105     2000      2000 

	Job terminated of its own accord at 2024-07-31T11:56:16Z with exit-code 0.
...
