000 (4106318.011.000) 06/12 06:30:59 Job submitted from host: <188.185.16.120:9618?addrs=188.185.16.120-9618+[2001-1458-d00-65--100-39b]-9618&alias=bigbird27.cern.ch&noUDP&sock=schedd_24013_7fc8>
...
040 (4106318.011.000) 06/12 06:31:45 Started transferring input files
	Transferring to host: <188.184.195.62:9618?addrs=188.184.195.62-9618+[2001-1458-301-72--100-36d]-9618&alias=b9g47n7532.cern.ch&noUDP&sock=slot1_1_1088167_d773_26018>
...
040 (4106318.011.000) 06/12 06:31:45 Finished transferring input files
...
001 (4106318.011.000) 06/12 06:31:46 Job executing on host: <188.184.195.62:9618?addrs=188.184.195.62-9618+[2001-1458-301-72--100-36d]-9618&alias=b9g47n7532.cern.ch&noUDP&sock=startd_15488_0ee8>
	SlotName: slot1_1@b9g47n7532.cern.ch
	AvailableGPUs = { GPUs_GPU_79da0196 }
	CondorScratchDir = "/pool/condor/dir_2171839"
	Cpus = 1
	Disk = 175798
	GPUs = 1
	GPUs_GPU_79da0196 = [ GlobalMemoryMb = 32494; MaxSupportedVersion = 12040; DriverVersion = 12.4; DeviceUuid = "79da0196-c82c-8eb2-f434-a348c03e4cd8"; DeviceName = "Tesla V100S-PCIE-32GB"; CoresPerCU = 64; ECCEnabled = true; ComputeUnits = 80; ClockMhz = 1597.0; Id = "GPU-79da0196"; DevicePciBusId = "0000:07:00.0"; Capability = 7.0 ]
	Memory = 2000
...
006 (4106318.011.000) 06/12 06:31:49 Image size of job updated: 13929304
	409  -  MemoryUsage of job (MB)
	418480  -  ResidentSetSize of job (KB)
...
040 (4106318.011.000) 06/12 06:31:49 Started transferring output files
...
040 (4106318.011.000) 06/12 06:31:49 Finished transferring output files
...
005 (4106318.011.000) 06/12 06:31:49 Job terminated.
	(1) Normal termination (return value 126)
		Usr 1 18:02:24, Sys 0 01:17:14  -  Run Remote Usage
		Usr 0 00:00:00, Sys 0 00:00:00  -  Run Local Usage
		Usr 1 18:02:24, Sys 0 01:17:14  -  Total Remote Usage
		Usr 0 00:00:00, Sys 0 00:00:00  -  Total Local Usage
	5710  -  Run Bytes Sent By Job
	231  -  Run Bytes Received By Job
	5710  -  Total Bytes Sent By Job
	231  -  Total Bytes Received By Job
	Partitionable Resources :    Usage  Request Allocated Assigned
	   Cpus                 :                 1         1 
	   Disk (KB)            :       20        1    175798 
	   Gpus (Average)       :                 1         1 "GPU-79da0196"
	   Memory (MB)          :      409     2000      2000 

	Job terminated of its own accord at 2024-06-12T04:31:49Z with exit-code 126.
...
000 (4121424.011.000) 06/13 12:36:20 Job submitted from host: <188.185.16.120:9618?addrs=188.185.16.120-9618+[2001-1458-d00-65--100-39b]-9618&alias=bigbird27.cern.ch&noUDP&sock=schedd_24013_7fc8>
...
040 (4121424.011.000) 06/13 12:37:13 Started transferring input files
	Transferring to host: <188.184.195.66:9618?addrs=188.184.195.66-9618+[2001-1458-301-72--100-179]-9618&alias=b9g47n0340.cern.ch&noUDP&sock=slot1_1_3657465_b653_14585>
...
040 (4121424.011.000) 06/13 12:37:13 Finished transferring input files
...
001 (4121424.011.000) 06/13 12:37:14 Job executing on host: <188.184.195.66:9618?addrs=188.184.195.66-9618+[2001-1458-301-72--100-179]-9618&alias=b9g47n0340.cern.ch&noUDP&sock=startd_15724_ef42>
	SlotName: slot1_1@b9g47n0340.cern.ch
	AvailableGPUs = { GPUs_GPU_62e6a7b2 }
	CondorScratchDir = "/pool/condor/dir_2473609"
	Cpus = 1
	Disk = 170381
	GPUs = 1
	GPUs_GPU_62e6a7b2 = [ GlobalMemoryMb = 32494; MaxSupportedVersion = 12040; DriverVersion = 12.4; DeviceUuid = "62e6a7b2-07d5-b7f6-24de-e679df367f40"; DeviceName = "Tesla V100S-PCIE-32GB"; CoresPerCU = 64; ECCEnabled = true; ComputeUnits = 80; ClockMhz = 1597.0; Id = "GPU-62e6a7b2"; DevicePciBusId = "0000:07:00.0"; Capability = 7.0 ]
	Memory = 2000
...
006 (4121424.011.000) 06/13 12:37:16 Image size of job updated: 13857932
	730  -  MemoryUsage of job (MB)
	746880  -  ResidentSetSize of job (KB)
...
040 (4121424.011.000) 06/13 12:37:16 Started transferring output files
...
040 (4121424.011.000) 06/13 12:37:16 Finished transferring output files
...
005 (4121424.011.000) 06/13 12:37:16 Job terminated.
	(1) Normal termination (return value 126)
		Usr 4 17:54:56, Sys 3 23:11:35  -  Run Remote Usage
		Usr 0 00:00:00, Sys 0 00:00:00  -  Run Local Usage
		Usr 4 17:54:56, Sys 3 23:11:35  -  Total Remote Usage
		Usr 0 00:00:00, Sys 0 00:00:00  -  Total Local Usage
	5256  -  Run Bytes Sent By Job
	231  -  Run Bytes Received By Job
	5256  -  Total Bytes Sent By Job
	231  -  Total Bytes Received By Job
	Partitionable Resources :    Usage  Request Allocated Assigned
	   Cpus                 :                 1         1 
	   Disk (KB)            :       21        1    170381 
	   Gpus (Average)       :                 1         1 "GPU-62e6a7b2"
	   Memory (MB)          :      730     2000      2000 

	Job terminated of its own accord at 2024-06-13T10:37:16Z with exit-code 126.
...
000 (4121464.011.000) 06/13 12:45:46 Job submitted from host: <188.185.16.120:9618?addrs=188.185.16.120-9618+[2001-1458-d00-65--100-39b]-9618&alias=bigbird27.cern.ch&noUDP&sock=schedd_24013_7fc8>
...
040 (4121464.011.000) 06/13 12:46:57 Started transferring input files
	Transferring to host: <128.142.241.88:9618?addrs=128.142.241.88-9618+[2001-1458-301-ce--100-183]-9618&alias=b9g47n2314.cern.ch&noUDP&sock=slot1_1_49099_6fe6_28571>
...
040 (4121464.011.000) 06/13 12:46:57 Finished transferring input files
...
001 (4121464.011.000) 06/13 12:46:58 Job executing on host: <128.142.241.88:9618?addrs=128.142.241.88-9618+[2001-1458-301-ce--100-183]-9618&alias=b9g47n2314.cern.ch&noUDP&sock=startd_16350_518b>
	SlotName: slot1_1@b9g47n2314.cern.ch
	AvailableGPUs = { GPUs_GPU_3d41bc53 }
	CondorScratchDir = "/pool/condor/dir_87152"
	Cpus = 1
	Disk = 468476
	GPUs = 1
	GPUs_GPU_3d41bc53 = [ GlobalMemoryMb = 32494; MaxSupportedVersion = 12040; DriverVersion = 12.4; DeviceName = "Tesla V100-PCIE-32GB"; CoresPerCU = 64; ECCEnabled = true; ComputeUnits = 80; ClockMhz = 1380.0; Id = "GPU-3d41bc53"; Capability = 7.0; DevicePciBusId = "0000:07:00.0"; DeviceUuid = "3d41bc53-1e61-dbf2-2a1c-0eafae9e0a08" ]
	Memory = 2000
...
006 (4121464.011.000) 06/13 12:47:06 Image size of job updated: 45809420
	1062  -  MemoryUsage of job (MB)
	1086896  -  ResidentSetSize of job (KB)
...
040 (4121464.011.000) 06/13 12:47:27 Started transferring output files
...
040 (4121464.011.000) 06/13 12:47:27 Finished transferring output files
...
005 (4121464.011.000) 06/13 12:47:27 Job terminated.
	(1) Normal termination (return value 0)
		Usr 8 15:30:30, Sys 5 15:36:47  -  Run Remote Usage
		Usr 0 00:00:00, Sys 0 00:00:00  -  Run Local Usage
		Usr 8 15:30:30, Sys 5 15:36:47  -  Total Remote Usage
		Usr 0 00:00:00, Sys 0 00:00:00  -  Total Local Usage
	8870  -  Run Bytes Sent By Job
	231  -  Run Bytes Received By Job
	8870  -  Total Bytes Sent By Job
	231  -  Total Bytes Received By Job
	Partitionable Resources :    Usage  Request Allocated Assigned
	   Cpus                 :                 1         1 
	   Disk (KB)            :       25        1    468476 
	   Gpus (Average)       :                 1         1 "GPU-3d41bc53"
	   Memory (MB)          :     1062     2000      2000 

	Job terminated of its own accord at 2024-06-13T10:47:27Z with exit-code 0.
...
000 (4558790.011.000) 07/31 12:46:51 Job submitted from host: <188.185.16.120:9618?addrs=188.185.16.120-9618+[2001-1458-d00-65--100-39b]-9618&alias=bigbird27.cern.ch&noUDP&sock=schedd_24013_7fc8>
...
040 (4558790.011.000) 07/31 12:59:30 Started transferring input files
	Transferring to host: <188.184.195.52:9618?addrs=188.184.195.52-9618+[2001-1458-301-72--100-373]-9618&alias=b9g47n5793.cern.ch&noUDP&sock=slot1_1_3200431_e9fa_23504>
...
040 (4558790.011.000) 07/31 12:59:30 Finished transferring input files
...
001 (4558790.011.000) 07/31 12:59:31 Job executing on host: <188.184.195.52:9618?addrs=188.184.195.52-9618+[2001-1458-301-72--100-373]-9618&alias=b9g47n5793.cern.ch&noUDP&sock=startd_15829_f4b4>
	SlotName: slot1_1@b9g47n5793.cern.ch
	AvailableGPUs = { GPUs_GPU_39c03a24 }
	CondorScratchDir = "/pool/condor/dir_3375640"
	Cpus = 1
	Disk = 169578
	GPUs = 1
	GPUs_GPU_39c03a24 = [ GlobalMemoryMb = 32494; MaxSupportedVersion = 12040; DriverVersion = 12.4; DeviceUuid = "39c03a24-7224-d560-030e-7a742064eb2c"; DeviceName = "Tesla V100S-PCIE-32GB"; CoresPerCU = 64; ECCEnabled = true; ComputeUnits = 80; ClockMhz = 1597.0; Id = "GPU-39c03a24"; DevicePciBusId = "0000:07:00.0"; Capability = 7.0 ]
	Memory = 2000
...
006 (4558790.011.000) 07/31 12:59:40 Image size of job updated: 107664
	106  -  MemoryUsage of job (MB)
	107664  -  ResidentSetSize of job (KB)
...
006 (4558790.011.000) 07/31 12:59:52 Image size of job updated: 460216
	106  -  MemoryUsage of job (MB)
	107664  -  ResidentSetSize of job (KB)
...
040 (4558790.011.000) 07/31 12:59:52 Started transferring output files
...
040 (4558790.011.000) 07/31 12:59:52 Finished transferring output files
...
005 (4558790.011.000) 07/31 12:59:52 Job terminated.
	(1) Normal termination (return value 0)
		Usr 0 00:00:08, Sys 0 00:00:03  -  Run Remote Usage
		Usr 0 00:00:00, Sys 0 00:00:00  -  Run Local Usage
		Usr 0 00:00:08, Sys 0 00:00:03  -  Total Remote Usage
		Usr 0 00:00:00, Sys 0 00:00:00  -  Total Local Usage
	8526  -  Run Bytes Sent By Job
	250  -  Run Bytes Received By Job
	8526  -  Total Bytes Sent By Job
	250  -  Total Bytes Received By Job
	Partitionable Resources :    Usage  Request Allocated Assigned
	   Cpus                 :                 1         1 
	   Disk (KB)            :       24        1    169578 
	   Gpus (Average)       :                 1         1 "GPU-39c03a24"
	   Memory (MB)          :      106     2000      2000 

	Job terminated of its own accord at 2024-07-31T10:59:52Z with exit-code 0.
...
000 (4558799.011.000) 07/31 13:36:26 Job submitted from host: <188.185.16.120:9618?addrs=188.185.16.120-9618+[2001-1458-d00-65--100-39b]-9618&alias=bigbird27.cern.ch&noUDP&sock=schedd_24013_7fc8>
...
040 (4558799.011.000) 07/31 13:41:44 Started transferring input files
	Transferring to host: <188.184.195.242:9618?addrs=188.184.195.242-9618+[2001-1458-301-72--100-1f9]-9618&alias=b9g47n8171.cern.ch&noUDP&sock=slot1_1_989424_7724_62814>
...
040 (4558799.011.000) 07/31 13:41:44 Finished transferring input files
...
001 (4558799.011.000) 07/31 13:41:45 Job executing on host: <188.184.195.242:9618?addrs=188.184.195.242-9618+[2001-1458-301-72--100-1f9]-9618&alias=b9g47n8171.cern.ch&noUDP&sock=startd_15841_2fd7>
	SlotName: slot1_1@b9g47n8171.cern.ch
	AvailableGPUs = { GPUs_GPU_b66aaef1 }
	CondorScratchDir = "/pool/condor/dir_1634616"
	Cpus = 1
	Disk = 176005
	GPUs = 1
	GPUs_GPU_b66aaef1 = [ GlobalMemoryMb = 32494; MaxSupportedVersion = 12040; DriverVersion = 12.4; DeviceUuid = "b66aaef1-7a45-dc3a-20b9-6fc19b6dfe68"; DeviceName = "Tesla V100S-PCIE-32GB"; CoresPerCU = 64; ECCEnabled = true; ComputeUnits = 80; ClockMhz = 1597.0; Id = "GPU-b66aaef1"; DevicePciBusId = "0000:07:00.0"; Capability = 7.0 ]
	Memory = 2000
...
006 (4558799.011.000) 07/31 13:41:53 Image size of job updated: 108032
	105  -  MemoryUsage of job (MB)
	107512  -  ResidentSetSize of job (KB)
...
006 (4558799.011.000) 07/31 13:42:06 Image size of job updated: 460560
	105  -  MemoryUsage of job (MB)
	107512  -  ResidentSetSize of job (KB)
...
040 (4558799.011.000) 07/31 13:42:06 Started transferring output files
...
040 (4558799.011.000) 07/31 13:42:06 Finished transferring output files
...
005 (4558799.011.000) 07/31 13:42:06 Job terminated.
	(1) Normal termination (return value 0)
		Usr 0 00:00:07, Sys 0 00:00:03  -  Run Remote Usage
		Usr 0 00:00:00, Sys 0 00:00:00  -  Run Local Usage
		Usr 0 00:00:07, Sys 0 00:00:03  -  Total Remote Usage
		Usr 0 00:00:00, Sys 0 00:00:00  -  Total Local Usage
	7124  -  Run Bytes Sent By Job
	253  -  Run Bytes Received By Job
	7124  -  Total Bytes Sent By Job
	253  -  Total Bytes Received By Job
	Partitionable Resources :    Usage  Request Allocated Assigned
	   Cpus                 :                 1         1 
	   Disk (KB)            :       23        1    176005 
	   Gpus (Average)       :                 1         1 "GPU-b66aaef1"
	   Memory (MB)          :      105     2000      2000 

	Job terminated of its own accord at 2024-07-31T11:42:06Z with exit-code 0.
...
