000 (4106318.043.000) 06/12 06:30:59 Job submitted from host: <188.185.16.120:9618?addrs=188.185.16.120-9618+[2001-1458-d00-65--100-39b]-9618&alias=bigbird27.cern.ch&noUDP&sock=schedd_24013_7fc8>
...
040 (4106318.043.000) 06/12 06:32:00 Started transferring input files
	Transferring to host: <188.184.195.143:9618?addrs=188.184.195.143-9618+[2001-1458-301-72--100-43]-9618&alias=b9g47n6314.cern.ch&noUDP&sock=slot1_1_2714750_b673_11776>
...
040 (4106318.043.000) 06/12 06:32:00 Finished transferring input files
...
001 (4106318.043.000) 06/12 06:32:01 Job executing on host: <188.184.195.143:9618?addrs=188.184.195.143-9618+[2001-1458-301-72--100-43]-9618&alias=b9g47n6314.cern.ch&noUDP&sock=startd_4897_835e>
	SlotName: slot1_1@b9g47n6314.cern.ch
	AvailableGPUs = { GPUs_GPU_5dec0905 }
	CondorScratchDir = "/pool/condor/dir_1094684"
	Cpus = 1
	Disk = 174853
	GPUs = 1
	GPUs_GPU_5dec0905 = [ GlobalMemoryMb = 32494; MaxSupportedVersion = 12040; DriverVersion = 12.4; DeviceUuid = "5dec0905-9263-7ed1-d04c-caa2279b8d21"; DeviceName = "Tesla V100S-PCIE-32GB"; CoresPerCU = 64; ECCEnabled = true; ComputeUnits = 80; ClockMhz = 1597.0; Id = "GPU-5dec0905"; DevicePciBusId = "0000:07:00.0"; Capability = 7.0 ]
	Memory = 2000
...
006 (4106318.043.000) 06/12 06:32:03 Image size of job updated: 14101060
	246  -  MemoryUsage of job (MB)
	251508  -  ResidentSetSize of job (KB)
...
040 (4106318.043.000) 06/12 06:32:03 Started transferring output files
...
040 (4106318.043.000) 06/12 06:32:03 Finished transferring output files
...
005 (4106318.043.000) 06/12 06:32:03 Job terminated.
	(1) Normal termination (return value 126)
		Usr 1 13:41:51, Sys 0 17:50:18  -  Run Remote Usage
		Usr 0 00:00:00, Sys 0 00:00:00  -  Run Local Usage
		Usr 1 13:41:51, Sys 0 17:50:18  -  Total Remote Usage
		Usr 0 00:00:00, Sys 0 00:00:00  -  Total Local Usage
	5710  -  Run Bytes Sent By Job
	231  -  Run Bytes Received By Job
	5710  -  Total Bytes Sent By Job
	231  -  Total Bytes Received By Job
	Partitionable Resources :    Usage  Request Allocated Assigned
	   Cpus                 :                 1         1 
	   Disk (KB)            :       21        1    174853 
	   Gpus (Average)       :                 1         1 "GPU-5dec0905"
	   Memory (MB)          :      246     2000      2000 

	Job terminated of its own accord at 2024-06-12T04:32:03Z with exit-code 126.
...
000 (4121424.043.000) 06/13 12:36:20 Job submitted from host: <188.185.16.120:9618?addrs=188.185.16.120-9618+[2001-1458-d00-65--100-39b]-9618&alias=bigbird27.cern.ch&noUDP&sock=schedd_24013_7fc8>
...
040 (4121424.043.000) 06/13 12:38:03 Started transferring input files
	Transferring to host: <188.184.195.156:9618?addrs=188.184.195.156-9618+[2001-1458-301-72--100-74]-9618&alias=b9g47n2206.cern.ch&noUDP&sock=slot1_1_561778_2bf6_30891>
...
040 (4121424.043.000) 06/13 12:38:03 Finished transferring input files
...
001 (4121424.043.000) 06/13 12:38:04 Job executing on host: <188.184.195.156:9618?addrs=188.184.195.156-9618+[2001-1458-301-72--100-74]-9618&alias=b9g47n2206.cern.ch&noUDP&sock=startd_1318856_18c3>
	SlotName: slot1_1@b9g47n2206.cern.ch
	AvailableGPUs = { GPUs_GPU_8692f1ae }
	CondorScratchDir = "/pool/condor/dir_2800522"
	Cpus = 1
	Disk = 172882
	GPUs = 1
	GPUs_GPU_8692f1ae = [ GlobalMemoryMb = 32494; MaxSupportedVersion = 12040; DriverVersion = 12.4; DeviceUuid = "8692f1ae-2f64-25cc-077a-fccf8f069c06"; DeviceName = "Tesla V100S-PCIE-32GB"; CoresPerCU = 64; ECCEnabled = true; ComputeUnits = 80; ClockMhz = 1597.0; Id = "GPU-8692f1ae"; DevicePciBusId = "0000:07:00.0"; Capability = 7.0 ]
	Memory = 2000
...
006 (4121424.043.000) 06/13 12:38:06 Image size of job updated: 42340
	1  -  MemoryUsage of job (MB)
	156  -  ResidentSetSize of job (KB)
...
040 (4121424.043.000) 06/13 12:38:06 Started transferring output files
...
040 (4121424.043.000) 06/13 12:38:06 Finished transferring output files
...
005 (4121424.043.000) 06/13 12:38:06 Job terminated.
	(1) Normal termination (return value 126)
		Usr 0 00:00:00, Sys 0 00:00:00  -  Run Remote Usage
		Usr 0 00:00:00, Sys 0 00:00:00  -  Run Local Usage
		Usr 0 00:00:00, Sys 0 00:00:00  -  Total Remote Usage
		Usr 0 00:00:00, Sys 0 00:00:00  -  Total Local Usage
	5256  -  Run Bytes Sent By Job
	231  -  Run Bytes Received By Job
	5256  -  Total Bytes Sent By Job
	231  -  Total Bytes Received By Job
	Partitionable Resources :    Usage  Request Allocated Assigned
	   Cpus                 :                 1         1 
	   Disk (KB)            :       20        1    172882 
	   Gpus (Average)       :                 1         1 "GPU-8692f1ae"
	   Memory (MB)          :        1     2000      2000 

	Job terminated of its own accord at 2024-06-13T10:38:06Z with exit-code 126.
...
000 (4121464.043.000) 06/13 12:45:46 Job submitted from host: <188.185.16.120:9618?addrs=188.185.16.120-9618+[2001-1458-d00-65--100-39b]-9618&alias=bigbird27.cern.ch&noUDP&sock=schedd_24013_7fc8>
...
040 (4121464.043.000) 06/13 12:49:48 Started transferring input files
	Transferring to host: <188.184.195.156:9618?addrs=188.184.195.156-9618+[2001-1458-301-72--100-74]-9618&alias=b9g47n2206.cern.ch&noUDP&sock=slot1_1_561778_2bf6_30905>
...
040 (4121464.043.000) 06/13 12:49:48 Finished transferring input files
...
001 (4121464.043.000) 06/13 12:49:49 Job executing on host: <188.184.195.156:9618?addrs=188.184.195.156-9618+[2001-1458-301-72--100-74]-9618&alias=b9g47n2206.cern.ch&noUDP&sock=startd_1318856_18c3>
	SlotName: slot1_1@b9g47n2206.cern.ch
	AvailableGPUs = { GPUs_GPU_8692f1ae }
	CondorScratchDir = "/pool/condor/dir_2806683"
	Cpus = 1
	Disk = 172811
	GPUs = 1
	GPUs_GPU_8692f1ae = [ GlobalMemoryMb = 32494; MaxSupportedVersion = 12040; DriverVersion = 12.4; DeviceUuid = "8692f1ae-2f64-25cc-077a-fccf8f069c06"; DeviceName = "Tesla V100S-PCIE-32GB"; CoresPerCU = 64; ECCEnabled = true; ComputeUnits = 80; ClockMhz = 1597.0; Id = "GPU-8692f1ae"; DevicePciBusId = "0000:07:00.0"; Capability = 7.0 ]
	Memory = 2000
...
006 (4121464.043.000) 06/13 12:49:57 Image size of job updated: 107848
	106  -  MemoryUsage of job (MB)
	107592  -  ResidentSetSize of job (KB)
...
006 (4121464.043.000) 06/13 12:50:09 Image size of job updated: 460540
	106  -  MemoryUsage of job (MB)
	107592  -  ResidentSetSize of job (KB)
...
040 (4121464.043.000) 06/13 12:50:09 Started transferring output files
...
040 (4121464.043.000) 06/13 12:50:09 Finished transferring output files
...
005 (4121464.043.000) 06/13 12:50:09 Job terminated.
	(1) Normal termination (return value 0)
		Usr 0 00:00:07, Sys 0 00:00:02  -  Run Remote Usage
		Usr 0 00:00:00, Sys 0 00:00:00  -  Run Local Usage
		Usr 0 00:00:07, Sys 0 00:00:02  -  Total Remote Usage
		Usr 0 00:00:00, Sys 0 00:00:00  -  Total Local Usage
	8868  -  Run Bytes Sent By Job
	231  -  Run Bytes Received By Job
	8868  -  Total Bytes Sent By Job
	231  -  Total Bytes Received By Job
	Partitionable Resources :    Usage  Request Allocated Assigned
	   Cpus                 :                 1         1 
	   Disk (KB)            :       25        1    172811 
	   Gpus (Average)       :                 1         1 "GPU-8692f1ae"
	   Memory (MB)          :      106     2000      2000 

	Job terminated of its own accord at 2024-06-13T10:50:09Z with exit-code 0.
...
000 (4558790.043.000) 07/31 12:46:52 Job submitted from host: <188.185.16.120:9618?addrs=188.185.16.120-9618+[2001-1458-d00-65--100-39b]-9618&alias=bigbird27.cern.ch&noUDP&sock=schedd_24013_7fc8>
...
040 (4558790.043.000) 07/31 13:05:11 Started transferring input files
	Transferring to host: <188.184.195.242:9618?addrs=188.184.195.242-9618+[2001-1458-301-72--100-1f9]-9618&alias=b9g47n8171.cern.ch&noUDP&sock=slot1_1_989424_7724_62752>
...
040 (4558790.043.000) 07/31 13:05:11 Finished transferring input files
...
001 (4558790.043.000) 07/31 13:05:12 Job executing on host: <188.184.195.242:9618?addrs=188.184.195.242-9618+[2001-1458-301-72--100-1f9]-9618&alias=b9g47n8171.cern.ch&noUDP&sock=startd_15841_2fd7>
	SlotName: slot1_1@b9g47n8171.cern.ch
	AvailableGPUs = { GPUs_GPU_b66aaef1 }
	CondorScratchDir = "/pool/condor/dir_1628545"
	Cpus = 1
	Disk = 176007
	GPUs = 1
	GPUs_GPU_b66aaef1 = [ GlobalMemoryMb = 32494; MaxSupportedVersion = 12040; DriverVersion = 12.4; DeviceUuid = "b66aaef1-7a45-dc3a-20b9-6fc19b6dfe68"; DeviceName = "Tesla V100S-PCIE-32GB"; CoresPerCU = 64; ECCEnabled = true; ComputeUnits = 80; ClockMhz = 1597.0; Id = "GPU-b66aaef1"; DevicePciBusId = "0000:07:00.0"; Capability = 7.0 ]
	Memory = 2000
...
006 (4558790.043.000) 07/31 13:05:20 Image size of job updated: 108220
	105  -  MemoryUsage of job (MB)
	107476  -  ResidentSetSize of job (KB)
...
006 (4558790.043.000) 07/31 13:05:32 Image size of job updated: 460168
	105  -  MemoryUsage of job (MB)
	107476  -  ResidentSetSize of job (KB)
...
040 (4558790.043.000) 07/31 13:05:32 Started transferring output files
...
040 (4558790.043.000) 07/31 13:05:32 Finished transferring output files
...
005 (4558790.043.000) 07/31 13:05:32 Job terminated.
	(1) Normal termination (return value 0)
		Usr 0 00:00:07, Sys 0 00:00:03  -  Run Remote Usage
		Usr 0 00:00:00, Sys 0 00:00:00  -  Run Local Usage
		Usr 0 00:00:07, Sys 0 00:00:03  -  Total Remote Usage
		Usr 0 00:00:00, Sys 0 00:00:00  -  Total Local Usage
	7032  -  Run Bytes Sent By Job
	250  -  Run Bytes Received By Job
	7032  -  Total Bytes Sent By Job
	250  -  Total Bytes Received By Job
	Partitionable Resources :    Usage  Request Allocated Assigned
	   Cpus                 :                 1         1 
	   Disk (KB)            :       23        1    176007 
	   Gpus (Average)       :                 1         1 "GPU-b66aaef1"
	   Memory (MB)          :      105     2000      2000 

	Job terminated of its own accord at 2024-07-31T11:05:32Z with exit-code 0.
...
000 (4558799.043.000) 07/31 13:36:26 Job submitted from host: <188.185.16.120:9618?addrs=188.185.16.120-9618+[2001-1458-d00-65--100-39b]-9618&alias=bigbird27.cern.ch&noUDP&sock=schedd_24013_7fc8>
...
040 (4558799.043.000) 07/31 13:54:27 Started transferring input files
	Transferring to host: <188.184.195.242:9618?addrs=188.184.195.242-9618+[2001-1458-301-72--100-1f9]-9618&alias=b9g47n8171.cern.ch&noUDP&sock=slot1_1_989424_7724_62849>
...
040 (4558799.043.000) 07/31 13:54:27 Finished transferring input files
...
001 (4558799.043.000) 07/31 13:54:28 Job executing on host: <188.184.195.242:9618?addrs=188.184.195.242-9618+[2001-1458-301-72--100-1f9]-9618&alias=b9g47n8171.cern.ch&noUDP&sock=startd_15841_2fd7>
	SlotName: slot1_1@b9g47n8171.cern.ch
	AvailableGPUs = { GPUs_GPU_b66aaef1 }
	CondorScratchDir = "/pool/condor/dir_1648488"
	Cpus = 1
	Disk = 175992
	GPUs = 1
	GPUs_GPU_b66aaef1 = [ GlobalMemoryMb = 32494; MaxSupportedVersion = 12040; DriverVersion = 12.4; DeviceUuid = "b66aaef1-7a45-dc3a-20b9-6fc19b6dfe68"; DeviceName = "Tesla V100S-PCIE-32GB"; CoresPerCU = 64; ECCEnabled = true; ComputeUnits = 80; ClockMhz = 1597.0; Id = "GPU-b66aaef1"; DevicePciBusId = "0000:07:00.0"; Capability = 7.0 ]
	Memory = 2000
...
006 (4558799.043.000) 07/31 13:54:36 Image size of job updated: 108176
	106  -  MemoryUsage of job (MB)
	107692  -  ResidentSetSize of job (KB)
...
006 (4558799.043.000) 07/31 13:54:49 Image size of job updated: 461216
	106  -  MemoryUsage of job (MB)
	107692  -  ResidentSetSize of job (KB)
...
040 (4558799.043.000) 07/31 13:54:49 Started transferring output files
...
040 (4558799.043.000) 07/31 13:54:49 Finished transferring output files
...
005 (4558799.043.000) 07/31 13:54:49 Job terminated.
	(1) Normal termination (return value 0)
		Usr 0 00:00:07, Sys 0 00:00:03  -  Run Remote Usage
		Usr 0 00:00:00, Sys 0 00:00:00  -  Run Local Usage
		Usr 0 00:00:07, Sys 0 00:00:03  -  Total Remote Usage
		Usr 0 00:00:00, Sys 0 00:00:00  -  Total Local Usage
	7121  -  Run Bytes Sent By Job
	253  -  Run Bytes Received By Job
	7121  -  Total Bytes Sent By Job
	253  -  Total Bytes Received By Job
	Partitionable Resources :    Usage  Request Allocated Assigned
	   Cpus                 :                 1         1 
	   Disk (KB)            :       22        1    175992 
	   Gpus (Average)       :                 1         1 "GPU-b66aaef1"
	   Memory (MB)          :      106     2000      2000 

	Job terminated of its own accord at 2024-07-31T11:54:49Z with exit-code 0.
...
