000 (4106318.009.000) 06/12 06:30:59 Job submitted from host: <188.185.16.120:9618?addrs=188.185.16.120-9618+[2001-1458-d00-65--100-39b]-9618&alias=bigbird27.cern.ch&noUDP&sock=schedd_24013_7fc8>
...
040 (4106318.009.000) 06/12 06:31:45 Started transferring input files
	Transferring to host: <188.184.195.94:9618?addrs=188.184.195.94-9618+[2001-1458-301-72--100-30]-9618&alias=b9g47n8731.cern.ch&noUDP&sock=slot1_1_4015146_5584_11418>
...
040 (4106318.009.000) 06/12 06:31:45 Finished transferring input files
...
001 (4106318.009.000) 06/12 06:31:46 Job executing on host: <188.184.195.94:9618?addrs=188.184.195.94-9618+[2001-1458-301-72--100-30]-9618&alias=b9g47n8731.cern.ch&noUDP&sock=startd_15724_ef42>
	SlotName: slot1_1@b9g47n8731.cern.ch
	AvailableGPUs = { GPUs_GPU_c4e6d068 }
	CondorScratchDir = "/pool/condor/dir_2286675"
	Cpus = 1
	Disk = 171069
	GPUs = 1
	GPUs_GPU_c4e6d068 = [ GlobalMemoryMb = 32494; MaxSupportedVersion = 12040; DriverVersion = 12.4; DeviceUuid = "c4e6d068-3d0c-fa9f-2659-d325e40f57e2"; DeviceName = "Tesla V100S-PCIE-32GB"; CoresPerCU = 64; ECCEnabled = true; ComputeUnits = 80; ClockMhz = 1597.0; Id = "GPU-c4e6d068"; DevicePciBusId = "0000:07:00.0"; Capability = 7.0 ]
	Memory = 2000
...
006 (4106318.009.000) 06/12 06:31:49 Image size of job updated: 14164592
	350  -  MemoryUsage of job (MB)
	357540  -  ResidentSetSize of job (KB)
...
040 (4106318.009.000) 06/12 06:31:49 Started transferring output files
...
040 (4106318.009.000) 06/12 06:31:49 Finished transferring output files
...
005 (4106318.009.000) 06/12 06:31:49 Job terminated.
	(1) Normal termination (return value 126)
		Usr 1 16:40:10, Sys 0 22:46:29  -  Run Remote Usage
		Usr 0 00:00:00, Sys 0 00:00:00  -  Run Local Usage
		Usr 1 16:40:10, Sys 0 22:46:29  -  Total Remote Usage
		Usr 0 00:00:00, Sys 0 00:00:00  -  Total Local Usage
	5709  -  Run Bytes Sent By Job
	231  -  Run Bytes Received By Job
	5709  -  Total Bytes Sent By Job
	231  -  Total Bytes Received By Job
	Partitionable Resources :    Usage  Request Allocated Assigned
	   Cpus                 :                 1         1 
	   Disk (KB)            :       20        1    171069 
	   Gpus (Average)       :                 1         1 "GPU-c4e6d068"
	   Memory (MB)          :      350     2000      2000 

	Job terminated of its own accord at 2024-06-12T04:31:49Z with exit-code 126.
...
000 (4121424.009.000) 06/13 12:36:20 Job submitted from host: <188.185.16.120:9618?addrs=188.185.16.120-9618+[2001-1458-d00-65--100-39b]-9618&alias=bigbird27.cern.ch&noUDP&sock=schedd_24013_7fc8>
...
040 (4121424.009.000) 06/13 12:37:12 Started transferring input files
	Transferring to host: <188.184.195.71:9618?addrs=188.184.195.71-9618+[2001-1458-301-72--100-384]-9618&alias=b9g47n2106.cern.ch&noUDP&sock=slot1_1_1367326_9c6b_25632>
...
040 (4121424.009.000) 06/13 12:37:12 Finished transferring input files
...
001 (4121424.009.000) 06/13 12:37:13 Job executing on host: <188.184.195.71:9618?addrs=188.184.195.71-9618+[2001-1458-301-72--100-384]-9618&alias=b9g47n2106.cern.ch&noUDP&sock=startd_625686_21d4>
	SlotName: slot1_1@b9g47n2106.cern.ch
	AvailableGPUs = { GPUs_GPU_111bb3d1 }
	CondorScratchDir = "/pool/condor/dir_2236381"
	Cpus = 1
	Disk = 171172
	GPUs = 1
	GPUs_GPU_111bb3d1 = [ GlobalMemoryMb = 32494; MaxSupportedVersion = 12040; DriverVersion = 12.4; DeviceUuid = "111bb3d1-80ae-ee28-1f54-4658e0d63886"; DeviceName = "Tesla V100S-PCIE-32GB"; CoresPerCU = 64; ECCEnabled = true; ComputeUnits = 80; ClockMhz = 1597.0; Id = "GPU-111bb3d1"; DevicePciBusId = "0000:07:00.0"; Capability = 7.0 ]
	Memory = 2000
...
006 (4121424.009.000) 06/13 12:37:15 Image size of job updated: 13930920
	536  -  MemoryUsage of job (MB)
	547848  -  ResidentSetSize of job (KB)
...
040 (4121424.009.000) 06/13 12:37:15 Started transferring output files
...
040 (4121424.009.000) 06/13 12:37:15 Finished transferring output files
...
005 (4121424.009.000) 06/13 12:37:15 Job terminated.
	(1) Normal termination (return value 126)
		Usr 3 20:25:32, Sys 0 03:54:19  -  Run Remote Usage
		Usr 0 00:00:00, Sys 0 00:00:00  -  Run Local Usage
		Usr 3 20:25:32, Sys 0 03:54:19  -  Total Remote Usage
		Usr 0 00:00:00, Sys 0 00:00:00  -  Total Local Usage
	5255  -  Run Bytes Sent By Job
	231  -  Run Bytes Received By Job
	5255  -  Total Bytes Sent By Job
	231  -  Total Bytes Received By Job
	Partitionable Resources :    Usage  Request Allocated Assigned
	   Cpus                 :                 1         1 
	   Disk (KB)            :       21        1    171172 
	   Gpus (Average)       :                 1         1 "GPU-111bb3d1"
	   Memory (MB)          :      536     2000      2000 

	Job terminated of its own accord at 2024-06-13T10:37:15Z with exit-code 126.
...
000 (4121464.009.000) 06/13 12:45:46 Job submitted from host: <188.185.16.120:9618?addrs=188.185.16.120-9618+[2001-1458-d00-65--100-39b]-9618&alias=bigbird27.cern.ch&noUDP&sock=schedd_24013_7fc8>
...
040 (4121464.009.000) 06/13 12:46:42 Started transferring input files
	Transferring to host: <188.184.195.71:9618?addrs=188.184.195.71-9618+[2001-1458-301-72--100-384]-9618&alias=b9g47n2106.cern.ch&noUDP&sock=slot1_1_1367326_9c6b_25642>
...
040 (4121464.009.000) 06/13 12:46:42 Finished transferring input files
...
001 (4121464.009.000) 06/13 12:46:43 Job executing on host: <188.184.195.71:9618?addrs=188.184.195.71-9618+[2001-1458-301-72--100-384]-9618&alias=b9g47n2106.cern.ch&noUDP&sock=startd_625686_21d4>
	SlotName: slot1_1@b9g47n2106.cern.ch
	AvailableGPUs = { GPUs_GPU_111bb3d1 }
	CondorScratchDir = "/pool/condor/dir_2238728"
	Cpus = 1
	Disk = 170653
	GPUs = 1
	GPUs_GPU_111bb3d1 = [ GlobalMemoryMb = 32494; MaxSupportedVersion = 12040; DriverVersion = 12.4; DeviceUuid = "111bb3d1-80ae-ee28-1f54-4658e0d63886"; DeviceName = "Tesla V100S-PCIE-32GB"; CoresPerCU = 64; ECCEnabled = true; ComputeUnits = 80; ClockMhz = 1597.0; Id = "GPU-111bb3d1"; DevicePciBusId = "0000:07:00.0"; Capability = 7.0 ]
	Memory = 2000
...
006 (4121464.009.000) 06/13 12:46:52 Image size of job updated: 13930920
	1030  -  MemoryUsage of job (MB)
	1054620  -  ResidentSetSize of job (KB)
...
040 (4121464.009.000) 06/13 12:47:04 Started transferring output files
...
040 (4121464.009.000) 06/13 12:47:04 Finished transferring output files
...
005 (4121464.009.000) 06/13 12:47:04 Job terminated.
	(1) Normal termination (return value 0)
		Usr 3 20:25:51, Sys 0 03:54:29  -  Run Remote Usage
		Usr 0 00:00:00, Sys 0 00:00:00  -  Run Local Usage
		Usr 3 20:25:51, Sys 0 03:54:29  -  Total Remote Usage
		Usr 0 00:00:00, Sys 0 00:00:00  -  Total Local Usage
	8874  -  Run Bytes Sent By Job
	231  -  Run Bytes Received By Job
	8874  -  Total Bytes Sent By Job
	231  -  Total Bytes Received By Job
	Partitionable Resources :    Usage  Request Allocated Assigned
	   Cpus                 :                 1         1 
	   Disk (KB)            :       24        1    170653 
	   Gpus (Average)       :                 1         1 "GPU-111bb3d1"
	   Memory (MB)          :     1030     2000      2000 

	Job terminated of its own accord at 2024-06-13T10:47:04Z with exit-code 0.
...
000 (4558790.009.000) 07/31 12:46:51 Job submitted from host: <188.185.16.120:9618?addrs=188.185.16.120-9618+[2001-1458-d00-65--100-39b]-9618&alias=bigbird27.cern.ch&noUDP&sock=schedd_24013_7fc8>
...
040 (4558790.009.000) 07/31 12:59:07 Started transferring input files
	Transferring to host: <188.184.195.52:9618?addrs=188.184.195.52-9618+[2001-1458-301-72--100-373]-9618&alias=b9g47n5793.cern.ch&noUDP&sock=slot1_1_3200431_e9fa_23503>
...
040 (4558790.009.000) 07/31 12:59:07 Finished transferring input files
...
001 (4558790.009.000) 07/31 12:59:08 Job executing on host: <188.184.195.52:9618?addrs=188.184.195.52-9618+[2001-1458-301-72--100-373]-9618&alias=b9g47n5793.cern.ch&noUDP&sock=startd_15829_f4b4>
	SlotName: slot1_1@b9g47n5793.cern.ch
	AvailableGPUs = { GPUs_GPU_39c03a24 }
	CondorScratchDir = "/pool/condor/dir_3375295"
	Cpus = 1
	Disk = 169578
	GPUs = 1
	GPUs_GPU_39c03a24 = [ GlobalMemoryMb = 32494; MaxSupportedVersion = 12040; DriverVersion = 12.4; DeviceUuid = "39c03a24-7224-d560-030e-7a742064eb2c"; DeviceName = "Tesla V100S-PCIE-32GB"; CoresPerCU = 64; ECCEnabled = true; ComputeUnits = 80; ClockMhz = 1597.0; Id = "GPU-39c03a24"; DevicePciBusId = "0000:07:00.0"; Capability = 7.0 ]
	Memory = 2000
...
006 (4558790.009.000) 07/31 12:59:16 Image size of job updated: 107920
	105  -  MemoryUsage of job (MB)
	107412  -  ResidentSetSize of job (KB)
...
006 (4558790.009.000) 07/31 12:59:29 Image size of job updated: 460172
	105  -  MemoryUsage of job (MB)
	107412  -  ResidentSetSize of job (KB)
...
040 (4558790.009.000) 07/31 12:59:29 Started transferring output files
...
040 (4558790.009.000) 07/31 12:59:30 Finished transferring output files
...
005 (4558790.009.000) 07/31 12:59:30 Job terminated.
	(1) Normal termination (return value 0)
		Usr 0 00:00:08, Sys 0 00:00:03  -  Run Remote Usage
		Usr 0 00:00:00, Sys 0 00:00:00  -  Run Local Usage
		Usr 0 00:00:08, Sys 0 00:00:03  -  Total Remote Usage
		Usr 0 00:00:00, Sys 0 00:00:00  -  Total Local Usage
	8526  -  Run Bytes Sent By Job
	250  -  Run Bytes Received By Job
	8526  -  Total Bytes Sent By Job
	250  -  Total Bytes Received By Job
	Partitionable Resources :    Usage  Request Allocated Assigned
	   Cpus                 :                 1         1 
	   Disk (KB)            :       24        1    169578 
	   Gpus (Average)       :                 1         1 "GPU-39c03a24"
	   Memory (MB)          :      105     2000      2000 

	Job terminated of its own accord at 2024-07-31T10:59:29Z with exit-code 0.
...
000 (4558799.009.000) 07/31 13:36:26 Job submitted from host: <188.185.16.120:9618?addrs=188.185.16.120-9618+[2001-1458-d00-65--100-39b]-9618&alias=bigbird27.cern.ch&noUDP&sock=schedd_24013_7fc8>
...
040 (4558799.009.000) 07/31 13:40:50 Started transferring input files
	Transferring to host: <188.184.195.242:9618?addrs=188.184.195.242-9618+[2001-1458-301-72--100-1f9]-9618&alias=b9g47n8171.cern.ch&noUDP&sock=slot1_1_989424_7724_62812>
...
040 (4558799.009.000) 07/31 13:40:50 Finished transferring input files
...
001 (4558799.009.000) 07/31 13:40:51 Job executing on host: <188.184.195.242:9618?addrs=188.184.195.242-9618+[2001-1458-301-72--100-1f9]-9618&alias=b9g47n8171.cern.ch&noUDP&sock=startd_15841_2fd7>
	SlotName: slot1_1@b9g47n8171.cern.ch
	AvailableGPUs = { GPUs_GPU_b66aaef1 }
	CondorScratchDir = "/pool/condor/dir_1633930"
	Cpus = 1
	Disk = 176005
	GPUs = 1
	GPUs_GPU_b66aaef1 = [ GlobalMemoryMb = 32494; MaxSupportedVersion = 12040; DriverVersion = 12.4; DeviceUuid = "b66aaef1-7a45-dc3a-20b9-6fc19b6dfe68"; DeviceName = "Tesla V100S-PCIE-32GB"; CoresPerCU = 64; ECCEnabled = true; ComputeUnits = 80; ClockMhz = 1597.0; Id = "GPU-b66aaef1"; DevicePciBusId = "0000:07:00.0"; Capability = 7.0 ]
	Memory = 2000
...
006 (4558799.009.000) 07/31 13:40:59 Image size of job updated: 108176
	106  -  MemoryUsage of job (MB)
	107672  -  ResidentSetSize of job (KB)
...
006 (4558799.009.000) 07/31 13:41:13 Image size of job updated: 461008
	106  -  MemoryUsage of job (MB)
	107672  -  ResidentSetSize of job (KB)
...
040 (4558799.009.000) 07/31 13:41:13 Started transferring output files
...
040 (4558799.009.000) 07/31 13:41:13 Finished transferring output files
...
005 (4558799.009.000) 07/31 13:41:13 Job terminated.
	(1) Normal termination (return value 0)
		Usr 0 00:00:07, Sys 0 00:00:03  -  Run Remote Usage
		Usr 0 00:00:00, Sys 0 00:00:00  -  Run Local Usage
		Usr 0 00:00:07, Sys 0 00:00:03  -  Total Remote Usage
		Usr 0 00:00:00, Sys 0 00:00:00  -  Total Local Usage
	7121  -  Run Bytes Sent By Job
	253  -  Run Bytes Received By Job
	7121  -  Total Bytes Sent By Job
	253  -  Total Bytes Received By Job
	Partitionable Resources :    Usage  Request Allocated Assigned
	   Cpus                 :                 1         1 
	   Disk (KB)            :       23        1    176005 
	   Gpus (Average)       :                 1         1 "GPU-b66aaef1"
	   Memory (MB)          :      106     2000      2000 

	Job terminated of its own accord at 2024-07-31T11:41:13Z with exit-code 0.
...
