000 (4106318.044.000) 06/12 06:30:59 Job submitted from host: <188.185.16.120:9618?addrs=188.185.16.120-9618+[2001-1458-d00-65--100-39b]-9618&alias=bigbird27.cern.ch&noUDP&sock=schedd_24013_7fc8>
...
040 (4106318.044.000) 06/12 06:32:00 Started transferring input files
	Transferring to host: <188.184.195.173:9618?addrs=188.184.195.173-9618+[2001-1458-301-72--100-117]-9618&alias=b9g47n4276.cern.ch&noUDP&sock=slot1_1_284865_e999_25249>
...
040 (4106318.044.000) 06/12 06:32:00 Finished transferring input files
...
001 (4106318.044.000) 06/12 06:32:01 Job executing on host: <188.184.195.173:9618?addrs=188.184.195.173-9618+[2001-1458-301-72--100-117]-9618&alias=b9g47n4276.cern.ch&noUDP&sock=startd_15794_f2e3>
	SlotName: slot1_1@b9g47n4276.cern.ch
	AvailableGPUs = { GPUs_GPU_386a5d17 }
	CondorScratchDir = "/pool/condor/dir_1274104"
	Cpus = 1
	Disk = 174099
	GPUs = 1
	GPUs_GPU_386a5d17 = [ GlobalMemoryMb = 32494; MaxSupportedVersion = 12040; DriverVersion = 12.4; DeviceUuid = "386a5d17-1310-d820-3b33-a64103c42b52"; DeviceName = "Tesla V100S-PCIE-32GB"; CoresPerCU = 64; ECCEnabled = true; ComputeUnits = 80; ClockMhz = 1597.0; Id = "GPU-386a5d17"; DevicePciBusId = "0000:07:00.0"; Capability = 7.0 ]
	Memory = 2000
...
006 (4106318.044.000) 06/12 06:32:03 Image size of job updated: 13985696
	962  -  MemoryUsage of job (MB)
	984388  -  ResidentSetSize of job (KB)
...
040 (4106318.044.000) 06/12 06:32:03 Started transferring output files
...
040 (4106318.044.000) 06/12 06:32:03 Finished transferring output files
...
005 (4106318.044.000) 06/12 06:32:03 Job terminated.
	(1) Normal termination (return value 126)
		Usr 3 05:19:11, Sys 0 04:57:46  -  Run Remote Usage
		Usr 0 00:00:00, Sys 0 00:00:00  -  Run Local Usage
		Usr 3 05:19:11, Sys 0 04:57:46  -  Total Remote Usage
		Usr 0 00:00:00, Sys 0 00:00:00  -  Total Local Usage
	5710  -  Run Bytes Sent By Job
	231  -  Run Bytes Received By Job
	5710  -  Total Bytes Sent By Job
	231  -  Total Bytes Received By Job
	Partitionable Resources :    Usage  Request Allocated Assigned
	   Cpus                 :                 1         1 
	   Disk (KB)            :       21        1    174099 
	   Gpus (Average)       :                 1         1 "GPU-386a5d17"
	   Memory (MB)          :      962     2000      2000 

	Job terminated of its own accord at 2024-06-12T04:32:03Z with exit-code 126.
...
000 (4121424.044.000) 06/13 12:36:20 Job submitted from host: <188.185.16.120:9618?addrs=188.185.16.120-9618+[2001-1458-d00-65--100-39b]-9618&alias=bigbird27.cern.ch&noUDP&sock=schedd_24013_7fc8>
...
040 (4121424.044.000) 06/13 12:38:03 Started transferring input files
	Transferring to host: <188.184.195.173:9618?addrs=188.184.195.173-9618+[2001-1458-301-72--100-117]-9618&alias=b9g47n4276.cern.ch&noUDP&sock=slot1_1_284865_e999_26101>
...
040 (4121424.044.000) 06/13 12:38:03 Finished transferring input files
...
001 (4121424.044.000) 06/13 12:38:04 Job executing on host: <188.184.195.173:9618?addrs=188.184.195.173-9618+[2001-1458-301-72--100-117]-9618&alias=b9g47n4276.cern.ch&noUDP&sock=startd_15794_f2e3>
	SlotName: slot1_1@b9g47n4276.cern.ch
	AvailableGPUs = { GPUs_GPU_386a5d17 }
	CondorScratchDir = "/pool/condor/dir_1478218"
	Cpus = 1
	Disk = 173037
	GPUs = 1
	GPUs_GPU_386a5d17 = [ GlobalMemoryMb = 32494; MaxSupportedVersion = 12040; DriverVersion = 12.4; DeviceUuid = "386a5d17-1310-d820-3b33-a64103c42b52"; DeviceName = "Tesla V100S-PCIE-32GB"; CoresPerCU = 64; ECCEnabled = true; ComputeUnits = 80; ClockMhz = 1597.0; Id = "GPU-386a5d17"; DevicePciBusId = "0000:07:00.0"; Capability = 7.0 ]
	Memory = 2000
...
006 (4121424.044.000) 06/13 12:38:06 Image size of job updated: 13985696
	3196  -  MemoryUsage of job (MB)
	3272316  -  ResidentSetSize of job (KB)
...
040 (4121424.044.000) 06/13 12:38:06 Started transferring output files
...
040 (4121424.044.000) 06/13 12:38:06 Finished transferring output files
...
005 (4121424.044.000) 06/13 12:38:06 Job terminated.
	(1) Normal termination (return value 126)
		Usr 3 15:38:33, Sys 0 05:16:00  -  Run Remote Usage
		Usr 0 00:00:00, Sys 0 00:00:00  -  Run Local Usage
		Usr 3 15:38:33, Sys 0 05:16:00  -  Total Remote Usage
		Usr 0 00:00:00, Sys 0 00:00:00  -  Total Local Usage
	5256  -  Run Bytes Sent By Job
	231  -  Run Bytes Received By Job
	5256  -  Total Bytes Sent By Job
	231  -  Total Bytes Received By Job
	Partitionable Resources :    Usage  Request Allocated Assigned
	   Cpus                 :                 1         1 
	   Disk (KB)            :       20        1    173037 
	   Gpus (Average)       :                 1         1 "GPU-386a5d17"
	   Memory (MB)          :     3196     2000      2000 

	Job terminated of its own accord at 2024-06-13T10:38:06Z with exit-code 126.
...
000 (4121464.044.000) 06/13 12:45:46 Job submitted from host: <188.185.16.120:9618?addrs=188.185.16.120-9618+[2001-1458-d00-65--100-39b]-9618&alias=bigbird27.cern.ch&noUDP&sock=schedd_24013_7fc8>
...
040 (4121464.044.000) 06/13 12:49:48 Started transferring input files
	Transferring to host: <188.184.195.173:9618?addrs=188.184.195.173-9618+[2001-1458-301-72--100-117]-9618&alias=b9g47n4276.cern.ch&noUDP&sock=slot1_1_284865_e999_26113>
...
040 (4121464.044.000) 06/13 12:49:48 Finished transferring input files
...
001 (4121464.044.000) 06/13 12:49:49 Job executing on host: <188.184.195.173:9618?addrs=188.184.195.173-9618+[2001-1458-301-72--100-117]-9618&alias=b9g47n4276.cern.ch&noUDP&sock=startd_15794_f2e3>
	SlotName: slot1_1@b9g47n4276.cern.ch
	AvailableGPUs = { GPUs_GPU_386a5d17 }
	CondorScratchDir = "/pool/condor/dir_1481316"
	Cpus = 1
	Disk = 172485
	GPUs = 1
	GPUs_GPU_386a5d17 = [ GlobalMemoryMb = 32494; MaxSupportedVersion = 12040; DriverVersion = 12.4; DeviceUuid = "386a5d17-1310-d820-3b33-a64103c42b52"; DeviceName = "Tesla V100S-PCIE-32GB"; CoresPerCU = 64; ECCEnabled = true; ComputeUnits = 80; ClockMhz = 1597.0; Id = "GPU-386a5d17"; DevicePciBusId = "0000:07:00.0"; Capability = 7.0 ]
	Memory = 2000
...
006 (4121464.044.000) 06/13 12:49:57 Image size of job updated: 13985696
	3748  -  MemoryUsage of job (MB)
	3837396  -  ResidentSetSize of job (KB)
...
040 (4121464.044.000) 06/13 12:50:09 Started transferring output files
...
040 (4121464.044.000) 06/13 12:50:09 Finished transferring output files
...
005 (4121464.044.000) 06/13 12:50:09 Job terminated.
	(1) Normal termination (return value 0)
		Usr 3 15:39:33, Sys 0 05:16:26  -  Run Remote Usage
		Usr 0 00:00:00, Sys 0 00:00:00  -  Run Local Usage
		Usr 3 15:39:33, Sys 0 05:16:26  -  Total Remote Usage
		Usr 0 00:00:00, Sys 0 00:00:00  -  Total Local Usage
	8872  -  Run Bytes Sent By Job
	231  -  Run Bytes Received By Job
	8872  -  Total Bytes Sent By Job
	231  -  Total Bytes Received By Job
	Partitionable Resources :    Usage  Request Allocated Assigned
	   Cpus                 :                 1         1 
	   Disk (KB)            :       24        1    172485 
	   Gpus (Average)       :                 1         1 "GPU-386a5d17"
	   Memory (MB)          :     3748     2000      2000 

	Job terminated of its own accord at 2024-06-13T10:50:09Z with exit-code 0.
...
000 (4558790.044.000) 07/31 12:46:52 Job submitted from host: <188.185.16.120:9618?addrs=188.185.16.120-9618+[2001-1458-d00-65--100-39b]-9618&alias=bigbird27.cern.ch&noUDP&sock=schedd_24013_7fc8>
...
040 (4558790.044.000) 07/31 13:05:25 Started transferring input files
	Transferring to host: <128.142.241.120:9618?addrs=128.142.241.120-9618+[2001-1458-301-ce--100-ec]-9618&alias=b9g47n4050.cern.ch&noUDP&sock=slot1_1_1370079_593b_41712>
...
040 (4558790.044.000) 07/31 13:05:25 Finished transferring input files
...
001 (4558790.044.000) 07/31 13:05:26 Job executing on host: <128.142.241.120:9618?addrs=128.142.241.120-9618+[2001-1458-301-ce--100-ec]-9618&alias=b9g47n4050.cern.ch&noUDP&sock=startd_15799_60dc>
	SlotName: slot1_1@b9g47n4050.cern.ch
	AvailableGPUs = { GPUs_GPU_bf3fdde8 }
	CondorScratchDir = "/pool/condor/dir_277247"
	Cpus = 1
	Disk = 85554
	GPUs = 1
	GPUs_GPU_bf3fdde8 = [ GlobalMemoryMb = 32494; MaxSupportedVersion = 12040; DriverVersion = 12.4; DeviceUuid = "bf3fdde8-927e-09f9-6ee7-d9a1ad55128e"; DeviceName = "Tesla V100-PCIE-32GB"; CoresPerCU = 64; ECCEnabled = true; ComputeUnits = 80; ClockMhz = 1380.0; Id = "GPU-bf3fdde8"; DevicePciBusId = "0000:07:00.0"; Capability = 7.0 ]
	Memory = 2000
...
006 (4558790.044.000) 07/31 13:05:34 Image size of job updated: 107640
	105  -  MemoryUsage of job (MB)
	107420  -  ResidentSetSize of job (KB)
...
006 (4558790.044.000) 07/31 13:05:54 Image size of job updated: 460472
	105  -  MemoryUsage of job (MB)
	107420  -  ResidentSetSize of job (KB)
...
040 (4558790.044.000) 07/31 13:05:54 Started transferring output files
...
040 (4558790.044.000) 07/31 13:05:54 Finished transferring output files
...
005 (4558790.044.000) 07/31 13:05:54 Job terminated.
	(1) Normal termination (return value 0)
		Usr 0 00:00:09, Sys 0 00:00:05  -  Run Remote Usage
		Usr 0 00:00:00, Sys 0 00:00:00  -  Run Local Usage
		Usr 0 00:00:09, Sys 0 00:00:05  -  Total Remote Usage
		Usr 0 00:00:00, Sys 0 00:00:00  -  Total Local Usage
	7041  -  Run Bytes Sent By Job
	250  -  Run Bytes Received By Job
	7041  -  Total Bytes Sent By Job
	250  -  Total Bytes Received By Job
	Partitionable Resources :    Usage  Request Allocated Assigned
	   Cpus                 :                 1         1 
	   Disk (KB)            :       23        1     85554 
	   Gpus (Average)       :                 1         1 "GPU-bf3fdde8"
	   Memory (MB)          :      105     2000      2000 

	Job terminated of its own accord at 2024-07-31T11:05:54Z with exit-code 0.
...
000 (4558799.044.000) 07/31 13:36:26 Job submitted from host: <188.185.16.120:9618?addrs=188.185.16.120-9618+[2001-1458-d00-65--100-39b]-9618&alias=bigbird27.cern.ch&noUDP&sock=schedd_24013_7fc8>
...
040 (4558799.044.000) 07/31 13:54:49 Started transferring input files
	Transferring to host: <188.184.195.242:9618?addrs=188.184.195.242-9618+[2001-1458-301-72--100-1f9]-9618&alias=b9g47n8171.cern.ch&noUDP&sock=slot1_1_989424_7724_62850>
...
040 (4558799.044.000) 07/31 13:54:49 Finished transferring input files
...
001 (4558799.044.000) 07/31 13:54:50 Job executing on host: <188.184.195.242:9618?addrs=188.184.195.242-9618+[2001-1458-301-72--100-1f9]-9618&alias=b9g47n8171.cern.ch&noUDP&sock=startd_15841_2fd7>
	SlotName: slot1_1@b9g47n8171.cern.ch
	AvailableGPUs = { GPUs_GPU_b66aaef1 }
	CondorScratchDir = "/pool/condor/dir_1648842"
	Cpus = 1
	Disk = 175992
	GPUs = 1
	GPUs_GPU_b66aaef1 = [ GlobalMemoryMb = 32494; MaxSupportedVersion = 12040; DriverVersion = 12.4; DeviceUuid = "b66aaef1-7a45-dc3a-20b9-6fc19b6dfe68"; DeviceName = "Tesla V100S-PCIE-32GB"; CoresPerCU = 64; ECCEnabled = true; ComputeUnits = 80; ClockMhz = 1597.0; Id = "GPU-b66aaef1"; DevicePciBusId = "0000:07:00.0"; Capability = 7.0 ]
	Memory = 2000
...
006 (4558799.044.000) 07/31 13:54:59 Image size of job updated: 107776
	105  -  MemoryUsage of job (MB)
	107428  -  ResidentSetSize of job (KB)
...
006 (4558799.044.000) 07/31 13:55:10 Image size of job updated: 460316
	105  -  MemoryUsage of job (MB)
	107428  -  ResidentSetSize of job (KB)
...
040 (4558799.044.000) 07/31 13:55:11 Started transferring output files
...
040 (4558799.044.000) 07/31 13:55:11 Finished transferring output files
...
005 (4558799.044.000) 07/31 13:55:11 Job terminated.
	(1) Normal termination (return value 0)
		Usr 0 00:00:07, Sys 0 00:00:02  -  Run Remote Usage
		Usr 0 00:00:00, Sys 0 00:00:00  -  Run Local Usage
		Usr 0 00:00:07, Sys 0 00:00:02  -  Total Remote Usage
		Usr 0 00:00:00, Sys 0 00:00:00  -  Total Local Usage
	7118  -  Run Bytes Sent By Job
	253  -  Run Bytes Received By Job
	7118  -  Total Bytes Sent By Job
	253  -  Total Bytes Received By Job
	Partitionable Resources :    Usage  Request Allocated Assigned
	   Cpus                 :                 1         1 
	   Disk (KB)            :       23        1    175992 
	   Gpus (Average)       :                 1         1 "GPU-b66aaef1"
	   Memory (MB)          :      105     2000      2000 

	Job terminated of its own accord at 2024-07-31T11:55:10Z with exit-code 0.
...
