000 (4106318.045.000) 06/12 06:30:59 Job submitted from host: <188.185.16.120:9618?addrs=188.185.16.120-9618+[2001-1458-d00-65--100-39b]-9618&alias=bigbird27.cern.ch&noUDP&sock=schedd_24013_7fc8>
...
040 (4106318.045.000) 06/12 06:32:01 Started transferring input files
	Transferring to host: <188.184.195.129:9618?addrs=188.184.195.129-9618+[2001-1458-301-72--100-223]-9618&alias=b9g47n3856.cern.ch&noUDP&sock=slot1_1_170479_a0ae_26011>
...
040 (4106318.045.000) 06/12 06:32:01 Finished transferring input files
...
001 (4106318.045.000) 06/12 06:32:02 Job executing on host: <188.184.195.129:9618?addrs=188.184.195.129-9618+[2001-1458-301-72--100-223]-9618&alias=b9g47n3856.cern.ch&noUDP&sock=startd_15654_eba1>
	SlotName: slot1_1@b9g47n3856.cern.ch
	AvailableGPUs = { GPUs_GPU_49ed0b80 }
	CondorScratchDir = "/pool/condor/dir_1054840"
	Cpus = 1
	Disk = 174717
	GPUs = 1
	GPUs_GPU_49ed0b80 = [ GlobalMemoryMb = 32494; MaxSupportedVersion = 12040; DriverVersion = 12.4; DeviceUuid = "49ed0b80-4447-5229-b392-e02f88b937cc"; DeviceName = "Tesla V100S-PCIE-32GB"; CoresPerCU = 64; ECCEnabled = true; ComputeUnits = 80; ClockMhz = 1597.0; Id = "GPU-49ed0b80"; DevicePciBusId = "0000:07:00.0"; Capability = 7.0 ]
	Memory = 2000
...
006 (4106318.045.000) 06/12 06:32:04 Image size of job updated: 14156712
	1118  -  MemoryUsage of job (MB)
	1144808  -  ResidentSetSize of job (KB)
...
040 (4106318.045.000) 06/12 06:32:04 Started transferring output files
...
040 (4106318.045.000) 06/12 06:32:04 Finished transferring output files
...
005 (4106318.045.000) 06/12 06:32:04 Job terminated.
	(1) Normal termination (return value 126)
		Usr 1 07:34:36, Sys 0 03:46:13  -  Run Remote Usage
		Usr 0 00:00:00, Sys 0 00:00:00  -  Run Local Usage
		Usr 1 07:34:36, Sys 0 03:46:13  -  Total Remote Usage
		Usr 0 00:00:00, Sys 0 00:00:00  -  Total Local Usage
	5710  -  Run Bytes Sent By Job
	231  -  Run Bytes Received By Job
	5710  -  Total Bytes Sent By Job
	231  -  Total Bytes Received By Job
	Partitionable Resources :    Usage  Request Allocated Assigned
	   Cpus                 :                 1         1 
	   Disk (KB)            :       21        1    174717 
	   Gpus (Average)       :                 1         1 "GPU-49ed0b80"
	   Memory (MB)          :     1118     2000      2000 

	Job terminated of its own accord at 2024-06-12T04:32:04Z with exit-code 126.
...
000 (4121424.045.000) 06/13 12:36:20 Job submitted from host: <188.185.16.120:9618?addrs=188.185.16.120-9618+[2001-1458-d00-65--100-39b]-9618&alias=bigbird27.cern.ch&noUDP&sock=schedd_24013_7fc8>
...
040 (4121424.045.000) 06/13 12:38:03 Started transferring input files
	Transferring to host: <188.184.195.66:9618?addrs=188.184.195.66-9618+[2001-1458-301-72--100-179]-9618&alias=b9g47n0340.cern.ch&noUDP&sock=slot1_1_3657465_b653_14589>
...
040 (4121424.045.000) 06/13 12:38:03 Finished transferring input files
...
001 (4121424.045.000) 06/13 12:38:04 Job executing on host: <188.184.195.66:9618?addrs=188.184.195.66-9618+[2001-1458-301-72--100-179]-9618&alias=b9g47n0340.cern.ch&noUDP&sock=startd_15724_ef42>
	SlotName: slot1_1@b9g47n0340.cern.ch
	AvailableGPUs = { GPUs_GPU_62e6a7b2 }
	CondorScratchDir = "/pool/condor/dir_2474832"
	Cpus = 1
	Disk = 170381
	GPUs = 1
	GPUs_GPU_62e6a7b2 = [ GlobalMemoryMb = 32494; MaxSupportedVersion = 12040; DriverVersion = 12.4; DeviceUuid = "62e6a7b2-07d5-b7f6-24de-e679df367f40"; DeviceName = "Tesla V100S-PCIE-32GB"; CoresPerCU = 64; ECCEnabled = true; ComputeUnits = 80; ClockMhz = 1597.0; Id = "GPU-62e6a7b2"; DevicePciBusId = "0000:07:00.0"; Capability = 7.0 ]
	Memory = 2000
...
006 (4121424.045.000) 06/13 12:38:06 Image size of job updated: 13857932
	730  -  MemoryUsage of job (MB)
	746756  -  ResidentSetSize of job (KB)
...
040 (4121424.045.000) 06/13 12:38:06 Started transferring output files
...
040 (4121424.045.000) 06/13 12:38:06 Finished transferring output files
...
005 (4121424.045.000) 06/13 12:38:06 Job terminated.
	(1) Normal termination (return value 126)
		Usr 4 17:55:00, Sys 3 23:11:38  -  Run Remote Usage
		Usr 0 00:00:00, Sys 0 00:00:00  -  Run Local Usage
		Usr 4 17:55:00, Sys 3 23:11:38  -  Total Remote Usage
		Usr 0 00:00:00, Sys 0 00:00:00  -  Total Local Usage
	5256  -  Run Bytes Sent By Job
	231  -  Run Bytes Received By Job
	5256  -  Total Bytes Sent By Job
	231  -  Total Bytes Received By Job
	Partitionable Resources :    Usage  Request Allocated Assigned
	   Cpus                 :                 1         1 
	   Disk (KB)            :       20        1    170381 
	   Gpus (Average)       :                 1         1 "GPU-62e6a7b2"
	   Memory (MB)          :      730     2000      2000 

	Job terminated of its own accord at 2024-06-13T10:38:06Z with exit-code 126.
...
000 (4121464.045.000) 06/13 12:45:46 Job submitted from host: <188.185.16.120:9618?addrs=188.185.16.120-9618+[2001-1458-d00-65--100-39b]-9618&alias=bigbird27.cern.ch&noUDP&sock=schedd_24013_7fc8>
...
040 (4121464.045.000) 06/13 12:49:49 Started transferring input files
	Transferring to host: <188.184.195.71:9618?addrs=188.184.195.71-9618+[2001-1458-301-72--100-384]-9618&alias=b9g47n2106.cern.ch&noUDP&sock=slot1_1_1367326_9c6b_25648>
...
040 (4121464.045.000) 06/13 12:49:49 Finished transferring input files
...
001 (4121464.045.000) 06/13 12:49:50 Job executing on host: <188.184.195.71:9618?addrs=188.184.195.71-9618+[2001-1458-301-72--100-384]-9618&alias=b9g47n2106.cern.ch&noUDP&sock=startd_625686_21d4>
	SlotName: slot1_1@b9g47n2106.cern.ch
	AvailableGPUs = { GPUs_GPU_111bb3d1 }
	CondorScratchDir = "/pool/condor/dir_2240736"
	Cpus = 1
	Disk = 170653
	GPUs = 1
	GPUs_GPU_111bb3d1 = [ GlobalMemoryMb = 32494; MaxSupportedVersion = 12040; DriverVersion = 12.4; DeviceUuid = "111bb3d1-80ae-ee28-1f54-4658e0d63886"; DeviceName = "Tesla V100S-PCIE-32GB"; CoresPerCU = 64; ECCEnabled = true; ComputeUnits = 80; ClockMhz = 1597.0; Id = "GPU-111bb3d1"; DevicePciBusId = "0000:07:00.0"; Capability = 7.0 ]
	Memory = 2000
...
006 (4121464.045.000) 06/13 12:49:58 Image size of job updated: 13930920
	1026  -  MemoryUsage of job (MB)
	1049796  -  ResidentSetSize of job (KB)
...
040 (4121464.045.000) 06/13 12:50:10 Started transferring output files
...
040 (4121464.045.000) 06/13 12:50:10 Finished transferring output files
...
005 (4121464.045.000) 06/13 12:50:10 Job terminated.
	(1) Normal termination (return value 0)
		Usr 3 20:26:35, Sys 0 03:54:48  -  Run Remote Usage
		Usr 0 00:00:00, Sys 0 00:00:00  -  Run Local Usage
		Usr 3 20:26:35, Sys 0 03:54:48  -  Total Remote Usage
		Usr 0 00:00:00, Sys 0 00:00:00  -  Total Local Usage
	8868  -  Run Bytes Sent By Job
	231  -  Run Bytes Received By Job
	8868  -  Total Bytes Sent By Job
	231  -  Total Bytes Received By Job
	Partitionable Resources :    Usage  Request Allocated Assigned
	   Cpus                 :                 1         1 
	   Disk (KB)            :       24        1    170653 
	   Gpus (Average)       :                 1         1 "GPU-111bb3d1"
	   Memory (MB)          :     1026     2000      2000 

	Job terminated of its own accord at 2024-06-13T10:50:10Z with exit-code 0.
...
000 (4558790.045.000) 07/31 12:46:52 Job submitted from host: <188.185.16.120:9618?addrs=188.185.16.120-9618+[2001-1458-d00-65--100-39b]-9618&alias=bigbird27.cern.ch&noUDP&sock=schedd_24013_7fc8>
...
040 (4558790.045.000) 07/31 13:05:33 Started transferring input files
	Transferring to host: <188.184.195.242:9618?addrs=188.184.195.242-9618+[2001-1458-301-72--100-1f9]-9618&alias=b9g47n8171.cern.ch&noUDP&sock=slot1_1_989424_7724_62753>
...
040 (4558790.045.000) 07/31 13:05:33 Finished transferring input files
...
001 (4558790.045.000) 07/31 13:05:34 Job executing on host: <188.184.195.242:9618?addrs=188.184.195.242-9618+[2001-1458-301-72--100-1f9]-9618&alias=b9g47n8171.cern.ch&noUDP&sock=startd_15841_2fd7>
	SlotName: slot1_1@b9g47n8171.cern.ch
	AvailableGPUs = { GPUs_GPU_b66aaef1 }
	CondorScratchDir = "/pool/condor/dir_1628884"
	Cpus = 1
	Disk = 176007
	GPUs = 1
	GPUs_GPU_b66aaef1 = [ GlobalMemoryMb = 32494; MaxSupportedVersion = 12040; DriverVersion = 12.4; DeviceUuid = "b66aaef1-7a45-dc3a-20b9-6fc19b6dfe68"; DeviceName = "Tesla V100S-PCIE-32GB"; CoresPerCU = 64; ECCEnabled = true; ComputeUnits = 80; ClockMhz = 1597.0; Id = "GPU-b66aaef1"; DevicePciBusId = "0000:07:00.0"; Capability = 7.0 ]
	Memory = 2000
...
006 (4558790.045.000) 07/31 13:05:42 Image size of job updated: 108056
	106  -  MemoryUsage of job (MB)
	107584  -  ResidentSetSize of job (KB)
...
006 (4558790.045.000) 07/31 13:05:54 Image size of job updated: 638956
	179  -  MemoryUsage of job (MB)
	182880  -  ResidentSetSize of job (KB)
...
040 (4558790.045.000) 07/31 13:05:54 Started transferring output files
...
040 (4558790.045.000) 07/31 13:05:54 Finished transferring output files
...
005 (4558790.045.000) 07/31 13:05:54 Job terminated.
	(1) Normal termination (return value 0)
		Usr 0 00:00:07, Sys 0 00:00:03  -  Run Remote Usage
		Usr 0 00:00:00, Sys 0 00:00:00  -  Run Local Usage
		Usr 0 00:00:07, Sys 0 00:00:03  -  Total Remote Usage
		Usr 0 00:00:00, Sys 0 00:00:00  -  Total Local Usage
	7038  -  Run Bytes Sent By Job
	250  -  Run Bytes Received By Job
	7038  -  Total Bytes Sent By Job
	250  -  Total Bytes Received By Job
	Partitionable Resources :    Usage  Request Allocated Assigned
	   Cpus                 :                 1         1 
	   Disk (KB)            :       23        1    176007 
	   Gpus (Average)       :                 1         1 "GPU-b66aaef1"
	   Memory (MB)          :      179     2000      2000 

	Job terminated of its own accord at 2024-07-31T11:05:54Z with exit-code 0.
...
000 (4558799.045.000) 07/31 13:36:26 Job submitted from host: <188.185.16.120:9618?addrs=188.185.16.120-9618+[2001-1458-d00-65--100-39b]-9618&alias=bigbird27.cern.ch&noUDP&sock=schedd_24013_7fc8>
...
040 (4558799.045.000) 07/31 13:54:56 Started transferring input files
	Transferring to host: <128.142.241.120:9618?addrs=128.142.241.120-9618+[2001-1458-301-ce--100-ec]-9618&alias=b9g47n4050.cern.ch&noUDP&sock=slot1_1_1370079_593b_41769>
...
040 (4558799.045.000) 07/31 13:54:56 Finished transferring input files
...
001 (4558799.045.000) 07/31 13:54:57 Job executing on host: <128.142.241.120:9618?addrs=128.142.241.120-9618+[2001-1458-301-ce--100-ec]-9618&alias=b9g47n4050.cern.ch&noUDP&sock=startd_15799_60dc>
	SlotName: slot1_1@b9g47n4050.cern.ch
	AvailableGPUs = { GPUs_GPU_bf3fdde8 }
	CondorScratchDir = "/pool/condor/dir_284825"
	Cpus = 1
	Disk = 85536
	GPUs = 1
	GPUs_GPU_bf3fdde8 = [ GlobalMemoryMb = 32494; MaxSupportedVersion = 12040; DriverVersion = 12.4; DeviceUuid = "bf3fdde8-927e-09f9-6ee7-d9a1ad55128e"; DeviceName = "Tesla V100-PCIE-32GB"; CoresPerCU = 64; ECCEnabled = true; ComputeUnits = 80; ClockMhz = 1380.0; Id = "GPU-bf3fdde8"; DevicePciBusId = "0000:07:00.0"; Capability = 7.0 ]
	Memory = 2000
...
006 (4558799.045.000) 07/31 13:55:05 Image size of job updated: 9366300
	1620  -  MemoryUsage of job (MB)
	1658456  -  ResidentSetSize of job (KB)
...
040 (4558799.045.000) 07/31 13:55:25 Started transferring output files
...
040 (4558799.045.000) 07/31 13:55:25 Finished transferring output files
...
005 (4558799.045.000) 07/31 13:55:25 Job terminated.
	(1) Normal termination (return value 0)
		Usr 0 00:16:42, Sys 0 00:07:41  -  Run Remote Usage
		Usr 0 00:00:00, Sys 0 00:00:00  -  Run Local Usage
		Usr 0 00:16:42, Sys 0 00:07:41  -  Total Remote Usage
		Usr 0 00:00:00, Sys 0 00:00:00  -  Total Local Usage
	7121  -  Run Bytes Sent By Job
	253  -  Run Bytes Received By Job
	7121  -  Total Bytes Sent By Job
	253  -  Total Bytes Received By Job
	Partitionable Resources :    Usage  Request Allocated Assigned
	   Cpus                 :                 1         1 
	   Disk (KB)            :       23        1     85536 
	   Gpus (Average)       :                 1         1 "GPU-bf3fdde8"
	   Memory (MB)          :     1620     2000      2000 

	Job terminated of its own accord at 2024-07-31T11:55:25Z with exit-code 0.
...
