000 (4106318.039.000) 06/12 06:30:59 Job submitted from host: <188.185.16.120:9618?addrs=188.185.16.120-9618+[2001-1458-d00-65--100-39b]-9618&alias=bigbird27.cern.ch&noUDP&sock=schedd_24013_7fc8>
...
040 (4106318.039.000) 06/12 06:31:58 Started transferring input files
	Transferring to host: <188.184.195.29:9618?addrs=188.184.195.29-9618+[2001-1458-301-72--100-226]-9618&alias=b9g47n8432.cern.ch&noUDP&sock=slot1_1_3386339_eb01_1766>
...
040 (4106318.039.000) 06/12 06:31:58 Finished transferring input files
...
001 (4106318.039.000) 06/12 06:31:59 Job executing on host: <188.184.195.29:9618?addrs=188.184.195.29-9618+[2001-1458-301-72--100-226]-9618&alias=b9g47n8432.cern.ch&noUDP&sock=startd_15648_ce0f>
	SlotName: slot1_1@b9g47n8432.cern.ch
	AvailableGPUs = { GPUs_GPU_52d18a8c }
	CondorScratchDir = "/pool/condor/dir_3696070"
	Cpus = 1
	Disk = 175979
	GPUs = 1
	GPUs_GPU_52d18a8c = [ GlobalMemoryMb = 32494; MaxSupportedVersion = 12040; DriverVersion = 12.4; DeviceUuid = "52d18a8c-e9fe-346e-4034-df2dff2358b1"; DeviceName = "Tesla V100S-PCIE-32GB"; CoresPerCU = 64; ECCEnabled = true; ComputeUnits = 80; ClockMhz = 1597.0; Id = "GPU-52d18a8c"; DevicePciBusId = "0000:07:00.0"; Capability = 7.0 ]
	Memory = 2000
...
006 (4106318.039.000) 06/12 06:32:01 Image size of job updated: 14407296
	735  -  MemoryUsage of job (MB)
	752472  -  ResidentSetSize of job (KB)
...
007 (4106318.039.000) 06/12 06:32:01 Shadow exception!
	Error from slot1_1@b9g47n8432.cern.ch: Job has gone over memory limit of 2000 megabytes. Peak usage: 14069 megabytes.
	0  -  Run Bytes Sent By Job
	231  -  Run Bytes Received By Job
...
012 (4106318.039.000) 06/12 06:32:01 Job was held.
	Error from slot1_1@b9g47n8432.cern.ch: Job has gone over memory limit of 2000 megabytes. Peak usage: 14069 megabytes.
	Code 34 Subcode 0
...
009 (4106318.039.000) 06/13 06:33:19 Job was aborted.
	Job removed by SYSTEM_PERIODIC_REMOVE due to wall time exceeded allowed max.
...
000 (4121424.039.000) 06/13 12:36:20 Job submitted from host: <188.185.16.120:9618?addrs=188.185.16.120-9618+[2001-1458-d00-65--100-39b]-9618&alias=bigbird27.cern.ch&noUDP&sock=schedd_24013_7fc8>
...
040 (4121424.039.000) 06/13 12:37:53 Started transferring input files
	Transferring to host: <188.184.195.29:9618?addrs=188.184.195.29-9618+[2001-1458-301-72--100-226]-9618&alias=b9g47n8432.cern.ch&noUDP&sock=slot1_1_3386339_eb01_2632>
...
040 (4121424.039.000) 06/13 12:37:53 Finished transferring input files
...
001 (4121424.039.000) 06/13 12:37:54 Job executing on host: <188.184.195.29:9618?addrs=188.184.195.29-9618+[2001-1458-301-72--100-226]-9618&alias=b9g47n8432.cern.ch&noUDP&sock=startd_15648_ce0f>
	SlotName: slot1_1@b9g47n8432.cern.ch
	AvailableGPUs = { GPUs_GPU_52d18a8c }
	CondorScratchDir = "/pool/condor/dir_3905310"
	Cpus = 1
	Disk = 174006
	GPUs = 1
	GPUs_GPU_52d18a8c = [ GlobalMemoryMb = 32494; MaxSupportedVersion = 12040; DriverVersion = 12.4; DeviceUuid = "52d18a8c-e9fe-346e-4034-df2dff2358b1"; DeviceName = "Tesla V100S-PCIE-32GB"; CoresPerCU = 64; ECCEnabled = true; ComputeUnits = 80; ClockMhz = 1597.0; Id = "GPU-52d18a8c"; DevicePciBusId = "0000:07:00.0"; Capability = 7.0 ]
	Memory = 2000
...
006 (4121424.039.000) 06/13 12:37:55 Image size of job updated: 14407296
	3767  -  MemoryUsage of job (MB)
	3857128  -  ResidentSetSize of job (KB)
...
007 (4121424.039.000) 06/13 12:37:55 Shadow exception!
	Error from slot1_1@b9g47n8432.cern.ch: Job has gone over memory limit of 2000 megabytes. Peak usage: 14069 megabytes.
	0  -  Run Bytes Sent By Job
	231  -  Run Bytes Received By Job
...
012 (4121424.039.000) 06/13 12:37:55 Job was held.
	Error from slot1_1@b9g47n8432.cern.ch: Job has gone over memory limit of 2000 megabytes. Peak usage: 14069 megabytes.
	Code 34 Subcode 0
...
000 (4121464.039.000) 06/13 12:45:46 Job submitted from host: <188.185.16.120:9618?addrs=188.185.16.120-9618+[2001-1458-d00-65--100-39b]-9618&alias=bigbird27.cern.ch&noUDP&sock=schedd_24013_7fc8>
...
040 (4121464.039.000) 06/13 12:49:26 Started transferring input files
	Transferring to host: <188.184.195.156:9618?addrs=188.184.195.156-9618+[2001-1458-301-72--100-74]-9618&alias=b9g47n2206.cern.ch&noUDP&sock=slot1_1_561778_2bf6_30904>
...
040 (4121464.039.000) 06/13 12:49:26 Finished transferring input files
...
001 (4121464.039.000) 06/13 12:49:27 Job executing on host: <188.184.195.156:9618?addrs=188.184.195.156-9618+[2001-1458-301-72--100-74]-9618&alias=b9g47n2206.cern.ch&noUDP&sock=startd_1318856_18c3>
	SlotName: slot1_1@b9g47n2206.cern.ch
	AvailableGPUs = { GPUs_GPU_8692f1ae }
	CondorScratchDir = "/pool/condor/dir_2806347"
	Cpus = 1
	Disk = 172811
	GPUs = 1
	GPUs_GPU_8692f1ae = [ GlobalMemoryMb = 32494; MaxSupportedVersion = 12040; DriverVersion = 12.4; DeviceUuid = "8692f1ae-2f64-25cc-077a-fccf8f069c06"; DeviceName = "Tesla V100S-PCIE-32GB"; CoresPerCU = 64; ECCEnabled = true; ComputeUnits = 80; ClockMhz = 1597.0; Id = "GPU-8692f1ae"; DevicePciBusId = "0000:07:00.0"; Capability = 7.0 ]
	Memory = 2000
...
006 (4121464.039.000) 06/13 12:49:35 Image size of job updated: 108080
	106  -  MemoryUsage of job (MB)
	107824  -  ResidentSetSize of job (KB)
...
006 (4121464.039.000) 06/13 12:49:47 Image size of job updated: 460568
	106  -  MemoryUsage of job (MB)
	107824  -  ResidentSetSize of job (KB)
...
040 (4121464.039.000) 06/13 12:49:47 Started transferring output files
...
040 (4121464.039.000) 06/13 12:49:47 Finished transferring output files
...
005 (4121464.039.000) 06/13 12:49:47 Job terminated.
	(1) Normal termination (return value 0)
		Usr 0 00:00:07, Sys 0 00:00:02  -  Run Remote Usage
		Usr 0 00:00:00, Sys 0 00:00:00  -  Run Local Usage
		Usr 0 00:00:07, Sys 0 00:00:02  -  Total Remote Usage
		Usr 0 00:00:00, Sys 0 00:00:00  -  Total Local Usage
	8868  -  Run Bytes Sent By Job
	231  -  Run Bytes Received By Job
	8868  -  Total Bytes Sent By Job
	231  -  Total Bytes Received By Job
	Partitionable Resources :    Usage  Request Allocated Assigned
	   Cpus                 :                 1         1 
	   Disk (KB)            :       25        1    172811 
	   Gpus (Average)       :                 1         1 "GPU-8692f1ae"
	   Memory (MB)          :      106     2000      2000 

	Job terminated of its own accord at 2024-06-13T10:49:47Z with exit-code 0.
...
009 (4121424.039.000) 06/14 12:39:12 Job was aborted.
	Job removed by SYSTEM_PERIODIC_REMOVE due to wall time exceeded allowed max.
...
000 (4558790.039.000) 07/31 12:46:52 Job submitted from host: <188.185.16.120:9618?addrs=188.185.16.120-9618+[2001-1458-d00-65--100-39b]-9618&alias=bigbird27.cern.ch&noUDP&sock=schedd_24013_7fc8>
...
040 (4558790.039.000) 07/31 13:04:13 Started transferring input files
	Transferring to host: <188.184.195.242:9618?addrs=188.184.195.242-9618+[2001-1458-301-72--100-1f9]-9618&alias=b9g47n8171.cern.ch&noUDP&sock=slot1_1_989424_7724_62750>
...
040 (4558790.039.000) 07/31 13:04:13 Finished transferring input files
...
001 (4558790.039.000) 07/31 13:04:14 Job executing on host: <188.184.195.242:9618?addrs=188.184.195.242-9618+[2001-1458-301-72--100-1f9]-9618&alias=b9g47n8171.cern.ch&noUDP&sock=startd_15841_2fd7>
	SlotName: slot1_1@b9g47n8171.cern.ch
	AvailableGPUs = { GPUs_GPU_b66aaef1 }
	CondorScratchDir = "/pool/condor/dir_1627843"
	Cpus = 1
	Disk = 176007
	GPUs = 1
	GPUs_GPU_b66aaef1 = [ GlobalMemoryMb = 32494; MaxSupportedVersion = 12040; DriverVersion = 12.4; DeviceUuid = "b66aaef1-7a45-dc3a-20b9-6fc19b6dfe68"; DeviceName = "Tesla V100S-PCIE-32GB"; CoresPerCU = 64; ECCEnabled = true; ComputeUnits = 80; ClockMhz = 1597.0; Id = "GPU-b66aaef1"; DevicePciBusId = "0000:07:00.0"; Capability = 7.0 ]
	Memory = 2000
...
006 (4558790.039.000) 07/31 13:04:22 Image size of job updated: 108060
	106  -  MemoryUsage of job (MB)
	107584  -  ResidentSetSize of job (KB)
...
006 (4558790.039.000) 07/31 13:04:34 Image size of job updated: 460880
	106  -  MemoryUsage of job (MB)
	107584  -  ResidentSetSize of job (KB)
...
040 (4558790.039.000) 07/31 13:04:34 Started transferring output files
...
040 (4558790.039.000) 07/31 13:04:35 Finished transferring output files
...
005 (4558790.039.000) 07/31 13:04:35 Job terminated.
	(1) Normal termination (return value 0)
		Usr 0 00:00:07, Sys 0 00:00:03  -  Run Remote Usage
		Usr 0 00:00:00, Sys 0 00:00:00  -  Run Local Usage
		Usr 0 00:00:07, Sys 0 00:00:03  -  Total Remote Usage
		Usr 0 00:00:00, Sys 0 00:00:00  -  Total Local Usage
	7029  -  Run Bytes Sent By Job
	250  -  Run Bytes Received By Job
	7029  -  Total Bytes Sent By Job
	250  -  Total Bytes Received By Job
	Partitionable Resources :    Usage  Request Allocated Assigned
	   Cpus                 :                 1         1 
	   Disk (KB)            :       23        1    176007 
	   Gpus (Average)       :                 1         1 "GPU-b66aaef1"
	   Memory (MB)          :      106     2000      2000 

	Job terminated of its own accord at 2024-07-31T11:04:34Z with exit-code 0.
...
000 (4558799.039.000) 07/31 13:36:26 Job submitted from host: <188.185.16.120:9618?addrs=188.185.16.120-9618+[2001-1458-d00-65--100-39b]-9618&alias=bigbird27.cern.ch&noUDP&sock=schedd_24013_7fc8>
...
040 (4558799.039.000) 07/31 13:52:58 Started transferring input files
	Transferring to host: <188.184.195.242:9618?addrs=188.184.195.242-9618+[2001-1458-301-72--100-1f9]-9618&alias=b9g47n8171.cern.ch&noUDP&sock=slot1_1_989424_7724_62846>
...
040 (4558799.039.000) 07/31 13:52:58 Finished transferring input files
...
001 (4558799.039.000) 07/31 13:52:59 Job executing on host: <188.184.195.242:9618?addrs=188.184.195.242-9618+[2001-1458-301-72--100-1f9]-9618&alias=b9g47n8171.cern.ch&noUDP&sock=startd_15841_2fd7>
	SlotName: slot1_1@b9g47n8171.cern.ch
	AvailableGPUs = { GPUs_GPU_b66aaef1 }
	CondorScratchDir = "/pool/condor/dir_1648118"
	Cpus = 1
	Disk = 175992
	GPUs = 1
	GPUs_GPU_b66aaef1 = [ GlobalMemoryMb = 32494; MaxSupportedVersion = 12040; DriverVersion = 12.4; DeviceUuid = "b66aaef1-7a45-dc3a-20b9-6fc19b6dfe68"; DeviceName = "Tesla V100S-PCIE-32GB"; CoresPerCU = 64; ECCEnabled = true; ComputeUnits = 80; ClockMhz = 1597.0; Id = "GPU-b66aaef1"; DevicePciBusId = "0000:07:00.0"; Capability = 7.0 ]
	Memory = 2000
...
006 (4558799.039.000) 07/31 13:53:07 Image size of job updated: 108128
	106  -  MemoryUsage of job (MB)
	107640  -  ResidentSetSize of job (KB)
...
006 (4558799.039.000) 07/31 13:53:19 Image size of job updated: 460896
	106  -  MemoryUsage of job (MB)
	107640  -  ResidentSetSize of job (KB)
...
040 (4558799.039.000) 07/31 13:53:19 Started transferring output files
...
040 (4558799.039.000) 07/31 13:53:19 Finished transferring output files
...
005 (4558799.039.000) 07/31 13:53:19 Job terminated.
	(1) Normal termination (return value 0)
		Usr 0 00:00:07, Sys 0 00:00:03  -  Run Remote Usage
		Usr 0 00:00:00, Sys 0 00:00:00  -  Run Local Usage
		Usr 0 00:00:07, Sys 0 00:00:03  -  Total Remote Usage
		Usr 0 00:00:00, Sys 0 00:00:00  -  Total Local Usage
	7118  -  Run Bytes Sent By Job
	253  -  Run Bytes Received By Job
	7118  -  Total Bytes Sent By Job
	253  -  Total Bytes Received By Job
	Partitionable Resources :    Usage  Request Allocated Assigned
	   Cpus                 :                 1         1 
	   Disk (KB)            :       23        1    175992 
	   Gpus (Average)       :                 1         1 "GPU-b66aaef1"
	   Memory (MB)          :      106     2000      2000 

	Job terminated of its own accord at 2024-07-31T11:53:19Z with exit-code 0.
...
