000 (4106318.047.000) 06/12 06:30:59 Job submitted from host: <188.185.16.120:9618?addrs=188.185.16.120-9618+[2001-1458-d00-65--100-39b]-9618&alias=bigbird27.cern.ch&noUDP&sock=schedd_24013_7fc8>
...
040 (4106318.047.000) 06/12 06:32:01 Started transferring input files
	Transferring to host: <188.184.195.156:9618?addrs=188.184.195.156-9618+[2001-1458-301-72--100-74]-9618&alias=b9g47n2206.cern.ch&noUDP&sock=slot1_1_561778_2bf6_30035>
...
040 (4106318.047.000) 06/12 06:32:01 Finished transferring input files
...
001 (4106318.047.000) 06/12 06:32:02 Job executing on host: <188.184.195.156:9618?addrs=188.184.195.156-9618+[2001-1458-301-72--100-74]-9618&alias=b9g47n2206.cern.ch&noUDP&sock=startd_1318856_18c3>
	SlotName: slot1_1@b9g47n2206.cern.ch
	AvailableGPUs = { GPUs_GPU_8692f1ae }
	CondorScratchDir = "/pool/condor/dir_2593376"
	Cpus = 1
	Disk = 173761
	GPUs = 1
	GPUs_GPU_8692f1ae = [ GlobalMemoryMb = 32494; MaxSupportedVersion = 12040; DriverVersion = 12.4; DeviceUuid = "8692f1ae-2f64-25cc-077a-fccf8f069c06"; DeviceName = "Tesla V100S-PCIE-32GB"; CoresPerCU = 64; ECCEnabled = true; ComputeUnits = 80; ClockMhz = 1597.0; Id = "GPU-8692f1ae"; DevicePciBusId = "0000:07:00.0"; Capability = 7.0 ]
	Memory = 2000
...
006 (4106318.047.000) 06/12 06:32:04 Image size of job updated: 42152
	1  -  MemoryUsage of job (MB)
	180  -  ResidentSetSize of job (KB)
...
040 (4106318.047.000) 06/12 06:32:04 Started transferring output files
...
040 (4106318.047.000) 06/12 06:32:04 Finished transferring output files
...
005 (4106318.047.000) 06/12 06:32:04 Job terminated.
	(1) Normal termination (return value 126)
		Usr 0 00:00:00, Sys 0 00:00:00  -  Run Remote Usage
		Usr 0 00:00:00, Sys 0 00:00:00  -  Run Local Usage
		Usr 0 00:00:00, Sys 0 00:00:00  -  Total Remote Usage
		Usr 0 00:00:00, Sys 0 00:00:00  -  Total Local Usage
	5710  -  Run Bytes Sent By Job
	231  -  Run Bytes Received By Job
	5710  -  Total Bytes Sent By Job
	231  -  Total Bytes Received By Job
	Partitionable Resources :    Usage  Request Allocated Assigned
	   Cpus                 :                 1         1 
	   Disk (KB)            :       21        1    173761 
	   Gpus (Average)       :                 1         1 "GPU-8692f1ae"
	   Memory (MB)          :        1     2000      2000 

	Job terminated of its own accord at 2024-06-12T04:32:04Z with exit-code 126.
...
000 (4121424.047.000) 06/13 12:36:20 Job submitted from host: <188.185.16.120:9618?addrs=188.185.16.120-9618+[2001-1458-d00-65--100-39b]-9618&alias=bigbird27.cern.ch&noUDP&sock=schedd_24013_7fc8>
...
040 (4121424.047.000) 06/13 12:38:04 Started transferring input files
	Transferring to host: <128.142.241.88:9618?addrs=128.142.241.88-9618+[2001-1458-301-ce--100-183]-9618&alias=b9g47n2314.cern.ch&noUDP&sock=slot1_1_49099_6fe6_28563>
...
040 (4121424.047.000) 06/13 12:38:04 Finished transferring input files
...
001 (4121424.047.000) 06/13 12:38:05 Job executing on host: <128.142.241.88:9618?addrs=128.142.241.88-9618+[2001-1458-301-ce--100-183]-9618&alias=b9g47n2314.cern.ch&noUDP&sock=startd_16350_518b>
	SlotName: slot1_1@b9g47n2314.cern.ch
	AvailableGPUs = { GPUs_GPU_3d41bc53 }
	CondorScratchDir = "/pool/condor/dir_82845"
	Cpus = 1
	Disk = 469020
	GPUs = 1
	GPUs_GPU_3d41bc53 = [ GlobalMemoryMb = 32494; MaxSupportedVersion = 12040; DriverVersion = 12.4; DeviceName = "Tesla V100-PCIE-32GB"; CoresPerCU = 64; ECCEnabled = true; ComputeUnits = 80; ClockMhz = 1380.0; Id = "GPU-3d41bc53"; Capability = 7.0; DevicePciBusId = "0000:07:00.0"; DeviceUuid = "3d41bc53-1e61-dbf2-2a1c-0eafae9e0a08" ]
	Memory = 2000
...
006 (4121424.047.000) 06/13 12:38:08 Image size of job updated: 45809420
	520  -  MemoryUsage of job (MB)
	531652  -  ResidentSetSize of job (KB)
...
040 (4121424.047.000) 06/13 12:38:08 Started transferring output files
...
040 (4121424.047.000) 06/13 12:38:08 Finished transferring output files
...
005 (4121424.047.000) 06/13 12:38:08 Job terminated.
	(1) Normal termination (return value 126)
		Usr 8 15:29:47, Sys 5 15:36:19  -  Run Remote Usage
		Usr 0 00:00:00, Sys 0 00:00:00  -  Run Local Usage
		Usr 8 15:29:47, Sys 5 15:36:19  -  Total Remote Usage
		Usr 0 00:00:00, Sys 0 00:00:00  -  Total Local Usage
	5254  -  Run Bytes Sent By Job
	231  -  Run Bytes Received By Job
	5254  -  Total Bytes Sent By Job
	231  -  Total Bytes Received By Job
	Partitionable Resources :    Usage  Request Allocated Assigned
	   Cpus                 :                 1         1 
	   Disk (KB)            :       20        1    469020 
	   Gpus (Average)       :                 1         1 "GPU-3d41bc53"
	   Memory (MB)          :      520     2000      2000 

	Job terminated of its own accord at 2024-06-13T10:38:08Z with exit-code 126.
...
000 (4121464.047.000) 06/13 12:45:46 Job submitted from host: <188.185.16.120:9618?addrs=188.185.16.120-9618+[2001-1458-d00-65--100-39b]-9618&alias=bigbird27.cern.ch&noUDP&sock=schedd_24013_7fc8>
...
040 (4121464.047.000) 06/13 12:49:59 Started transferring input files
	Transferring to host: <188.184.195.29:9618?addrs=188.184.195.29-9618+[2001-1458-301-72--100-226]-9618&alias=b9g47n8432.cern.ch&noUDP&sock=slot1_1_3386339_eb01_2658>
...
040 (4121464.047.000) 06/13 12:49:59 Finished transferring input files
...
001 (4121464.047.000) 06/13 12:50:00 Job executing on host: <188.184.195.29:9618?addrs=188.184.195.29-9618+[2001-1458-301-72--100-226]-9618&alias=b9g47n8432.cern.ch&noUDP&sock=startd_15648_ce0f>
	SlotName: slot1_1@b9g47n8432.cern.ch
	AvailableGPUs = { GPUs_GPU_52d18a8c }
	CondorScratchDir = "/pool/condor/dir_3913282"
	Cpus = 1
	Disk = 173462
	GPUs = 1
	GPUs_GPU_52d18a8c = [ GlobalMemoryMb = 32494; MaxSupportedVersion = 12040; DriverVersion = 12.4; DeviceUuid = "52d18a8c-e9fe-346e-4034-df2dff2358b1"; DeviceName = "Tesla V100S-PCIE-32GB"; CoresPerCU = 64; ECCEnabled = true; ComputeUnits = 80; ClockMhz = 1597.0; Id = "GPU-52d18a8c"; DevicePciBusId = "0000:07:00.0"; Capability = 7.0 ]
	Memory = 2000
...
006 (4121464.047.000) 06/13 12:50:09 Image size of job updated: 14407296
	4318  -  MemoryUsage of job (MB)
	4421080  -  ResidentSetSize of job (KB)
...
007 (4121464.047.000) 06/13 12:50:21 Shadow exception!
	Error from slot1_1@b9g47n8432.cern.ch: Job has gone over memory limit of 2000 megabytes. Peak usage: 14069 megabytes.
	0  -  Run Bytes Sent By Job
	231  -  Run Bytes Received By Job
...
012 (4121464.047.000) 06/13 12:50:21 Job was held.
	Error from slot1_1@b9g47n8432.cern.ch: Job has gone over memory limit of 2000 megabytes. Peak usage: 14069 megabytes.
	Code 34 Subcode 0
...
009 (4121464.047.000) 06/14 12:50:52 Job was aborted.
	Job removed by SYSTEM_PERIODIC_REMOVE due to wall time exceeded allowed max.
...
000 (4558790.047.000) 07/31 12:46:52 Job submitted from host: <188.185.16.120:9618?addrs=188.185.16.120-9618+[2001-1458-d00-65--100-39b]-9618&alias=bigbird27.cern.ch&noUDP&sock=schedd_24013_7fc8>
...
040 (4558790.047.000) 07/31 13:05:55 Started transferring input files
	Transferring to host: <128.142.241.120:9618?addrs=128.142.241.120-9618+[2001-1458-301-ce--100-ec]-9618&alias=b9g47n4050.cern.ch&noUDP&sock=slot1_1_1370079_593b_41713>
...
040 (4558790.047.000) 07/31 13:05:55 Finished transferring input files
...
001 (4558790.047.000) 07/31 13:05:56 Job executing on host: <128.142.241.120:9618?addrs=128.142.241.120-9618+[2001-1458-301-ce--100-ec]-9618&alias=b9g47n4050.cern.ch&noUDP&sock=startd_15799_60dc>
	SlotName: slot1_1@b9g47n4050.cern.ch
	AvailableGPUs = { GPUs_GPU_bf3fdde8 }
	CondorScratchDir = "/pool/condor/dir_277590"
	Cpus = 1
	Disk = 85554
	GPUs = 1
	GPUs_GPU_bf3fdde8 = [ GlobalMemoryMb = 32494; MaxSupportedVersion = 12040; DriverVersion = 12.4; DeviceUuid = "bf3fdde8-927e-09f9-6ee7-d9a1ad55128e"; DeviceName = "Tesla V100-PCIE-32GB"; CoresPerCU = 64; ECCEnabled = true; ComputeUnits = 80; ClockMhz = 1380.0; Id = "GPU-bf3fdde8"; DevicePciBusId = "0000:07:00.0"; Capability = 7.0 ]
	Memory = 2000
...
006 (4558790.047.000) 07/31 13:06:05 Image size of job updated: 108184
	106  -  MemoryUsage of job (MB)
	107928  -  ResidentSetSize of job (KB)
...
006 (4558790.047.000) 07/31 13:06:24 Image size of job updated: 460364
	106  -  MemoryUsage of job (MB)
	107928  -  ResidentSetSize of job (KB)
...
040 (4558790.047.000) 07/31 13:06:24 Started transferring output files
...
040 (4558790.047.000) 07/31 13:06:24 Finished transferring output files
...
005 (4558790.047.000) 07/31 13:06:24 Job terminated.
	(1) Normal termination (return value 0)
		Usr 0 00:00:09, Sys 0 00:00:04  -  Run Remote Usage
		Usr 0 00:00:00, Sys 0 00:00:00  -  Run Local Usage
		Usr 0 00:00:09, Sys 0 00:00:04  -  Total Remote Usage
		Usr 0 00:00:00, Sys 0 00:00:00  -  Total Local Usage
	7035  -  Run Bytes Sent By Job
	250  -  Run Bytes Received By Job
	7035  -  Total Bytes Sent By Job
	250  -  Total Bytes Received By Job
	Partitionable Resources :    Usage  Request Allocated Assigned
	   Cpus                 :                 1         1 
	   Disk (KB)            :       23        1     85554 
	   Gpus (Average)       :                 1         1 "GPU-bf3fdde8"
	   Memory (MB)          :      106     2000      2000 

	Job terminated of its own accord at 2024-07-31T11:06:24Z with exit-code 0.
...
000 (4558799.047.000) 07/31 13:36:26 Job submitted from host: <188.185.16.120:9618?addrs=188.185.16.120-9618+[2001-1458-d00-65--100-39b]-9618&alias=bigbird27.cern.ch&noUDP&sock=schedd_24013_7fc8>
...
040 (4558799.047.000) 07/31 13:55:25 Started transferring input files
	Transferring to host: <128.142.241.120:9618?addrs=128.142.241.120-9618+[2001-1458-301-ce--100-ec]-9618&alias=b9g47n4050.cern.ch&noUDP&sock=slot1_1_1370079_593b_41770>
...
040 (4558799.047.000) 07/31 13:55:25 Finished transferring input files
...
001 (4558799.047.000) 07/31 13:55:26 Job executing on host: <128.142.241.120:9618?addrs=128.142.241.120-9618+[2001-1458-301-ce--100-ec]-9618&alias=b9g47n4050.cern.ch&noUDP&sock=startd_15799_60dc>
	SlotName: slot1_1@b9g47n4050.cern.ch
	AvailableGPUs = { GPUs_GPU_bf3fdde8 }
	CondorScratchDir = "/pool/condor/dir_285187"
	Cpus = 1
	Disk = 85536
	GPUs = 1
	GPUs_GPU_bf3fdde8 = [ GlobalMemoryMb = 32494; MaxSupportedVersion = 12040; DriverVersion = 12.4; DeviceUuid = "bf3fdde8-927e-09f9-6ee7-d9a1ad55128e"; DeviceName = "Tesla V100-PCIE-32GB"; CoresPerCU = 64; ECCEnabled = true; ComputeUnits = 80; ClockMhz = 1380.0; Id = "GPU-bf3fdde8"; DevicePciBusId = "0000:07:00.0"; Capability = 7.0 ]
	Memory = 2000
...
006 (4558799.047.000) 07/31 13:55:35 Image size of job updated: 9366300
	1622  -  MemoryUsage of job (MB)
	1660528  -  ResidentSetSize of job (KB)
...
040 (4558799.047.000) 07/31 13:55:54 Started transferring output files
...
040 (4558799.047.000) 07/31 13:55:54 Finished transferring output files
...
005 (4558799.047.000) 07/31 13:55:54 Job terminated.
	(1) Normal termination (return value 0)
		Usr 0 00:16:52, Sys 0 00:07:46  -  Run Remote Usage
		Usr 0 00:00:00, Sys 0 00:00:00  -  Run Local Usage
		Usr 0 00:16:52, Sys 0 00:07:46  -  Total Remote Usage
		Usr 0 00:00:00, Sys 0 00:00:00  -  Total Local Usage
	7112  -  Run Bytes Sent By Job
	253  -  Run Bytes Received By Job
	7112  -  Total Bytes Sent By Job
	253  -  Total Bytes Received By Job
	Partitionable Resources :    Usage  Request Allocated Assigned
	   Cpus                 :                 1         1 
	   Disk (KB)            :       23        1     85536 
	   Gpus (Average)       :                 1         1 "GPU-bf3fdde8"
	   Memory (MB)          :     1622     2000      2000 

	Job terminated of its own accord at 2024-07-31T11:55:54Z with exit-code 0.
...
