000 (4106318.028.000) 06/12 06:30:59 Job submitted from host: <188.185.16.120:9618?addrs=188.185.16.120-9618+[2001-1458-d00-65--100-39b]-9618&alias=bigbird27.cern.ch&noUDP&sock=schedd_24013_7fc8>
...
040 (4106318.028.000) 06/12 06:31:54 Started transferring input files
	Transferring to host: <188.184.195.156:9618?addrs=188.184.195.156-9618+[2001-1458-301-72--100-74]-9618&alias=b9g47n2206.cern.ch&noUDP&sock=slot1_1_561778_2bf6_30033>
...
040 (4106318.028.000) 06/12 06:31:54 Finished transferring input files
...
001 (4106318.028.000) 06/12 06:31:55 Job executing on host: <188.184.195.156:9618?addrs=188.184.195.156-9618+[2001-1458-301-72--100-74]-9618&alias=b9g47n2206.cern.ch&noUDP&sock=startd_1318856_18c3>
	SlotName: slot1_1@b9g47n2206.cern.ch
	AvailableGPUs = { GPUs_GPU_8692f1ae }
	CondorScratchDir = "/pool/condor/dir_2592770"
	Cpus = 1
	Disk = 173761
	GPUs = 1
	GPUs_GPU_8692f1ae = [ GlobalMemoryMb = 32494; MaxSupportedVersion = 12040; DriverVersion = 12.4; DeviceUuid = "8692f1ae-2f64-25cc-077a-fccf8f069c06"; DeviceName = "Tesla V100S-PCIE-32GB"; CoresPerCU = 64; ECCEnabled = true; ComputeUnits = 80; ClockMhz = 1597.0; Id = "GPU-8692f1ae"; DevicePciBusId = "0000:07:00.0"; Capability = 7.0 ]
	Memory = 2000
...
006 (4106318.028.000) 06/12 06:31:57 Image size of job updated: 42416
	1  -  MemoryUsage of job (MB)
	336  -  ResidentSetSize of job (KB)
...
040 (4106318.028.000) 06/12 06:31:57 Started transferring output files
...
040 (4106318.028.000) 06/12 06:31:57 Finished transferring output files
...
005 (4106318.028.000) 06/12 06:31:57 Job terminated.
	(1) Normal termination (return value 126)
		Usr 0 00:00:00, Sys 0 00:00:00  -  Run Remote Usage
		Usr 0 00:00:00, Sys 0 00:00:00  -  Run Local Usage
		Usr 0 00:00:00, Sys 0 00:00:00  -  Total Remote Usage
		Usr 0 00:00:00, Sys 0 00:00:00  -  Total Local Usage
	5710  -  Run Bytes Sent By Job
	231  -  Run Bytes Received By Job
	5710  -  Total Bytes Sent By Job
	231  -  Total Bytes Received By Job
	Partitionable Resources :    Usage  Request Allocated Assigned
	   Cpus                 :                 1         1 
	   Disk (KB)            :       21        1    173761 
	   Gpus (Average)       :                 1         1 "GPU-8692f1ae"
	   Memory (MB)          :        1     2000      2000 

	Job terminated of its own accord at 2024-06-12T04:31:57Z with exit-code 126.
...
000 (4121424.028.000) 06/13 12:36:20 Job submitted from host: <188.185.16.120:9618?addrs=188.185.16.120-9618+[2001-1458-d00-65--100-39b]-9618&alias=bigbird27.cern.ch&noUDP&sock=schedd_24013_7fc8>
...
040 (4121424.028.000) 06/13 12:37:25 Started transferring input files
	Transferring to host: <128.142.241.88:9618?addrs=128.142.241.88-9618+[2001-1458-301-ce--100-183]-9618&alias=b9g47n2314.cern.ch&noUDP&sock=slot1_1_49099_6fe6_28561>
...
040 (4121424.028.000) 06/13 12:37:25 Finished transferring input files
...
001 (4121424.028.000) 06/13 12:37:26 Job executing on host: <128.142.241.88:9618?addrs=128.142.241.88-9618+[2001-1458-301-ce--100-183]-9618&alias=b9g47n2314.cern.ch&noUDP&sock=startd_16350_518b>
	SlotName: slot1_1@b9g47n2314.cern.ch
	AvailableGPUs = { GPUs_GPU_3d41bc53 }
	CondorScratchDir = "/pool/condor/dir_82231"
	Cpus = 1
	Disk = 469020
	GPUs = 1
	GPUs_GPU_3d41bc53 = [ GlobalMemoryMb = 32494; MaxSupportedVersion = 12040; DriverVersion = 12.4; DeviceName = "Tesla V100-PCIE-32GB"; CoresPerCU = 64; ECCEnabled = true; ComputeUnits = 80; ClockMhz = 1380.0; Id = "GPU-3d41bc53"; Capability = 7.0; DevicePciBusId = "0000:07:00.0"; DeviceUuid = "3d41bc53-1e61-dbf2-2a1c-0eafae9e0a08" ]
	Memory = 2000
...
006 (4121424.028.000) 06/13 12:37:29 Image size of job updated: 45809420
	520  -  MemoryUsage of job (MB)
	531952  -  ResidentSetSize of job (KB)
...
040 (4121424.028.000) 06/13 12:37:29 Started transferring output files
...
040 (4121424.028.000) 06/13 12:37:29 Finished transferring output files
...
005 (4121424.028.000) 06/13 12:37:29 Job terminated.
	(1) Normal termination (return value 126)
		Usr 8 15:29:45, Sys 5 15:36:16  -  Run Remote Usage
		Usr 0 00:00:00, Sys 0 00:00:00  -  Run Local Usage
		Usr 8 15:29:45, Sys 5 15:36:16  -  Total Remote Usage
		Usr 0 00:00:00, Sys 0 00:00:00  -  Total Local Usage
	5254  -  Run Bytes Sent By Job
	231  -  Run Bytes Received By Job
	5254  -  Total Bytes Sent By Job
	231  -  Total Bytes Received By Job
	Partitionable Resources :    Usage  Request Allocated Assigned
	   Cpus                 :                 1         1 
	   Disk (KB)            :       21        1    469020 
	   Gpus (Average)       :                 1         1 "GPU-3d41bc53"
	   Memory (MB)          :      520     2000      2000 

	Job terminated of its own accord at 2024-06-13T10:37:29Z with exit-code 126.
...
000 (4121464.028.000) 06/13 12:45:46 Job submitted from host: <188.185.16.120:9618?addrs=188.185.16.120-9618+[2001-1458-d00-65--100-39b]-9618&alias=bigbird27.cern.ch&noUDP&sock=schedd_24013_7fc8>
...
040 (4121464.028.000) 06/13 12:47:58 Started transferring input files
	Transferring to host: <188.184.195.66:9618?addrs=188.184.195.66-9618+[2001-1458-301-72--100-179]-9618&alias=b9g47n0340.cern.ch&noUDP&sock=slot1_1_3657465_b653_14598>
...
040 (4121464.028.000) 06/13 12:47:58 Finished transferring input files
...
001 (4121464.028.000) 06/13 12:47:59 Job executing on host: <188.184.195.66:9618?addrs=188.184.195.66-9618+[2001-1458-301-72--100-179]-9618&alias=b9g47n0340.cern.ch&noUDP&sock=startd_15724_ef42>
	SlotName: slot1_1@b9g47n0340.cern.ch
	AvailableGPUs = { GPUs_GPU_62e6a7b2 }
	CondorScratchDir = "/pool/condor/dir_2476884"
	Cpus = 1
	Disk = 169841
	GPUs = 1
	GPUs_GPU_62e6a7b2 = [ GlobalMemoryMb = 32494; MaxSupportedVersion = 12040; DriverVersion = 12.4; DeviceUuid = "62e6a7b2-07d5-b7f6-24de-e679df367f40"; DeviceName = "Tesla V100S-PCIE-32GB"; CoresPerCU = 64; ECCEnabled = true; ComputeUnits = 80; ClockMhz = 1597.0; Id = "GPU-62e6a7b2"; DevicePciBusId = "0000:07:00.0"; Capability = 7.0 ]
	Memory = 2000
...
006 (4121464.028.000) 06/13 12:48:07 Image size of job updated: 13857932
	1280  -  MemoryUsage of job (MB)
	1310052  -  ResidentSetSize of job (KB)
...
040 (4121464.028.000) 06/13 12:48:20 Started transferring output files
...
040 (4121464.028.000) 06/13 12:48:20 Finished transferring output files
...
005 (4121464.028.000) 06/13 12:48:20 Job terminated.
	(1) Normal termination (return value 0)
		Usr 4 17:55:39, Sys 3 23:11:56  -  Run Remote Usage
		Usr 0 00:00:00, Sys 0 00:00:00  -  Run Local Usage
		Usr 4 17:55:39, Sys 3 23:11:56  -  Total Remote Usage
		Usr 0 00:00:00, Sys 0 00:00:00  -  Total Local Usage
	8876  -  Run Bytes Sent By Job
	231  -  Run Bytes Received By Job
	8876  -  Total Bytes Sent By Job
	231  -  Total Bytes Received By Job
	Partitionable Resources :    Usage  Request Allocated Assigned
	   Cpus                 :                 1         1 
	   Disk (KB)            :       24        1    169841 
	   Gpus (Average)       :                 1         1 "GPU-62e6a7b2"
	   Memory (MB)          :     1280     2000      2000 

	Job terminated of its own accord at 2024-06-13T10:48:20Z with exit-code 0.
...
000 (4558790.028.000) 07/31 12:46:51 Job submitted from host: <188.185.16.120:9618?addrs=188.185.16.120-9618+[2001-1458-d00-65--100-39b]-9618&alias=bigbird27.cern.ch&noUDP&sock=schedd_24013_7fc8>
...
040 (4558790.028.000) 07/31 13:02:43 Started transferring input files
	Transferring to host: <188.184.195.46:9618?addrs=188.184.195.46-9618+[2001-1458-301-72--100-249]-9618&alias=b9g47n7913.cern.ch&noUDP&sock=slot1_1_1819379_d81a_42374>
...
040 (4558790.028.000) 07/31 13:02:43 Finished transferring input files
...
001 (4558790.028.000) 07/31 13:02:44 Job executing on host: <188.184.195.46:9618?addrs=188.184.195.46-9618+[2001-1458-301-72--100-249]-9618&alias=b9g47n7913.cern.ch&noUDP&sock=startd_20749_aaa9>
	SlotName: slot1_1@b9g47n7913.cern.ch
	AvailableGPUs = { GPUs_GPU_edfd19f4 }
	CondorScratchDir = "/pool/condor/dir_455243"
	Cpus = 1
	Disk = 170537
	GPUs = 1
	GPUs_GPU_edfd19f4 = [ GlobalMemoryMb = 32494; MaxSupportedVersion = 12040; DriverVersion = 12.4; DeviceUuid = "edfd19f4-c79b-974d-4eb1-2d5a790dbc06"; DeviceName = "Tesla V100S-PCIE-32GB"; CoresPerCU = 64; ECCEnabled = true; ComputeUnits = 80; ClockMhz = 1597.0; Id = "GPU-edfd19f4"; DevicePciBusId = "0000:07:00.0"; Capability = 7.0 ]
	Memory = 2000
...
006 (4558790.028.000) 07/31 13:02:52 Image size of job updated: 108220
	106  -  MemoryUsage of job (MB)
	107712  -  ResidentSetSize of job (KB)
...
006 (4558790.028.000) 07/31 13:03:05 Image size of job updated: 460840
	106  -  MemoryUsage of job (MB)
	107712  -  ResidentSetSize of job (KB)
...
040 (4558790.028.000) 07/31 13:03:05 Started transferring output files
...
040 (4558790.028.000) 07/31 13:03:05 Finished transferring output files
...
005 (4558790.028.000) 07/31 13:03:05 Job terminated.
	(1) Normal termination (return value 0)
		Usr 0 00:00:07, Sys 0 00:00:03  -  Run Remote Usage
		Usr 0 00:00:00, Sys 0 00:00:00  -  Run Local Usage
		Usr 0 00:00:07, Sys 0 00:00:03  -  Total Remote Usage
		Usr 0 00:00:00, Sys 0 00:00:00  -  Total Local Usage
	7041  -  Run Bytes Sent By Job
	250  -  Run Bytes Received By Job
	7041  -  Total Bytes Sent By Job
	250  -  Total Bytes Received By Job
	Partitionable Resources :    Usage  Request Allocated Assigned
	   Cpus                 :                 1         1 
	   Disk (KB)            :       22        1    170537 
	   Gpus (Average)       :                 1         1 "GPU-edfd19f4"
	   Memory (MB)          :      106     2000      2000 

	Job terminated of its own accord at 2024-07-31T11:03:05Z with exit-code 0.
...
000 (4558799.028.000) 07/31 13:36:26 Job submitted from host: <188.185.16.120:9618?addrs=188.185.16.120-9618+[2001-1458-d00-65--100-39b]-9618&alias=bigbird27.cern.ch&noUDP&sock=schedd_24013_7fc8>
...
040 (4558799.028.000) 07/31 13:48:28 Started transferring input files
	Transferring to host: <188.184.195.242:9618?addrs=188.184.195.242-9618+[2001-1458-301-72--100-1f9]-9618&alias=b9g47n8171.cern.ch&noUDP&sock=slot1_1_989424_7724_62834>
...
040 (4558799.028.000) 07/31 13:48:28 Finished transferring input files
...
001 (4558799.028.000) 07/31 13:48:29 Job executing on host: <188.184.195.242:9618?addrs=188.184.195.242-9618+[2001-1458-301-72--100-1f9]-9618&alias=b9g47n8171.cern.ch&noUDP&sock=startd_15841_2fd7>
	SlotName: slot1_1@b9g47n8171.cern.ch
	AvailableGPUs = { GPUs_GPU_b66aaef1 }
	CondorScratchDir = "/pool/condor/dir_1641630"
	Cpus = 1
	Disk = 176005
	GPUs = 1
	GPUs_GPU_b66aaef1 = [ GlobalMemoryMb = 32494; MaxSupportedVersion = 12040; DriverVersion = 12.4; DeviceUuid = "b66aaef1-7a45-dc3a-20b9-6fc19b6dfe68"; DeviceName = "Tesla V100S-PCIE-32GB"; CoresPerCU = 64; ECCEnabled = true; ComputeUnits = 80; ClockMhz = 1597.0; Id = "GPU-b66aaef1"; DevicePciBusId = "0000:07:00.0"; Capability = 7.0 ]
	Memory = 2000
...
006 (4558799.028.000) 07/31 13:48:37 Image size of job updated: 107760
	105  -  MemoryUsage of job (MB)
	107500  -  ResidentSetSize of job (KB)
...
006 (4558799.028.000) 07/31 13:48:49 Image size of job updated: 460552
	105  -  MemoryUsage of job (MB)
	107500  -  ResidentSetSize of job (KB)
...
040 (4558799.028.000) 07/31 13:48:49 Started transferring output files
...
040 (4558799.028.000) 07/31 13:48:50 Finished transferring output files
...
005 (4558799.028.000) 07/31 13:48:50 Job terminated.
	(1) Normal termination (return value 0)
		Usr 0 00:00:07, Sys 0 00:00:02  -  Run Remote Usage
		Usr 0 00:00:00, Sys 0 00:00:00  -  Run Local Usage
		Usr 0 00:00:07, Sys 0 00:00:02  -  Total Remote Usage
		Usr 0 00:00:00, Sys 0 00:00:00  -  Total Local Usage
	7118  -  Run Bytes Sent By Job
	253  -  Run Bytes Received By Job
	7118  -  Total Bytes Sent By Job
	253  -  Total Bytes Received By Job
	Partitionable Resources :    Usage  Request Allocated Assigned
	   Cpus                 :                 1         1 
	   Disk (KB)            :       23        1    176005 
	   Gpus (Average)       :                 1         1 "GPU-b66aaef1"
	   Memory (MB)          :      105     2000      2000 

	Job terminated of its own accord at 2024-07-31T11:48:49Z with exit-code 0.
...
