000 (4106318.048.000) 06/12 06:30:59 Job submitted from host: <188.185.16.120:9618?addrs=188.185.16.120-9618+[2001-1458-d00-65--100-39b]-9618&alias=bigbird27.cern.ch&noUDP&sock=schedd_24013_7fc8>
...
040 (4106318.048.000) 06/12 06:32:02 Started transferring input files
	Transferring to host: <188.184.195.29:9618?addrs=188.184.195.29-9618+[2001-1458-301-72--100-226]-9618&alias=b9g47n8432.cern.ch&noUDP&sock=slot1_1_3386339_eb01_1767>
...
040 (4106318.048.000) 06/12 06:32:02 Finished transferring input files
...
001 (4106318.048.000) 06/12 06:32:03 Job executing on host: <188.184.195.29:9618?addrs=188.184.195.29-9618+[2001-1458-301-72--100-226]-9618&alias=b9g47n8432.cern.ch&noUDP&sock=startd_15648_ce0f>
	SlotName: slot1_1@b9g47n8432.cern.ch
	AvailableGPUs = { GPUs_GPU_52d18a8c }
	CondorScratchDir = "/pool/condor/dir_3696373"
	Cpus = 1
	Disk = 175979
	GPUs = 1
	GPUs_GPU_52d18a8c = [ GlobalMemoryMb = 32494; MaxSupportedVersion = 12040; DriverVersion = 12.4; DeviceUuid = "52d18a8c-e9fe-346e-4034-df2dff2358b1"; DeviceName = "Tesla V100S-PCIE-32GB"; CoresPerCU = 64; ECCEnabled = true; ComputeUnits = 80; ClockMhz = 1597.0; Id = "GPU-52d18a8c"; DevicePciBusId = "0000:07:00.0"; Capability = 7.0 ]
	Memory = 2000
...
006 (4106318.048.000) 06/12 06:32:05 Image size of job updated: 14407296
	735  -  MemoryUsage of job (MB)
	752368  -  ResidentSetSize of job (KB)
...
007 (4106318.048.000) 06/12 06:32:05 Shadow exception!
	Error from slot1_1@b9g47n8432.cern.ch: Job has gone over memory limit of 2000 megabytes. Peak usage: 14069 megabytes.
	0  -  Run Bytes Sent By Job
	231  -  Run Bytes Received By Job
...
012 (4106318.048.000) 06/12 06:32:05 Job was held.
	Error from slot1_1@b9g47n8432.cern.ch: Job has gone over memory limit of 2000 megabytes. Peak usage: 14069 megabytes.
	Code 34 Subcode 0
...
009 (4106318.048.000) 06/13 06:33:19 Job was aborted.
	Job removed by SYSTEM_PERIODIC_REMOVE due to wall time exceeded allowed max.
...
000 (4121424.048.000) 06/13 12:36:20 Job submitted from host: <188.185.16.120:9618?addrs=188.185.16.120-9618+[2001-1458-d00-65--100-39b]-9618&alias=bigbird27.cern.ch&noUDP&sock=schedd_24013_7fc8>
...
040 (4121424.048.000) 06/13 12:38:05 Started transferring input files
	Transferring to host: <188.184.195.29:9618?addrs=188.184.195.29-9618+[2001-1458-301-72--100-226]-9618&alias=b9g47n8432.cern.ch&noUDP&sock=slot1_1_3386339_eb01_2636>
...
040 (4121424.048.000) 06/13 12:38:05 Finished transferring input files
...
001 (4121424.048.000) 06/13 12:38:06 Job executing on host: <188.184.195.29:9618?addrs=188.184.195.29-9618+[2001-1458-301-72--100-226]-9618&alias=b9g47n8432.cern.ch&noUDP&sock=startd_15648_ce0f>
	SlotName: slot1_1@b9g47n8432.cern.ch
	AvailableGPUs = { GPUs_GPU_52d18a8c }
	CondorScratchDir = "/pool/condor/dir_3906520"
	Cpus = 1
	Disk = 174006
	GPUs = 1
	GPUs_GPU_52d18a8c = [ GlobalMemoryMb = 32494; MaxSupportedVersion = 12040; DriverVersion = 12.4; DeviceUuid = "52d18a8c-e9fe-346e-4034-df2dff2358b1"; DeviceName = "Tesla V100S-PCIE-32GB"; CoresPerCU = 64; ECCEnabled = true; ComputeUnits = 80; ClockMhz = 1597.0; Id = "GPU-52d18a8c"; DevicePciBusId = "0000:07:00.0"; Capability = 7.0 ]
	Memory = 2000
...
006 (4121424.048.000) 06/13 12:38:07 Image size of job updated: 14407296
	3767  -  MemoryUsage of job (MB)
	3857096  -  ResidentSetSize of job (KB)
...
007 (4121424.048.000) 06/13 12:38:07 Shadow exception!
	Error from slot1_1@b9g47n8432.cern.ch: Job has gone over memory limit of 2000 megabytes. Peak usage: 14069 megabytes.
	0  -  Run Bytes Sent By Job
	231  -  Run Bytes Received By Job
...
012 (4121424.048.000) 06/13 12:38:08 Job was held.
	Error from slot1_1@b9g47n8432.cern.ch: Job has gone over memory limit of 2000 megabytes. Peak usage: 14069 megabytes.
	Code 34 Subcode 0
...
000 (4121464.048.000) 06/13 12:45:46 Job submitted from host: <188.185.16.120:9618?addrs=188.185.16.120-9618+[2001-1458-d00-65--100-39b]-9618&alias=bigbird27.cern.ch&noUDP&sock=schedd_24013_7fc8>
...
040 (4121464.048.000) 06/13 12:50:06 Started transferring input files
	Transferring to host: <188.184.195.46:9618?addrs=188.184.195.46-9618+[2001-1458-301-72--100-249]-9618&alias=b9g47n7913.cern.ch&noUDP&sock=slot1_1_1819379_d81a_2468>
...
040 (4121464.048.000) 06/13 12:50:06 Finished transferring input files
...
001 (4121464.048.000) 06/13 12:50:07 Job executing on host: <188.184.195.46:9618?addrs=188.184.195.46-9618+[2001-1458-301-72--100-249]-9618&alias=b9g47n7913.cern.ch&noUDP&sock=startd_20749_aaa9>
	SlotName: slot1_1@b9g47n7913.cern.ch
	AvailableGPUs = { GPUs_GPU_edfd19f4 }
	CondorScratchDir = "/pool/condor/dir_2311352"
	Cpus = 1
	Disk = 172214
	GPUs = 1
	GPUs_GPU_edfd19f4 = [ GlobalMemoryMb = 32494; MaxSupportedVersion = 12040; DriverVersion = 12.4; DeviceUuid = "edfd19f4-c79b-974d-4eb1-2d5a790dbc06"; DeviceName = "Tesla V100S-PCIE-32GB"; CoresPerCU = 64; ECCEnabled = true; ComputeUnits = 80; ClockMhz = 1597.0; Id = "GPU-edfd19f4"; DevicePciBusId = "0000:07:00.0"; Capability = 7.0 ]
	Memory = 2000
...
006 (4121464.048.000) 06/13 12:50:15 Image size of job updated: 14781464
	2681  -  MemoryUsage of job (MB)
	2745268  -  ResidentSetSize of job (KB)
...
006 (4121464.048.000) 06/13 12:50:46 Image size of job updated: 14781464
	3097  -  MemoryUsage of job (MB)
	3171284  -  ResidentSetSize of job (KB)
...
007 (4121464.048.000) 06/13 12:50:46 Shadow exception!
	Error from slot1_1@b9g47n7913.cern.ch: Job has gone over memory limit of 2000 megabytes. Peak usage: 14435 megabytes.
	0  -  Run Bytes Sent By Job
	231  -  Run Bytes Received By Job
...
012 (4121464.048.000) 06/13 12:50:46 Job was held.
	Error from slot1_1@b9g47n7913.cern.ch: Job has gone over memory limit of 2000 megabytes. Peak usage: 14435 megabytes.
	Code 34 Subcode 0
...
009 (4121424.048.000) 06/14 12:39:12 Job was aborted.
	Job removed by SYSTEM_PERIODIC_REMOVE due to wall time exceeded allowed max.
...
009 (4121464.048.000) 06/14 12:50:52 Job was aborted.
	Job removed by SYSTEM_PERIODIC_REMOVE due to wall time exceeded allowed max.
...
000 (4558790.048.000) 07/31 12:46:52 Job submitted from host: <188.185.16.120:9618?addrs=188.185.16.120-9618+[2001-1458-d00-65--100-39b]-9618&alias=bigbird27.cern.ch&noUDP&sock=schedd_24013_7fc8>
...
040 (4558790.048.000) 07/31 13:05:55 Started transferring input files
	Transferring to host: <188.184.195.242:9618?addrs=188.184.195.242-9618+[2001-1458-301-72--100-1f9]-9618&alias=b9g47n8171.cern.ch&noUDP&sock=slot1_1_989424_7724_62755>
...
040 (4558790.048.000) 07/31 13:05:55 Finished transferring input files
...
001 (4558790.048.000) 07/31 13:05:56 Job executing on host: <188.184.195.242:9618?addrs=188.184.195.242-9618+[2001-1458-301-72--100-1f9]-9618&alias=b9g47n8171.cern.ch&noUDP&sock=startd_15841_2fd7>
	SlotName: slot1_1@b9g47n8171.cern.ch
	AvailableGPUs = { GPUs_GPU_b66aaef1 }
	CondorScratchDir = "/pool/condor/dir_1629229"
	Cpus = 1
	Disk = 176007
	GPUs = 1
	GPUs_GPU_b66aaef1 = [ GlobalMemoryMb = 32494; MaxSupportedVersion = 12040; DriverVersion = 12.4; DeviceUuid = "b66aaef1-7a45-dc3a-20b9-6fc19b6dfe68"; DeviceName = "Tesla V100S-PCIE-32GB"; CoresPerCU = 64; ECCEnabled = true; ComputeUnits = 80; ClockMhz = 1597.0; Id = "GPU-b66aaef1"; DevicePciBusId = "0000:07:00.0"; Capability = 7.0 ]
	Memory = 2000
...
006 (4558790.048.000) 07/31 13:06:05 Image size of job updated: 153192
	150  -  MemoryUsage of job (MB)
	152724  -  ResidentSetSize of job (KB)
...
006 (4558790.048.000) 07/31 13:06:17 Image size of job updated: 728292
	265  -  MemoryUsage of job (MB)
	270380  -  ResidentSetSize of job (KB)
...
040 (4558790.048.000) 07/31 13:06:17 Started transferring output files
...
040 (4558790.048.000) 07/31 13:06:17 Finished transferring output files
...
005 (4558790.048.000) 07/31 13:06:17 Job terminated.
	(1) Normal termination (return value 0)
		Usr 0 00:00:07, Sys 0 00:00:03  -  Run Remote Usage
		Usr 0 00:00:00, Sys 0 00:00:00  -  Run Local Usage
		Usr 0 00:00:07, Sys 0 00:00:03  -  Total Remote Usage
		Usr 0 00:00:00, Sys 0 00:00:00  -  Total Local Usage
	7038  -  Run Bytes Sent By Job
	250  -  Run Bytes Received By Job
	7038  -  Total Bytes Sent By Job
	250  -  Total Bytes Received By Job
	Partitionable Resources :    Usage  Request Allocated Assigned
	   Cpus                 :                 1         1 
	   Disk (KB)            :       23        1    176007 
	   Gpus (Average)       :                 1         1 "GPU-b66aaef1"
	   Memory (MB)          :      265     2000      2000 

	Job terminated of its own accord at 2024-07-31T11:06:17Z with exit-code 0.
...
000 (4558799.048.000) 07/31 13:36:26 Job submitted from host: <188.185.16.120:9618?addrs=188.185.16.120-9618+[2001-1458-d00-65--100-39b]-9618&alias=bigbird27.cern.ch&noUDP&sock=schedd_24013_7fc8>
...
040 (4558799.048.000) 07/31 13:55:33 Started transferring input files
	Transferring to host: <188.184.195.242:9618?addrs=188.184.195.242-9618+[2001-1458-301-72--100-1f9]-9618&alias=b9g47n8171.cern.ch&noUDP&sock=slot1_1_989424_7724_62852>
...
040 (4558799.048.000) 07/31 13:55:33 Finished transferring input files
...
001 (4558799.048.000) 07/31 13:55:34 Job executing on host: <188.184.195.242:9618?addrs=188.184.195.242-9618+[2001-1458-301-72--100-1f9]-9618&alias=b9g47n8171.cern.ch&noUDP&sock=startd_15841_2fd7>
	SlotName: slot1_1@b9g47n8171.cern.ch
	AvailableGPUs = { GPUs_GPU_b66aaef1 }
	CondorScratchDir = "/pool/condor/dir_1649532"
	Cpus = 1
	Disk = 175992
	GPUs = 1
	GPUs_GPU_b66aaef1 = [ GlobalMemoryMb = 32494; MaxSupportedVersion = 12040; DriverVersion = 12.4; DeviceUuid = "b66aaef1-7a45-dc3a-20b9-6fc19b6dfe68"; DeviceName = "Tesla V100S-PCIE-32GB"; CoresPerCU = 64; ECCEnabled = true; ComputeUnits = 80; ClockMhz = 1597.0; Id = "GPU-b66aaef1"; DevicePciBusId = "0000:07:00.0"; Capability = 7.0 ]
	Memory = 2000
...
006 (4558799.048.000) 07/31 13:55:42 Image size of job updated: 110008
	108  -  MemoryUsage of job (MB)
	109752  -  ResidentSetSize of job (KB)
...
006 (4558799.048.000) 07/31 13:55:54 Image size of job updated: 462924
	108  -  MemoryUsage of job (MB)
	109752  -  ResidentSetSize of job (KB)
...
040 (4558799.048.000) 07/31 13:55:54 Started transferring output files
...
040 (4558799.048.000) 07/31 13:55:54 Finished transferring output files
...
005 (4558799.048.000) 07/31 13:55:55 Job terminated.
	(1) Normal termination (return value 0)
		Usr 0 00:00:07, Sys 0 00:00:03  -  Run Remote Usage
		Usr 0 00:00:00, Sys 0 00:00:00  -  Run Local Usage
		Usr 0 00:00:07, Sys 0 00:00:03  -  Total Remote Usage
		Usr 0 00:00:00, Sys 0 00:00:00  -  Total Local Usage
	7115  -  Run Bytes Sent By Job
	253  -  Run Bytes Received By Job
	7115  -  Total Bytes Sent By Job
	253  -  Total Bytes Received By Job
	Partitionable Resources :    Usage  Request Allocated Assigned
	   Cpus                 :                 1         1 
	   Disk (KB)            :       23        1    175992 
	   Gpus (Average)       :                 1         1 "GPU-b66aaef1"
	   Memory (MB)          :      108     2000      2000 

	Job terminated of its own accord at 2024-07-31T11:55:54Z with exit-code 0.
...
