000 (4106318.013.000) 06/12 06:30:59 Job submitted from host: <188.185.16.120:9618?addrs=188.185.16.120-9618+[2001-1458-d00-65--100-39b]-9618&alias=bigbird27.cern.ch&noUDP&sock=schedd_24013_7fc8>
...
040 (4106318.013.000) 06/12 06:31:49 Started transferring input files
	Transferring to host: <188.184.195.129:9618?addrs=188.184.195.129-9618+[2001-1458-301-72--100-223]-9618&alias=b9g47n3856.cern.ch&noUDP&sock=slot1_1_170479_a0ae_26008>
...
040 (4106318.013.000) 06/12 06:31:49 Finished transferring input files
...
001 (4106318.013.000) 06/12 06:31:50 Job executing on host: <188.184.195.129:9618?addrs=188.184.195.129-9618+[2001-1458-301-72--100-223]-9618&alias=b9g47n3856.cern.ch&noUDP&sock=startd_15654_eba1>
	SlotName: slot1_1@b9g47n3856.cern.ch
	AvailableGPUs = { GPUs_GPU_49ed0b80 }
	CondorScratchDir = "/pool/condor/dir_1053931"
	Cpus = 1
	Disk = 174717
	GPUs = 1
	GPUs_GPU_49ed0b80 = [ GlobalMemoryMb = 32494; MaxSupportedVersion = 12040; DriverVersion = 12.4; DeviceUuid = "49ed0b80-4447-5229-b392-e02f88b937cc"; DeviceName = "Tesla V100S-PCIE-32GB"; CoresPerCU = 64; ECCEnabled = true; ComputeUnits = 80; ClockMhz = 1597.0; Id = "GPU-49ed0b80"; DevicePciBusId = "0000:07:00.0"; Capability = 7.0 ]
	Memory = 2000
...
006 (4106318.013.000) 06/12 06:31:52 Image size of job updated: 14156712
	1118  -  MemoryUsage of job (MB)
	1144684  -  ResidentSetSize of job (KB)
...
040 (4106318.013.000) 06/12 06:31:52 Started transferring output files
...
040 (4106318.013.000) 06/12 06:31:52 Finished transferring output files
...
005 (4106318.013.000) 06/12 06:31:53 Job terminated.
	(1) Normal termination (return value 126)
		Usr 1 07:34:33, Sys 0 03:46:11  -  Run Remote Usage
		Usr 0 00:00:00, Sys 0 00:00:00  -  Run Local Usage
		Usr 1 07:34:33, Sys 0 03:46:11  -  Total Remote Usage
		Usr 0 00:00:00, Sys 0 00:00:00  -  Total Local Usage
	5710  -  Run Bytes Sent By Job
	231  -  Run Bytes Received By Job
	5710  -  Total Bytes Sent By Job
	231  -  Total Bytes Received By Job
	Partitionable Resources :    Usage  Request Allocated Assigned
	   Cpus                 :                 1         1 
	   Disk (KB)            :       21        1    174717 
	   Gpus (Average)       :                 1         1 "GPU-49ed0b80"
	   Memory (MB)          :     1118     2000      2000 

	Job terminated of its own accord at 2024-06-12T04:31:52Z with exit-code 126.
...
000 (4121424.013.000) 06/13 12:36:20 Job submitted from host: <188.185.16.120:9618?addrs=188.185.16.120-9618+[2001-1458-d00-65--100-39b]-9618&alias=bigbird27.cern.ch&noUDP&sock=schedd_24013_7fc8>
...
040 (4121424.013.000) 06/13 12:37:16 Started transferring input files
	Transferring to host: <188.184.195.29:9618?addrs=188.184.195.29-9618+[2001-1458-301-72--100-226]-9618&alias=b9g47n8432.cern.ch&noUDP&sock=slot1_1_3386339_eb01_2620>
...
040 (4121424.013.000) 06/13 12:37:16 Finished transferring input files
...
001 (4121424.013.000) 06/13 12:37:17 Job executing on host: <188.184.195.29:9618?addrs=188.184.195.29-9618+[2001-1458-301-72--100-226]-9618&alias=b9g47n8432.cern.ch&noUDP&sock=startd_15648_ce0f>
	SlotName: slot1_1@b9g47n8432.cern.ch
	AvailableGPUs = { GPUs_GPU_52d18a8c }
	CondorScratchDir = "/pool/condor/dir_3901677"
	Cpus = 1
	Disk = 174006
	GPUs = 1
	GPUs_GPU_52d18a8c = [ GlobalMemoryMb = 32494; MaxSupportedVersion = 12040; DriverVersion = 12.4; DeviceUuid = "52d18a8c-e9fe-346e-4034-df2dff2358b1"; DeviceName = "Tesla V100S-PCIE-32GB"; CoresPerCU = 64; ECCEnabled = true; ComputeUnits = 80; ClockMhz = 1597.0; Id = "GPU-52d18a8c"; DevicePciBusId = "0000:07:00.0"; Capability = 7.0 ]
	Memory = 2000
...
006 (4121424.013.000) 06/13 12:37:18 Image size of job updated: 14407296
	3767  -  MemoryUsage of job (MB)
	3857212  -  ResidentSetSize of job (KB)
...
007 (4121424.013.000) 06/13 12:37:18 Shadow exception!
	Error from slot1_1@b9g47n8432.cern.ch: Job has gone over memory limit of 2000 megabytes. Peak usage: 14069 megabytes.
	0  -  Run Bytes Sent By Job
	231  -  Run Bytes Received By Job
...
012 (4121424.013.000) 06/13 12:37:18 Job was held.
	Error from slot1_1@b9g47n8432.cern.ch: Job has gone over memory limit of 2000 megabytes. Peak usage: 14069 megabytes.
	Code 34 Subcode 0
...
000 (4121464.013.000) 06/13 12:45:46 Job submitted from host: <188.185.16.120:9618?addrs=188.185.16.120-9618+[2001-1458-d00-65--100-39b]-9618&alias=bigbird27.cern.ch&noUDP&sock=schedd_24013_7fc8>
...
040 (4121464.013.000) 06/13 12:47:03 Started transferring input files
	Transferring to host: <188.184.195.173:9618?addrs=188.184.195.173-9618+[2001-1458-301-72--100-117]-9618&alias=b9g47n4276.cern.ch&noUDP&sock=slot1_1_284865_e999_26108>
...
040 (4121464.013.000) 06/13 12:47:03 Finished transferring input files
...
001 (4121464.013.000) 06/13 12:47:04 Job executing on host: <188.184.195.173:9618?addrs=188.184.195.173-9618+[2001-1458-301-72--100-117]-9618&alias=b9g47n4276.cern.ch&noUDP&sock=startd_15794_f2e3>
	SlotName: slot1_1@b9g47n4276.cern.ch
	AvailableGPUs = { GPUs_GPU_386a5d17 }
	CondorScratchDir = "/pool/condor/dir_1479639"
	Cpus = 1
	Disk = 172485
	GPUs = 1
	GPUs_GPU_386a5d17 = [ GlobalMemoryMb = 32494; MaxSupportedVersion = 12040; DriverVersion = 12.4; DeviceUuid = "386a5d17-1310-d820-3b33-a64103c42b52"; DeviceName = "Tesla V100S-PCIE-32GB"; CoresPerCU = 64; ECCEnabled = true; ComputeUnits = 80; ClockMhz = 1597.0; Id = "GPU-386a5d17"; DevicePciBusId = "0000:07:00.0"; Capability = 7.0 ]
	Memory = 2000
...
006 (4121464.013.000) 06/13 12:47:13 Image size of job updated: 13985696
	3748  -  MemoryUsage of job (MB)
	3836932  -  ResidentSetSize of job (KB)
...
040 (4121464.013.000) 06/13 12:47:25 Started transferring output files
...
040 (4121464.013.000) 06/13 12:47:25 Finished transferring output files
...
005 (4121464.013.000) 06/13 12:47:25 Job terminated.
	(1) Normal termination (return value 0)
		Usr 3 15:38:55, Sys 0 05:16:10  -  Run Remote Usage
		Usr 0 00:00:00, Sys 0 00:00:00  -  Run Local Usage
		Usr 3 15:38:55, Sys 0 05:16:10  -  Total Remote Usage
		Usr 0 00:00:00, Sys 0 00:00:00  -  Total Local Usage
	8870  -  Run Bytes Sent By Job
	231  -  Run Bytes Received By Job
	8870  -  Total Bytes Sent By Job
	231  -  Total Bytes Received By Job
	Partitionable Resources :    Usage  Request Allocated Assigned
	   Cpus                 :                 1         1 
	   Disk (KB)            :       25        1    172485 
	   Gpus (Average)       :                 1         1 "GPU-386a5d17"
	   Memory (MB)          :     3748     2000      2000 

	Job terminated of its own accord at 2024-06-13T10:47:25Z with exit-code 0.
...
009 (4121424.013.000) 06/14 12:37:37 Job was aborted.
	Job removed by SYSTEM_PERIODIC_REMOVE due to wall time exceeded allowed max.
...
000 (4558790.013.000) 07/31 12:46:51 Job submitted from host: <188.185.16.120:9618?addrs=188.185.16.120-9618+[2001-1458-d00-65--100-39b]-9618&alias=bigbird27.cern.ch&noUDP&sock=schedd_24013_7fc8>
...
040 (4558790.013.000) 07/31 12:59:44 Started transferring input files
	Transferring to host: <188.184.195.46:9618?addrs=188.184.195.46-9618+[2001-1458-301-72--100-249]-9618&alias=b9g47n7913.cern.ch&noUDP&sock=slot1_1_1819379_d81a_42368>
...
040 (4558790.013.000) 07/31 12:59:45 Finished transferring input files
...
001 (4558790.013.000) 07/31 12:59:46 Job executing on host: <188.184.195.46:9618?addrs=188.184.195.46-9618+[2001-1458-301-72--100-249]-9618&alias=b9g47n7913.cern.ch&noUDP&sock=startd_20749_aaa9>
	SlotName: slot1_1@b9g47n7913.cern.ch
	AvailableGPUs = { GPUs_GPU_edfd19f4 }
	CondorScratchDir = "/pool/condor/dir_452939"
	Cpus = 1
	Disk = 171920
	GPUs = 1
	GPUs_GPU_edfd19f4 = [ GlobalMemoryMb = 32494; MaxSupportedVersion = 12040; DriverVersion = 12.4; DeviceUuid = "edfd19f4-c79b-974d-4eb1-2d5a790dbc06"; DeviceName = "Tesla V100S-PCIE-32GB"; CoresPerCU = 64; ECCEnabled = true; ComputeUnits = 80; ClockMhz = 1597.0; Id = "GPU-edfd19f4"; DevicePciBusId = "0000:07:00.0"; Capability = 7.0 ]
	Memory = 2000
...
006 (4558790.013.000) 07/31 12:59:54 Image size of job updated: 69760
	67  -  MemoryUsage of job (MB)
	68388  -  ResidentSetSize of job (KB)
...
006 (4558790.013.000) 07/31 13:00:30 Image size of job updated: 966212
	500  -  MemoryUsage of job (MB)
	511920  -  ResidentSetSize of job (KB)
...
040 (4558790.013.000) 07/31 13:00:30 Started transferring output files
...
040 (4558790.013.000) 07/31 13:00:30 Finished transferring output files
...
005 (4558790.013.000) 07/31 13:00:30 Job terminated.
	(1) Normal termination (return value 0)
		Usr 0 00:00:07, Sys 0 00:00:04  -  Run Remote Usage
		Usr 0 00:00:00, Sys 0 00:00:00  -  Run Local Usage
		Usr 0 00:00:07, Sys 0 00:00:04  -  Total Remote Usage
		Usr 0 00:00:00, Sys 0 00:00:00  -  Total Local Usage
	8520  -  Run Bytes Sent By Job
	250  -  Run Bytes Received By Job
	8520  -  Total Bytes Sent By Job
	250  -  Total Bytes Received By Job
	Partitionable Resources :    Usage  Request Allocated Assigned
	   Cpus                 :                 1         1 
	   Disk (KB)            :       23        1    171920 
	   Gpus (Average)       :                 1         1 "GPU-edfd19f4"
	   Memory (MB)          :      500     2000      2000 

	Job terminated of its own accord at 2024-07-31T11:00:30Z with exit-code 0.
...
000 (4558799.013.000) 07/31 13:36:26 Job submitted from host: <188.185.16.120:9618?addrs=188.185.16.120-9618+[2001-1458-d00-65--100-39b]-9618&alias=bigbird27.cern.ch&noUDP&sock=schedd_24013_7fc8>
...
040 (4558799.013.000) 07/31 13:42:28 Started transferring input files
	Transferring to host: <188.184.195.242:9618?addrs=188.184.195.242-9618+[2001-1458-301-72--100-1f9]-9618&alias=b9g47n8171.cern.ch&noUDP&sock=slot1_1_989424_7724_62816>
...
040 (4558799.013.000) 07/31 13:42:28 Finished transferring input files
...
001 (4558799.013.000) 07/31 13:42:29 Job executing on host: <188.184.195.242:9618?addrs=188.184.195.242-9618+[2001-1458-301-72--100-1f9]-9618&alias=b9g47n8171.cern.ch&noUDP&sock=startd_15841_2fd7>
	SlotName: slot1_1@b9g47n8171.cern.ch
	AvailableGPUs = { GPUs_GPU_b66aaef1 }
	CondorScratchDir = "/pool/condor/dir_1635793"
	Cpus = 1
	Disk = 176005
	GPUs = 1
	GPUs_GPU_b66aaef1 = [ GlobalMemoryMb = 32494; MaxSupportedVersion = 12040; DriverVersion = 12.4; DeviceUuid = "b66aaef1-7a45-dc3a-20b9-6fc19b6dfe68"; DeviceName = "Tesla V100S-PCIE-32GB"; CoresPerCU = 64; ECCEnabled = true; ComputeUnits = 80; ClockMhz = 1597.0; Id = "GPU-b66aaef1"; DevicePciBusId = "0000:07:00.0"; Capability = 7.0 ]
	Memory = 2000
...
006 (4558799.013.000) 07/31 13:42:38 Image size of job updated: 107860
	105  -  MemoryUsage of job (MB)
	107424  -  ResidentSetSize of job (KB)
...
006 (4558799.013.000) 07/31 13:42:50 Image size of job updated: 460260
	105  -  MemoryUsage of job (MB)
	107424  -  ResidentSetSize of job (KB)
...
040 (4558799.013.000) 07/31 13:42:50 Started transferring output files
...
040 (4558799.013.000) 07/31 13:42:50 Finished transferring output files
...
005 (4558799.013.000) 07/31 13:42:50 Job terminated.
	(1) Normal termination (return value 0)
		Usr 0 00:00:07, Sys 0 00:00:02  -  Run Remote Usage
		Usr 0 00:00:00, Sys 0 00:00:00  -  Run Local Usage
		Usr 0 00:00:07, Sys 0 00:00:02  -  Total Remote Usage
		Usr 0 00:00:00, Sys 0 00:00:00  -  Total Local Usage
	7121  -  Run Bytes Sent By Job
	253  -  Run Bytes Received By Job
	7121  -  Total Bytes Sent By Job
	253  -  Total Bytes Received By Job
	Partitionable Resources :    Usage  Request Allocated Assigned
	   Cpus                 :                 1         1 
	   Disk (KB)            :       23        1    176005 
	   Gpus (Average)       :                 1         1 "GPU-b66aaef1"
	   Memory (MB)          :      105     2000      2000 

	Job terminated of its own accord at 2024-07-31T11:42:50Z with exit-code 0.
...
