000 (4106318.015.000) 06/12 06:30:59 Job submitted from host: <188.185.16.120:9618?addrs=188.185.16.120-9618+[2001-1458-d00-65--100-39b]-9618&alias=bigbird27.cern.ch&noUDP&sock=schedd_24013_7fc8>
...
040 (4106318.015.000) 06/12 06:31:50 Started transferring input files
	Transferring to host: <188.184.195.29:9618?addrs=188.184.195.29-9618+[2001-1458-301-72--100-226]-9618&alias=b9g47n8432.cern.ch&noUDP&sock=slot1_1_3386339_eb01_1764>
...
040 (4106318.015.000) 06/12 06:31:50 Finished transferring input files
...
001 (4106318.015.000) 06/12 06:31:51 Job executing on host: <188.184.195.29:9618?addrs=188.184.195.29-9618+[2001-1458-301-72--100-226]-9618&alias=b9g47n8432.cern.ch&noUDP&sock=startd_15648_ce0f>
	SlotName: slot1_1@b9g47n8432.cern.ch
	AvailableGPUs = { GPUs_GPU_52d18a8c }
	CondorScratchDir = "/pool/condor/dir_3695463"
	Cpus = 1
	Disk = 175979
	GPUs = 1
	GPUs_GPU_52d18a8c = [ GlobalMemoryMb = 32494; MaxSupportedVersion = 12040; DriverVersion = 12.4; DeviceUuid = "52d18a8c-e9fe-346e-4034-df2dff2358b1"; DeviceName = "Tesla V100S-PCIE-32GB"; CoresPerCU = 64; ECCEnabled = true; ComputeUnits = 80; ClockMhz = 1597.0; Id = "GPU-52d18a8c"; DevicePciBusId = "0000:07:00.0"; Capability = 7.0 ]
	Memory = 2000
...
006 (4106318.015.000) 06/12 06:31:53 Image size of job updated: 14407296
	735  -  MemoryUsage of job (MB)
	752376  -  ResidentSetSize of job (KB)
...
007 (4106318.015.000) 06/12 06:31:53 Shadow exception!
	Error from slot1_1@b9g47n8432.cern.ch: Job has gone over memory limit of 2000 megabytes. Peak usage: 14069 megabytes.
	0  -  Run Bytes Sent By Job
	231  -  Run Bytes Received By Job
...
012 (4106318.015.000) 06/12 06:31:53 Job was held.
	Error from slot1_1@b9g47n8432.cern.ch: Job has gone over memory limit of 2000 megabytes. Peak usage: 14069 megabytes.
	Code 34 Subcode 0
...
009 (4106318.015.000) 06/13 06:33:19 Job was aborted.
	Job removed by SYSTEM_PERIODIC_REMOVE due to wall time exceeded allowed max.
...
000 (4121424.015.000) 06/13 12:36:20 Job submitted from host: <188.185.16.120:9618?addrs=188.185.16.120-9618+[2001-1458-d00-65--100-39b]-9618&alias=bigbird27.cern.ch&noUDP&sock=schedd_24013_7fc8>
...
040 (4121424.015.000) 06/13 12:37:16 Started transferring input files
	Transferring to host: <188.184.195.173:9618?addrs=188.184.195.173-9618+[2001-1458-301-72--100-117]-9618&alias=b9g47n4276.cern.ch&noUDP&sock=slot1_1_284865_e999_26098>
...
040 (4121424.015.000) 06/13 12:37:16 Finished transferring input files
...
001 (4121424.015.000) 06/13 12:37:17 Job executing on host: <188.184.195.173:9618?addrs=188.184.195.173-9618+[2001-1458-301-72--100-117]-9618&alias=b9g47n4276.cern.ch&noUDP&sock=startd_15794_f2e3>
	SlotName: slot1_1@b9g47n4276.cern.ch
	AvailableGPUs = { GPUs_GPU_386a5d17 }
	CondorScratchDir = "/pool/condor/dir_1477300"
	Cpus = 1
	Disk = 173037
	GPUs = 1
	GPUs_GPU_386a5d17 = [ GlobalMemoryMb = 32494; MaxSupportedVersion = 12040; DriverVersion = 12.4; DeviceUuid = "386a5d17-1310-d820-3b33-a64103c42b52"; DeviceName = "Tesla V100S-PCIE-32GB"; CoresPerCU = 64; ECCEnabled = true; ComputeUnits = 80; ClockMhz = 1597.0; Id = "GPU-386a5d17"; DevicePciBusId = "0000:07:00.0"; Capability = 7.0 ]
	Memory = 2000
...
006 (4121424.015.000) 06/13 12:37:19 Image size of job updated: 13985696
	3196  -  MemoryUsage of job (MB)
	3272528  -  ResidentSetSize of job (KB)
...
040 (4121424.015.000) 06/13 12:37:19 Started transferring output files
...
040 (4121424.015.000) 06/13 12:37:19 Finished transferring output files
...
005 (4121424.015.000) 06/13 12:37:19 Job terminated.
	(1) Normal termination (return value 126)
		Usr 3 15:38:30, Sys 0 05:15:58  -  Run Remote Usage
		Usr 0 00:00:00, Sys 0 00:00:00  -  Run Local Usage
		Usr 3 15:38:30, Sys 0 05:15:58  -  Total Remote Usage
		Usr 0 00:00:00, Sys 0 00:00:00  -  Total Local Usage
	5256  -  Run Bytes Sent By Job
	231  -  Run Bytes Received By Job
	5256  -  Total Bytes Sent By Job
	231  -  Total Bytes Received By Job
	Partitionable Resources :    Usage  Request Allocated Assigned
	   Cpus                 :                 1         1 
	   Disk (KB)            :       21        1    173037 
	   Gpus (Average)       :                 1         1 "GPU-386a5d17"
	   Memory (MB)          :     3196     2000      2000 

	Job terminated of its own accord at 2024-06-13T10:37:19Z with exit-code 126.
...
000 (4121464.015.000) 06/13 12:45:46 Job submitted from host: <188.185.16.120:9618?addrs=188.185.16.120-9618+[2001-1458-d00-65--100-39b]-9618&alias=bigbird27.cern.ch&noUDP&sock=schedd_24013_7fc8>
...
040 (4121464.015.000) 06/13 12:47:04 Started transferring input files
	Transferring to host: <188.184.195.71:9618?addrs=188.184.195.71-9618+[2001-1458-301-72--100-384]-9618&alias=b9g47n2106.cern.ch&noUDP&sock=slot1_1_1367326_9c6b_25643>
...
040 (4121464.015.000) 06/13 12:47:04 Finished transferring input files
...
001 (4121464.015.000) 06/13 12:47:05 Job executing on host: <188.184.195.71:9618?addrs=188.184.195.71-9618+[2001-1458-301-72--100-384]-9618&alias=b9g47n2106.cern.ch&noUDP&sock=startd_625686_21d4>
	SlotName: slot1_1@b9g47n2106.cern.ch
	AvailableGPUs = { GPUs_GPU_111bb3d1 }
	CondorScratchDir = "/pool/condor/dir_2239064"
	Cpus = 1
	Disk = 170653
	GPUs = 1
	GPUs_GPU_111bb3d1 = [ GlobalMemoryMb = 32494; MaxSupportedVersion = 12040; DriverVersion = 12.4; DeviceUuid = "111bb3d1-80ae-ee28-1f54-4658e0d63886"; DeviceName = "Tesla V100S-PCIE-32GB"; CoresPerCU = 64; ECCEnabled = true; ComputeUnits = 80; ClockMhz = 1597.0; Id = "GPU-111bb3d1"; DevicePciBusId = "0000:07:00.0"; Capability = 7.0 ]
	Memory = 2000
...
006 (4121464.015.000) 06/13 12:47:13 Image size of job updated: 13930920
	1026  -  MemoryUsage of job (MB)
	1049948  -  ResidentSetSize of job (KB)
...
040 (4121464.015.000) 06/13 12:47:25 Started transferring output files
...
040 (4121464.015.000) 06/13 12:47:25 Finished transferring output files
...
005 (4121464.015.000) 06/13 12:47:25 Job terminated.
	(1) Normal termination (return value 0)
		Usr 3 20:25:58, Sys 0 03:54:32  -  Run Remote Usage
		Usr 0 00:00:00, Sys 0 00:00:00  -  Run Local Usage
		Usr 3 20:25:58, Sys 0 03:54:32  -  Total Remote Usage
		Usr 0 00:00:00, Sys 0 00:00:00  -  Total Local Usage
	8874  -  Run Bytes Sent By Job
	231  -  Run Bytes Received By Job
	8874  -  Total Bytes Sent By Job
	231  -  Total Bytes Received By Job
	Partitionable Resources :    Usage  Request Allocated Assigned
	   Cpus                 :                 1         1 
	   Disk (KB)            :       25        1    170653 
	   Gpus (Average)       :                 1         1 "GPU-111bb3d1"
	   Memory (MB)          :     1026     2000      2000 

	Job terminated of its own accord at 2024-06-13T10:47:25Z with exit-code 0.
...
000 (4558790.015.000) 07/31 12:46:51 Job submitted from host: <188.185.16.120:9618?addrs=188.185.16.120-9618+[2001-1458-d00-65--100-39b]-9618&alias=bigbird27.cern.ch&noUDP&sock=schedd_24013_7fc8>
...
040 (4558790.015.000) 07/31 13:00:21 Started transferring input files
	Transferring to host: <188.184.195.52:9618?addrs=188.184.195.52-9618+[2001-1458-301-72--100-373]-9618&alias=b9g47n5793.cern.ch&noUDP&sock=slot1_1_3200431_e9fa_23506>
...
040 (4558790.015.000) 07/31 13:00:21 Finished transferring input files
...
001 (4558790.015.000) 07/31 13:00:22 Job executing on host: <188.184.195.52:9618?addrs=188.184.195.52-9618+[2001-1458-301-72--100-373]-9618&alias=b9g47n5793.cern.ch&noUDP&sock=startd_15829_f4b4>
	SlotName: slot1_1@b9g47n5793.cern.ch
	AvailableGPUs = { GPUs_GPU_39c03a24 }
	CondorScratchDir = "/pool/condor/dir_3376356"
	Cpus = 1
	Disk = 169578
	GPUs = 1
	GPUs_GPU_39c03a24 = [ GlobalMemoryMb = 32494; MaxSupportedVersion = 12040; DriverVersion = 12.4; DeviceUuid = "39c03a24-7224-d560-030e-7a742064eb2c"; DeviceName = "Tesla V100S-PCIE-32GB"; CoresPerCU = 64; ECCEnabled = true; ComputeUnits = 80; ClockMhz = 1597.0; Id = "GPU-39c03a24"; DevicePciBusId = "0000:07:00.0"; Capability = 7.0 ]
	Memory = 2000
...
006 (4558790.015.000) 07/31 13:00:30 Image size of job updated: 109868
	107  -  MemoryUsage of job (MB)
	109432  -  ResidentSetSize of job (KB)
...
006 (4558790.015.000) 07/31 13:00:45 Image size of job updated: 462396
	107  -  MemoryUsage of job (MB)
	109432  -  ResidentSetSize of job (KB)
...
040 (4558790.015.000) 07/31 13:00:45 Started transferring output files
...
040 (4558790.015.000) 07/31 13:00:45 Finished transferring output files
...
005 (4558790.015.000) 07/31 13:00:45 Job terminated.
	(1) Normal termination (return value 0)
		Usr 0 00:00:08, Sys 0 00:00:03  -  Run Remote Usage
		Usr 0 00:00:00, Sys 0 00:00:00  -  Run Local Usage
		Usr 0 00:00:08, Sys 0 00:00:03  -  Total Remote Usage
		Usr 0 00:00:00, Sys 0 00:00:00  -  Total Local Usage
	7038  -  Run Bytes Sent By Job
	250  -  Run Bytes Received By Job
	7038  -  Total Bytes Sent By Job
	250  -  Total Bytes Received By Job
	Partitionable Resources :    Usage  Request Allocated Assigned
	   Cpus                 :                 1         1 
	   Disk (KB)            :       23        1    169578 
	   Gpus (Average)       :                 1         1 "GPU-39c03a24"
	   Memory (MB)          :      107     2000      2000 

	Job terminated of its own accord at 2024-07-31T11:00:45Z with exit-code 0.
...
000 (4558799.015.000) 07/31 13:36:26 Job submitted from host: <188.185.16.120:9618?addrs=188.185.16.120-9618+[2001-1458-d00-65--100-39b]-9618&alias=bigbird27.cern.ch&noUDP&sock=schedd_24013_7fc8>
...
040 (4558799.015.000) 07/31 13:43:21 Started transferring input files
	Transferring to host: <188.184.195.242:9618?addrs=188.184.195.242-9618+[2001-1458-301-72--100-1f9]-9618&alias=b9g47n8171.cern.ch&noUDP&sock=slot1_1_989424_7724_62818>
...
040 (4558799.015.000) 07/31 13:43:21 Finished transferring input files
...
001 (4558799.015.000) 07/31 13:43:22 Job executing on host: <188.184.195.242:9618?addrs=188.184.195.242-9618+[2001-1458-301-72--100-1f9]-9618&alias=b9g47n8171.cern.ch&noUDP&sock=startd_15841_2fd7>
	SlotName: slot1_1@b9g47n8171.cern.ch
	AvailableGPUs = { GPUs_GPU_b66aaef1 }
	CondorScratchDir = "/pool/condor/dir_1636534"
	Cpus = 1
	Disk = 176005
	GPUs = 1
	GPUs_GPU_b66aaef1 = [ GlobalMemoryMb = 32494; MaxSupportedVersion = 12040; DriverVersion = 12.4; DeviceUuid = "b66aaef1-7a45-dc3a-20b9-6fc19b6dfe68"; DeviceName = "Tesla V100S-PCIE-32GB"; CoresPerCU = 64; ECCEnabled = true; ComputeUnits = 80; ClockMhz = 1597.0; Id = "GPU-b66aaef1"; DevicePciBusId = "0000:07:00.0"; Capability = 7.0 ]
	Memory = 2000
...
006 (4558799.015.000) 07/31 13:43:30 Image size of job updated: 107944
	106  -  MemoryUsage of job (MB)
	107592  -  ResidentSetSize of job (KB)
...
006 (4558799.015.000) 07/31 13:43:43 Image size of job updated: 460768
	106  -  MemoryUsage of job (MB)
	107592  -  ResidentSetSize of job (KB)
...
040 (4558799.015.000) 07/31 13:43:43 Started transferring output files
...
040 (4558799.015.000) 07/31 13:43:43 Finished transferring output files
...
005 (4558799.015.000) 07/31 13:43:43 Job terminated.
	(1) Normal termination (return value 0)
		Usr 0 00:00:07, Sys 0 00:00:03  -  Run Remote Usage
		Usr 0 00:00:00, Sys 0 00:00:00  -  Run Local Usage
		Usr 0 00:00:07, Sys 0 00:00:03  -  Total Remote Usage
		Usr 0 00:00:00, Sys 0 00:00:00  -  Total Local Usage
	7121  -  Run Bytes Sent By Job
	253  -  Run Bytes Received By Job
	7121  -  Total Bytes Sent By Job
	253  -  Total Bytes Received By Job
	Partitionable Resources :    Usage  Request Allocated Assigned
	   Cpus                 :                 1         1 
	   Disk (KB)            :       23        1    176005 
	   Gpus (Average)       :                 1         1 "GPU-b66aaef1"
	   Memory (MB)          :      106     2000      2000 

	Job terminated of its own accord at 2024-07-31T11:43:43Z with exit-code 0.
...
