000 (4004733.004.000) 06/06 15:51:17 Job submitted from host: <188.185.16.120:9618?addrs=188.185.16.120-9618+[2001-1458-d00-65--100-39b]-9618&alias=bigbird27.cern.ch&noUDP&sock=schedd_24013_7fc8>
...
040 (4004733.004.000) 06/06 15:51:40 Started transferring input files
	Transferring to host: <128.142.241.120:9618?addrs=128.142.241.120-9618+[2001-1458-301-ce--100-ec]-9618&alias=b9g47n4050.cern.ch&noUDP&sock=slot1_1_1370079_593b_1114>
...
040 (4004733.004.000) 06/06 15:51:40 Finished transferring input files
...
001 (4004733.004.000) 06/06 15:51:41 Job executing on host: <128.142.241.120:9618?addrs=128.142.241.120-9618+[2001-1458-301-ce--100-ec]-9618&alias=b9g47n4050.cern.ch&noUDP&sock=startd_15799_60dc>
	SlotName: slot1_1@b9g47n4050.cern.ch
	AvailableGPUs = { GPUs_GPU_bf3fdde8 }
	CondorScratchDir = "/pool/condor/dir_1712445"
	Cpus = 1
	Disk = 86996
	GPUs = 1
	GPUs_GPU_bf3fdde8 = [ GlobalMemoryMb = 32494; MaxSupportedVersion = 12040; DriverVersion = 12.4; DeviceUuid = "bf3fdde8-927e-09f9-6ee7-d9a1ad55128e"; DeviceName = "Tesla V100-PCIE-32GB"; CoresPerCU = 64; ECCEnabled = true; ComputeUnits = 80; ClockMhz = 1380.0; Id = "GPU-bf3fdde8"; DevicePciBusId = "0000:07:00.0"; Capability = 7.0 ]
	Memory = 2000
...
006 (4004733.004.000) 06/06 15:51:50 Image size of job updated: 58156
	32  -  MemoryUsage of job (MB)
	32412  -  ResidentSetSize of job (KB)
...
040 (4004733.004.000) 06/06 15:51:50 Started transferring output files
...
040 (4004733.004.000) 06/06 15:51:50 Finished transferring output files
...
005 (4004733.004.000) 06/06 15:51:50 Job terminated.
	(1) Normal termination (return value 126)
		Usr 0 00:00:01, Sys 0 00:00:01  -  Run Remote Usage
		Usr 0 00:00:00, Sys 0 00:00:00  -  Run Local Usage
		Usr 0 00:00:01, Sys 0 00:00:01  -  Total Remote Usage
		Usr 0 00:00:00, Sys 0 00:00:00  -  Total Local Usage
	4891  -  Run Bytes Sent By Job
	231  -  Run Bytes Received By Job
	4891  -  Total Bytes Sent By Job
	231  -  Total Bytes Received By Job
	Partitionable Resources :    Usage  Request Allocated Assigned
	   Cpus                 :                 1         1 
	   Disk (KB)            :       19        1     86996 
	   Gpus (Average)       :                 1         1 "GPU-bf3fdde8"
	   Memory (MB)          :       32     2000      2000 

	Job terminated of its own accord at 2024-06-06T13:51:50Z with exit-code 126.
...
000 (4106318.004.000) 06/12 06:30:59 Job submitted from host: <188.185.16.120:9618?addrs=188.185.16.120-9618+[2001-1458-d00-65--100-39b]-9618&alias=bigbird27.cern.ch&noUDP&sock=schedd_24013_7fc8>
...
040 (4106318.004.000) 06/12 06:31:43 Started transferring input files
	Transferring to host: <128.142.241.28:9618?addrs=128.142.241.28-9618+[2001-1458-301-ce--100-388]-9618&alias=b9g47n9362.cern.ch&noUDP&sock=slot1_1_2582543_ebd3_25613>
...
040 (4106318.004.000) 06/12 06:31:43 Finished transferring input files
...
001 (4106318.004.000) 06/12 06:31:44 Job executing on host: <128.142.241.28:9618?addrs=128.142.241.28-9618+[2001-1458-301-ce--100-388]-9618&alias=b9g47n9362.cern.ch&noUDP&sock=startd_2815_6f30>
	SlotName: slot1_1@b9g47n9362.cern.ch
	AvailableGPUs = { GPUs_GPU_23518b71 }
	CondorScratchDir = "/pool/condor/dir_3493010"
	Cpus = 1
	Disk = 86700
	GPUs = 1
	GPUs_GPU_23518b71 = [ GlobalMemoryMb = 32494; MaxSupportedVersion = 12040; DriverVersion = 12.4; DeviceUuid = "23518b71-0af9-e7eb-3eac-1d655b2966d7"; DeviceName = "Tesla V100-PCIE-32GB"; CoresPerCU = 64; ECCEnabled = false; ComputeUnits = 80; ClockMhz = 1380.0; Id = "GPU-23518b71"; DevicePciBusId = "0000:07:00.0"; Capability = 7.0 ]
	Memory = 2000
...
006 (4106318.004.000) 06/12 06:31:53 Image size of job updated: 1684
	2  -  MemoryUsage of job (MB)
	1512  -  ResidentSetSize of job (KB)
...
006 (4106318.004.000) 06/12 06:32:16 Image size of job updated: 60376
	36  -  MemoryUsage of job (MB)
	36256  -  ResidentSetSize of job (KB)
...
040 (4106318.004.000) 06/12 06:32:16 Started transferring output files
...
040 (4106318.004.000) 06/12 06:32:16 Finished transferring output files
...
005 (4106318.004.000) 06/12 06:32:16 Job terminated.
	(1) Normal termination (return value 126)
		Usr 0 00:00:01, Sys 0 00:00:01  -  Run Remote Usage
		Usr 0 00:00:00, Sys 0 00:00:00  -  Run Local Usage
		Usr 0 00:00:01, Sys 0 00:00:01  -  Total Remote Usage
		Usr 0 00:00:00, Sys 0 00:00:00  -  Total Local Usage
	5709  -  Run Bytes Sent By Job
	231  -  Run Bytes Received By Job
	5709  -  Total Bytes Sent By Job
	231  -  Total Bytes Received By Job
	Partitionable Resources :    Usage  Request Allocated Assigned
	   Cpus                 :                 1         1 
	   Disk (KB)            :       20        1     86700 
	   Gpus (Average)       :                 1         1 "GPU-23518b71"
	   Memory (MB)          :       36     2000      2000 

	Job terminated of its own accord at 2024-06-12T04:32:16Z with exit-code 126.
...
000 (4121424.004.000) 06/13 12:36:20 Job submitted from host: <188.185.16.120:9618?addrs=188.185.16.120-9618+[2001-1458-d00-65--100-39b]-9618&alias=bigbird27.cern.ch&noUDP&sock=schedd_24013_7fc8>
...
040 (4121424.004.000) 06/13 12:37:05 Started transferring input files
	Transferring to host: <188.184.195.71:9618?addrs=188.184.195.71-9618+[2001-1458-301-72--100-384]-9618&alias=b9g47n2106.cern.ch&noUDP&sock=slot1_1_1367326_9c6b_25631>
...
040 (4121424.004.000) 06/13 12:37:05 Finished transferring input files
...
001 (4121424.004.000) 06/13 12:37:06 Job executing on host: <188.184.195.71:9618?addrs=188.184.195.71-9618+[2001-1458-301-72--100-384]-9618&alias=b9g47n2106.cern.ch&noUDP&sock=startd_625686_21d4>
	SlotName: slot1_1@b9g47n2106.cern.ch
	AvailableGPUs = { GPUs_GPU_111bb3d1 }
	CondorScratchDir = "/pool/condor/dir_2235907"
	Cpus = 1
	Disk = 171565
	GPUs = 1
	GPUs_GPU_111bb3d1 = [ GlobalMemoryMb = 32494; MaxSupportedVersion = 12040; DriverVersion = 12.4; DeviceUuid = "111bb3d1-80ae-ee28-1f54-4658e0d63886"; DeviceName = "Tesla V100S-PCIE-32GB"; CoresPerCU = 64; ECCEnabled = true; ComputeUnits = 80; ClockMhz = 1597.0; Id = "GPU-111bb3d1"; DevicePciBusId = "0000:07:00.0"; Capability = 7.0 ]
	Memory = 2000
...
006 (4121424.004.000) 06/13 12:37:11 Image size of job updated: 13930920
	536  -  MemoryUsage of job (MB)
	547988  -  ResidentSetSize of job (KB)
...
040 (4121424.004.000) 06/13 12:37:11 Started transferring output files
...
040 (4121424.004.000) 06/13 12:37:11 Finished transferring output files
...
005 (4121424.004.000) 06/13 12:37:11 Job terminated.
	(1) Normal termination (return value 126)
		Usr 3 20:25:31, Sys 0 03:54:18  -  Run Remote Usage
		Usr 0 00:00:00, Sys 0 00:00:00  -  Run Local Usage
		Usr 3 20:25:31, Sys 0 03:54:18  -  Total Remote Usage
		Usr 0 00:00:00, Sys 0 00:00:00  -  Total Local Usage
	5255  -  Run Bytes Sent By Job
	231  -  Run Bytes Received By Job
	5255  -  Total Bytes Sent By Job
	231  -  Total Bytes Received By Job
	Partitionable Resources :    Usage  Request Allocated Assigned
	   Cpus                 :                 1         1 
	   Disk (KB)            :       20        1    171565 
	   Gpus (Average)       :                 1         1 "GPU-111bb3d1"
	   Memory (MB)          :      536     2000      2000 

	Job terminated of its own accord at 2024-06-13T10:37:11Z with exit-code 126.
...
000 (4121464.004.000) 06/13 12:45:46 Job submitted from host: <188.185.16.120:9618?addrs=188.185.16.120-9618+[2001-1458-d00-65--100-39b]-9618&alias=bigbird27.cern.ch&noUDP&sock=schedd_24013_7fc8>
...
040 (4121464.004.000) 06/13 12:46:07 Started transferring input files
	Transferring to host: <188.184.195.71:9618?addrs=188.184.195.71-9618+[2001-1458-301-72--100-384]-9618&alias=b9g47n2106.cern.ch&noUDP&sock=slot1_1_1367326_9c6b_25641>
...
040 (4121464.004.000) 06/13 12:46:07 Finished transferring input files
...
001 (4121464.004.000) 06/13 12:46:08 Job executing on host: <188.184.195.71:9618?addrs=188.184.195.71-9618+[2001-1458-301-72--100-384]-9618&alias=b9g47n2106.cern.ch&noUDP&sock=startd_625686_21d4>
	SlotName: slot1_1@b9g47n2106.cern.ch
	AvailableGPUs = { GPUs_GPU_111bb3d1 }
	CondorScratchDir = "/pool/condor/dir_2238128"
	Cpus = 1
	Disk = 171169
	GPUs = 1
	GPUs_GPU_111bb3d1 = [ GlobalMemoryMb = 32494; MaxSupportedVersion = 12040; DriverVersion = 12.4; DeviceUuid = "111bb3d1-80ae-ee28-1f54-4658e0d63886"; DeviceName = "Tesla V100S-PCIE-32GB"; CoresPerCU = 64; ECCEnabled = true; ComputeUnits = 80; ClockMhz = 1597.0; Id = "GPU-111bb3d1"; DevicePciBusId = "0000:07:00.0"; Capability = 7.0 ]
	Memory = 2000
...
006 (4121464.004.000) 06/13 12:46:16 Image size of job updated: 13930920
	677  -  MemoryUsage of job (MB)
	692540  -  ResidentSetSize of job (KB)
...
006 (4121464.004.000) 06/13 12:46:42 Image size of job updated: 13930920
	924  -  MemoryUsage of job (MB)
	945304  -  ResidentSetSize of job (KB)
...
040 (4121464.004.000) 06/13 12:46:42 Started transferring output files
...
040 (4121464.004.000) 06/13 12:46:42 Finished transferring output files
...
005 (4121464.004.000) 06/13 12:46:42 Job terminated.
	(1) Normal termination (return value 0)
		Usr 3 20:25:43, Sys 0 03:54:26  -  Run Remote Usage
		Usr 0 00:00:00, Sys 0 00:00:00  -  Run Local Usage
		Usr 3 20:25:43, Sys 0 03:54:26  -  Total Remote Usage
		Usr 0 00:00:00, Sys 0 00:00:00  -  Total Local Usage
	8864  -  Run Bytes Sent By Job
	231  -  Run Bytes Received By Job
	8864  -  Total Bytes Sent By Job
	231  -  Total Bytes Received By Job
	Partitionable Resources :    Usage  Request Allocated Assigned
	   Cpus                 :                 1         1 
	   Disk (KB)            :       23        1    171169 
	   Gpus (Average)       :                 1         1 "GPU-111bb3d1"
	   Memory (MB)          :      924     2000      2000 

	Job terminated of its own accord at 2024-06-13T10:46:42Z with exit-code 0.
...
000 (4558790.004.000) 07/31 12:46:51 Job submitted from host: <188.185.16.120:9618?addrs=188.185.16.120-9618+[2001-1458-d00-65--100-39b]-9618&alias=bigbird27.cern.ch&noUDP&sock=schedd_24013_7fc8>
...
040 (4558790.004.000) 07/31 12:56:52 Started transferring input files
	Transferring to host: <188.184.195.52:9618?addrs=188.184.195.52-9618+[2001-1458-301-72--100-373]-9618&alias=b9g47n5793.cern.ch&noUDP&sock=slot1_1_3200431_e9fa_23499>
...
040 (4558790.004.000) 07/31 12:56:52 Finished transferring input files
...
001 (4558790.004.000) 07/31 12:56:53 Job executing on host: <188.184.195.52:9618?addrs=188.184.195.52-9618+[2001-1458-301-72--100-373]-9618&alias=b9g47n5793.cern.ch&noUDP&sock=startd_15829_f4b4>
	SlotName: slot1_1@b9g47n5793.cern.ch
	AvailableGPUs = { GPUs_GPU_39c03a24 }
	CondorScratchDir = "/pool/condor/dir_3374577"
	Cpus = 1
	Disk = 169578
	GPUs = 1
	GPUs_GPU_39c03a24 = [ GlobalMemoryMb = 32494; MaxSupportedVersion = 12040; DriverVersion = 12.4; DeviceUuid = "39c03a24-7224-d560-030e-7a742064eb2c"; DeviceName = "Tesla V100S-PCIE-32GB"; CoresPerCU = 64; ECCEnabled = true; ComputeUnits = 80; ClockMhz = 1597.0; Id = "GPU-39c03a24"; DevicePciBusId = "0000:07:00.0"; Capability = 7.0 ]
	Memory = 2000
...
006 (4558790.004.000) 07/31 12:57:01 Image size of job updated: 107940
	105  -  MemoryUsage of job (MB)
	107468  -  ResidentSetSize of job (KB)
...
006 (4558790.004.000) 07/31 12:57:14 Image size of job updated: 460424
	105  -  MemoryUsage of job (MB)
	107468  -  ResidentSetSize of job (KB)
...
040 (4558790.004.000) 07/31 12:57:14 Started transferring output files
...
040 (4558790.004.000) 07/31 12:57:15 Finished transferring output files
...
005 (4558790.004.000) 07/31 12:57:15 Job terminated.
	(1) Normal termination (return value 0)
		Usr 0 00:00:08, Sys 0 00:00:03  -  Run Remote Usage
		Usr 0 00:00:00, Sys 0 00:00:00  -  Run Local Usage
		Usr 0 00:00:08, Sys 0 00:00:03  -  Total Remote Usage
		Usr 0 00:00:00, Sys 0 00:00:00  -  Total Local Usage
	8528  -  Run Bytes Sent By Job
	250  -  Run Bytes Received By Job
	8528  -  Total Bytes Sent By Job
	250  -  Total Bytes Received By Job
	Partitionable Resources :    Usage  Request Allocated Assigned
	   Cpus                 :                 1         1 
	   Disk (KB)            :       24        1    169578 
	   Gpus (Average)       :                 1         1 "GPU-39c03a24"
	   Memory (MB)          :      105     2000      2000 

	Job terminated of its own accord at 2024-07-31T10:57:14Z with exit-code 0.
...
000 (4558799.004.000) 07/31 13:36:26 Job submitted from host: <188.185.16.120:9618?addrs=188.185.16.120-9618+[2001-1458-d00-65--100-39b]-9618&alias=bigbird27.cern.ch&noUDP&sock=schedd_24013_7fc8>
...
040 (4558799.004.000) 07/31 13:38:51 Started transferring input files
	Transferring to host: <188.184.195.242:9618?addrs=188.184.195.242-9618+[2001-1458-301-72--100-1f9]-9618&alias=b9g47n8171.cern.ch&noUDP&sock=slot1_1_989424_7724_62806>
...
040 (4558799.004.000) 07/31 13:38:51 Finished transferring input files
...
001 (4558799.004.000) 07/31 13:38:52 Job executing on host: <188.184.195.242:9618?addrs=188.184.195.242-9618+[2001-1458-301-72--100-1f9]-9618&alias=b9g47n8171.cern.ch&noUDP&sock=startd_15841_2fd7>
	SlotName: slot1_1@b9g47n8171.cern.ch
	AvailableGPUs = { GPUs_GPU_b66aaef1 }
	CondorScratchDir = "/pool/condor/dir_1632208"
	Cpus = 1
	Disk = 176005
	GPUs = 1
	GPUs_GPU_b66aaef1 = [ GlobalMemoryMb = 32494; MaxSupportedVersion = 12040; DriverVersion = 12.4; DeviceUuid = "b66aaef1-7a45-dc3a-20b9-6fc19b6dfe68"; DeviceName = "Tesla V100S-PCIE-32GB"; CoresPerCU = 64; ECCEnabled = true; ComputeUnits = 80; ClockMhz = 1597.0; Id = "GPU-b66aaef1"; DevicePciBusId = "0000:07:00.0"; Capability = 7.0 ]
	Memory = 2000
...
006 (4558799.004.000) 07/31 13:39:00 Image size of job updated: 107780
	105  -  MemoryUsage of job (MB)
	107404  -  ResidentSetSize of job (KB)
...
006 (4558799.004.000) 07/31 13:39:12 Image size of job updated: 460300
	105  -  MemoryUsage of job (MB)
	107404  -  ResidentSetSize of job (KB)
...
040 (4558799.004.000) 07/31 13:39:12 Started transferring output files
...
040 (4558799.004.000) 07/31 13:39:12 Finished transferring output files
...
005 (4558799.004.000) 07/31 13:39:12 Job terminated.
	(1) Normal termination (return value 0)
		Usr 0 00:00:07, Sys 0 00:00:02  -  Run Remote Usage
		Usr 0 00:00:00, Sys 0 00:00:00  -  Run Local Usage
		Usr 0 00:00:07, Sys 0 00:00:02  -  Total Remote Usage
		Usr 0 00:00:00, Sys 0 00:00:00  -  Total Local Usage
	7118  -  Run Bytes Sent By Job
	253  -  Run Bytes Received By Job
	7118  -  Total Bytes Sent By Job
	253  -  Total Bytes Received By Job
	Partitionable Resources :    Usage  Request Allocated Assigned
	   Cpus                 :                 1         1 
	   Disk (KB)            :       23        1    176005 
	   Gpus (Average)       :                 1         1 "GPU-b66aaef1"
	   Memory (MB)          :      105     2000      2000 

	Job terminated of its own accord at 2024-07-31T11:39:12Z with exit-code 0.
...
