000 (4106318.005.000) 06/12 06:30:59 Job submitted from host: <188.185.16.120:9618?addrs=188.185.16.120-9618+[2001-1458-d00-65--100-39b]-9618&alias=bigbird27.cern.ch&noUDP&sock=schedd_24013_7fc8>
...
040 (4106318.005.000) 06/12 06:31:43 Started transferring input files
	Transferring to host: <188.184.195.156:9618?addrs=188.184.195.156-9618+[2001-1458-301-72--100-74]-9618&alias=b9g47n2206.cern.ch&noUDP&sock=slot1_1_561778_2bf6_30031>
...
040 (4106318.005.000) 06/12 06:31:43 Finished transferring input files
...
001 (4106318.005.000) 06/12 06:31:44 Job executing on host: <188.184.195.156:9618?addrs=188.184.195.156-9618+[2001-1458-301-72--100-74]-9618&alias=b9g47n2206.cern.ch&noUDP&sock=startd_1318856_18c3>
	SlotName: slot1_1@b9g47n2206.cern.ch
	AvailableGPUs = { GPUs_GPU_8692f1ae }
	CondorScratchDir = "/pool/condor/dir_2591650"
	Cpus = 1
	Disk = 173761
	GPUs = 1
	GPUs_GPU_8692f1ae = [ GlobalMemoryMb = 32494; MaxSupportedVersion = 12040; DriverVersion = 12.4; DeviceUuid = "8692f1ae-2f64-25cc-077a-fccf8f069c06"; DeviceName = "Tesla V100S-PCIE-32GB"; CoresPerCU = 64; ECCEnabled = true; ComputeUnits = 80; ClockMhz = 1597.0; Id = "GPU-8692f1ae"; DevicePciBusId = "0000:07:00.0"; Capability = 7.0 ]
	Memory = 2000
...
006 (4106318.005.000) 06/12 06:31:48 Image size of job updated: 60168
	35  -  MemoryUsage of job (MB)
	34856  -  ResidentSetSize of job (KB)
...
040 (4106318.005.000) 06/12 06:31:48 Started transferring output files
...
040 (4106318.005.000) 06/12 06:31:48 Finished transferring output files
...
005 (4106318.005.000) 06/12 06:31:48 Job terminated.
	(1) Normal termination (return value 126)
		Usr 0 00:00:00, Sys 0 00:00:00  -  Run Remote Usage
		Usr 0 00:00:00, Sys 0 00:00:00  -  Run Local Usage
		Usr 0 00:00:00, Sys 0 00:00:00  -  Total Remote Usage
		Usr 0 00:00:00, Sys 0 00:00:00  -  Total Local Usage
	5709  -  Run Bytes Sent By Job
	231  -  Run Bytes Received By Job
	5709  -  Total Bytes Sent By Job
	231  -  Total Bytes Received By Job
	Partitionable Resources :    Usage  Request Allocated Assigned
	   Cpus                 :                 1         1 
	   Disk (KB)            :       20        1    173761 
	   Gpus (Average)       :                 1         1 "GPU-8692f1ae"
	   Memory (MB)          :       35     2000      2000 

	Job terminated of its own accord at 2024-06-12T04:31:48Z with exit-code 126.
...
000 (4121424.005.000) 06/13 12:36:20 Job submitted from host: <188.185.16.120:9618?addrs=188.185.16.120-9618+[2001-1458-d00-65--100-39b]-9618&alias=bigbird27.cern.ch&noUDP&sock=schedd_24013_7fc8>
...
040 (4121424.005.000) 06/13 12:37:04 Started transferring input files
	Transferring to host: <128.142.241.88:9618?addrs=128.142.241.88-9618+[2001-1458-301-ce--100-183]-9618&alias=b9g47n2314.cern.ch&noUDP&sock=slot1_1_49099_6fe6_28558>
...
040 (4121424.005.000) 06/13 12:37:04 Finished transferring input files
...
001 (4121424.005.000) 06/13 12:37:05 Job executing on host: <128.142.241.88:9618?addrs=128.142.241.88-9618+[2001-1458-301-ce--100-183]-9618&alias=b9g47n2314.cern.ch&noUDP&sock=startd_16350_518b>
	SlotName: slot1_1@b9g47n2314.cern.ch
	AvailableGPUs = { GPUs_GPU_3d41bc53 }
	CondorScratchDir = "/pool/condor/dir_81151"
	Cpus = 1
	Disk = 469413
	GPUs = 1
	GPUs_GPU_3d41bc53 = [ GlobalMemoryMb = 32494; MaxSupportedVersion = 12040; DriverVersion = 12.4; DeviceName = "Tesla V100-PCIE-32GB"; CoresPerCU = 64; ECCEnabled = true; ComputeUnits = 80; ClockMhz = 1380.0; Id = "GPU-3d41bc53"; Capability = 7.0; DevicePciBusId = "0000:07:00.0"; DeviceUuid = "3d41bc53-1e61-dbf2-2a1c-0eafae9e0a08" ]
	Memory = 2000
...
006 (4121424.005.000) 06/13 12:37:13 Image size of job updated: 45809420
	506  -  MemoryUsage of job (MB)
	517516  -  ResidentSetSize of job (KB)
...
006 (4121424.005.000) 06/13 12:37:14 Image size of job updated: 45809420
	520  -  MemoryUsage of job (MB)
	531556  -  ResidentSetSize of job (KB)
...
040 (4121424.005.000) 06/13 12:37:14 Started transferring output files
...
040 (4121424.005.000) 06/13 12:37:15 Finished transferring output files
...
005 (4121424.005.000) 06/13 12:37:15 Job terminated.
	(1) Normal termination (return value 126)
		Usr 8 15:29:41, Sys 5 15:36:12  -  Run Remote Usage
		Usr 0 00:00:00, Sys 0 00:00:00  -  Run Local Usage
		Usr 8 15:29:41, Sys 5 15:36:12  -  Total Remote Usage
		Usr 0 00:00:00, Sys 0 00:00:00  -  Total Local Usage
	5253  -  Run Bytes Sent By Job
	231  -  Run Bytes Received By Job
	5253  -  Total Bytes Sent By Job
	231  -  Total Bytes Received By Job
	Partitionable Resources :    Usage  Request Allocated Assigned
	   Cpus                 :                 1         1 
	   Disk (KB)            :       20        1    469413 
	   Gpus (Average)       :                 1         1 "GPU-3d41bc53"
	   Memory (MB)          :      520     2000      2000 

	Job terminated of its own accord at 2024-06-13T10:37:14Z with exit-code 126.
...
000 (4121464.005.000) 06/13 12:45:46 Job submitted from host: <188.185.16.120:9618?addrs=188.185.16.120-9618+[2001-1458-d00-65--100-39b]-9618&alias=bigbird27.cern.ch&noUDP&sock=schedd_24013_7fc8>
...
040 (4121464.005.000) 06/13 12:46:07 Started transferring input files
	Transferring to host: <128.142.241.88:9618?addrs=128.142.241.88-9618+[2001-1458-301-ce--100-183]-9618&alias=b9g47n2314.cern.ch&noUDP&sock=slot1_1_49099_6fe6_28570>
...
040 (4121464.005.000) 06/13 12:46:07 Finished transferring input files
...
001 (4121464.005.000) 06/13 12:46:08 Job executing on host: <128.142.241.88:9618?addrs=128.142.241.88-9618+[2001-1458-301-ce--100-183]-9618&alias=b9g47n2314.cern.ch&noUDP&sock=startd_16350_518b>
	SlotName: slot1_1@b9g47n2314.cern.ch
	AvailableGPUs = { GPUs_GPU_3d41bc53 }
	CondorScratchDir = "/pool/condor/dir_86809"
	Cpus = 1
	Disk = 469017
	GPUs = 1
	GPUs_GPU_3d41bc53 = [ GlobalMemoryMb = 32494; MaxSupportedVersion = 12040; DriverVersion = 12.4; DeviceName = "Tesla V100-PCIE-32GB"; CoresPerCU = 64; ECCEnabled = true; ComputeUnits = 80; ClockMhz = 1380.0; Id = "GPU-3d41bc53"; Capability = 7.0; DevicePciBusId = "0000:07:00.0"; DeviceUuid = "3d41bc53-1e61-dbf2-2a1c-0eafae9e0a08" ]
	Memory = 2000
...
006 (4121464.005.000) 06/13 12:46:16 Image size of job updated: 45809420
	602  -  MemoryUsage of job (MB)
	615968  -  ResidentSetSize of job (KB)
...
006 (4121464.005.000) 06/13 12:46:56 Image size of job updated: 45809420
	958  -  MemoryUsage of job (MB)
	980148  -  ResidentSetSize of job (KB)
...
040 (4121464.005.000) 06/13 12:46:56 Started transferring output files
...
040 (4121464.005.000) 06/13 12:46:56 Finished transferring output files
...
005 (4121464.005.000) 06/13 12:46:56 Job terminated.
	(1) Normal termination (return value 0)
		Usr 8 15:30:20, Sys 5 15:36:42  -  Run Remote Usage
		Usr 0 00:00:00, Sys 0 00:00:00  -  Run Local Usage
		Usr 8 15:30:20, Sys 5 15:36:42  -  Total Remote Usage
		Usr 0 00:00:00, Sys 0 00:00:00  -  Total Local Usage
	8866  -  Run Bytes Sent By Job
	231  -  Run Bytes Received By Job
	8866  -  Total Bytes Sent By Job
	231  -  Total Bytes Received By Job
	Partitionable Resources :    Usage  Request Allocated Assigned
	   Cpus                 :                 1         1 
	   Disk (KB)            :       23        1    469017 
	   Gpus (Average)       :                 1         1 "GPU-3d41bc53"
	   Memory (MB)          :      958     2000      2000 

	Job terminated of its own accord at 2024-06-13T10:46:56Z with exit-code 0.
...
000 (4558790.005.000) 07/31 12:46:51 Job submitted from host: <188.185.16.120:9618?addrs=188.185.16.120-9618+[2001-1458-d00-65--100-39b]-9618&alias=bigbird27.cern.ch&noUDP&sock=schedd_24013_7fc8>
...
040 (4558790.005.000) 07/31 12:57:43 Started transferring input files
	Transferring to host: <188.184.195.242:9618?addrs=188.184.195.242-9618+[2001-1458-301-72--100-1f9]-9618&alias=b9g47n8171.cern.ch&noUDP&sock=slot1_1_989424_7724_62733>
...
040 (4558790.005.000) 07/31 12:57:43 Finished transferring input files
...
001 (4558790.005.000) 07/31 12:57:44 Job executing on host: <188.184.195.242:9618?addrs=188.184.195.242-9618+[2001-1458-301-72--100-1f9]-9618&alias=b9g47n8171.cern.ch&noUDP&sock=startd_15841_2fd7>
	SlotName: slot1_1@b9g47n8171.cern.ch
	AvailableGPUs = { GPUs_GPU_b66aaef1 }
	CondorScratchDir = "/pool/condor/dir_1622801"
	Cpus = 1
	Disk = 168297
	GPUs = 1
	GPUs_GPU_b66aaef1 = [ GlobalMemoryMb = 32494; MaxSupportedVersion = 12040; DriverVersion = 12.4; DeviceUuid = "b66aaef1-7a45-dc3a-20b9-6fc19b6dfe68"; DeviceName = "Tesla V100S-PCIE-32GB"; CoresPerCU = 64; ECCEnabled = true; ComputeUnits = 80; ClockMhz = 1597.0; Id = "GPU-b66aaef1"; DevicePciBusId = "0000:07:00.0"; Capability = 7.0 ]
	Memory = 2000
...
006 (4558790.005.000) 07/31 12:57:52 Image size of job updated: 73588
	32  -  MemoryUsage of job (MB)
	32276  -  ResidentSetSize of job (KB)
...
006 (4558790.005.000) 07/31 12:58:25 Image size of job updated: 964552
	498  -  MemoryUsage of job (MB)
	509660  -  ResidentSetSize of job (KB)
...
040 (4558790.005.000) 07/31 12:58:25 Started transferring output files
...
040 (4558790.005.000) 07/31 12:58:25 Finished transferring output files
...
005 (4558790.005.000) 07/31 12:58:25 Job terminated.
	(1) Normal termination (return value 0)
		Usr 0 00:00:07, Sys 0 00:00:04  -  Run Remote Usage
		Usr 0 00:00:00, Sys 0 00:00:00  -  Run Local Usage
		Usr 0 00:00:07, Sys 0 00:00:04  -  Total Remote Usage
		Usr 0 00:00:00, Sys 0 00:00:00  -  Total Local Usage
	8528  -  Run Bytes Sent By Job
	250  -  Run Bytes Received By Job
	8528  -  Total Bytes Sent By Job
	250  -  Total Bytes Received By Job
	Partitionable Resources :    Usage  Request Allocated Assigned
	   Cpus                 :                 1         1 
	   Disk (KB)            :       24        1    168297 
	   Gpus (Average)       :                 1         1 "GPU-b66aaef1"
	   Memory (MB)          :      498     2000      2000 

	Job terminated of its own accord at 2024-07-31T10:58:25Z with exit-code 0.
...
000 (4558799.005.000) 07/31 13:36:26 Job submitted from host: <188.185.16.120:9618?addrs=188.185.16.120-9618+[2001-1458-d00-65--100-39b]-9618&alias=bigbird27.cern.ch&noUDP&sock=schedd_24013_7fc8>
...
040 (4558799.005.000) 07/31 13:39:22 Started transferring input files
	Transferring to host: <188.184.195.242:9618?addrs=188.184.195.242-9618+[2001-1458-301-72--100-1f9]-9618&alias=b9g47n8171.cern.ch&noUDP&sock=slot1_1_989424_7724_62807>
...
040 (4558799.005.000) 07/31 13:39:22 Finished transferring input files
...
001 (4558799.005.000) 07/31 13:39:23 Job executing on host: <188.184.195.242:9618?addrs=188.184.195.242-9618+[2001-1458-301-72--100-1f9]-9618&alias=b9g47n8171.cern.ch&noUDP&sock=startd_15841_2fd7>
	SlotName: slot1_1@b9g47n8171.cern.ch
	AvailableGPUs = { GPUs_GPU_b66aaef1 }
	CondorScratchDir = "/pool/condor/dir_1632546"
	Cpus = 1
	Disk = 176005
	GPUs = 1
	GPUs_GPU_b66aaef1 = [ GlobalMemoryMb = 32494; MaxSupportedVersion = 12040; DriverVersion = 12.4; DeviceUuid = "b66aaef1-7a45-dc3a-20b9-6fc19b6dfe68"; DeviceName = "Tesla V100S-PCIE-32GB"; CoresPerCU = 64; ECCEnabled = true; ComputeUnits = 80; ClockMhz = 1597.0; Id = "GPU-b66aaef1"; DevicePciBusId = "0000:07:00.0"; Capability = 7.0 ]
	Memory = 2000
...
006 (4558799.005.000) 07/31 13:39:31 Image size of job updated: 108108
	106  -  MemoryUsage of job (MB)
	107620  -  ResidentSetSize of job (KB)
...
006 (4558799.005.000) 07/31 13:39:43 Image size of job updated: 460168
	106  -  MemoryUsage of job (MB)
	107620  -  ResidentSetSize of job (KB)
...
040 (4558799.005.000) 07/31 13:39:43 Started transferring output files
...
040 (4558799.005.000) 07/31 13:39:43 Finished transferring output files
...
005 (4558799.005.000) 07/31 13:39:43 Job terminated.
	(1) Normal termination (return value 0)
		Usr 0 00:00:07, Sys 0 00:00:03  -  Run Remote Usage
		Usr 0 00:00:00, Sys 0 00:00:00  -  Run Local Usage
		Usr 0 00:00:07, Sys 0 00:00:03  -  Total Remote Usage
		Usr 0 00:00:00, Sys 0 00:00:00  -  Total Local Usage
	7121  -  Run Bytes Sent By Job
	253  -  Run Bytes Received By Job
	7121  -  Total Bytes Sent By Job
	253  -  Total Bytes Received By Job
	Partitionable Resources :    Usage  Request Allocated Assigned
	   Cpus                 :                 1         1 
	   Disk (KB)            :       23        1    176005 
	   Gpus (Average)       :                 1         1 "GPU-b66aaef1"
	   Memory (MB)          :      106     2000      2000 

	Job terminated of its own accord at 2024-07-31T11:39:43Z with exit-code 0.
...
